[0.013s] Invoking command in '/home/cl4y3r/VDS/build/chassis_controller': CMAKE_PREFIX_PATH=${CMAKE_PREFIX_PATH}:/opt/ros/foxy /usr/bin/cmake --build /home/cl4y3r/VDS/build/chassis_controller -- -j8 -l8
[0.050s] [35m[1mScanning dependencies of target chassis_controller[0m
[0.074s] [ 50%] [32mBuilding CXX object CMakeFiles/chassis_controller.dir/src/chassis_controller.cpp.o[0m
[1.682s] [01m[K/home/cl4y3r/VDS/chassis_controller/src/chassis_controller.cpp:[m[K In function â€˜[01m[Kvoid msg_subscriber(const ConstSharedPtr&, const ConstSharedPtr&, const ConstSharedPtr&, const ConstSharedPtr&, const ConstSharedPtr&)[m[Kâ€™:
[1.683s] [01m[K/home/cl4y3r/VDS/chassis_controller/src/chassis_controller.cpp:36:5:[m[K [01;31m[Kerror: [m[Kâ€˜[01m[Kvx[m[Kâ€™ was not declared in this scope
[1.683s]    36 |     [01;31m[Kvx[m[K = canbus_msg->speed_mps;
[1.683s]       |     [01;31m[K^~[m[K
[1.684s] [01m[K/home/cl4y3r/VDS/chassis_controller/src/chassis_controller.cpp:37:5:[m[K [01;31m[Kerror: [m[Kâ€˜[01m[Kvy[m[Kâ€™ was not declared in this scope
[1.684s]    37 |     [01;31m[Kvy[m[K = 0; //unused for now
[1.684s]       |     [01;31m[K^~[m[K
[1.685s] [01m[K/home/cl4y3r/VDS/chassis_controller/src/chassis_controller.cpp:38:5:[m[K [01;31m[Kerror: [m[Kâ€˜[01m[Kphi_p[m[Kâ€™ was not declared in this scope
[1.685s]    38 |     [01;31m[Kphi_p[m[K = imu_msg->angular_velocity.z;
[1.685s]       |     [01;31m[K^~~~~[m[K
[1.686s] [01m[K/home/cl4y3r/VDS/chassis_controller/src/chassis_controller.cpp:40:5:[m[K [01;31m[Kerror: [m[Kâ€˜[01m[Kphi[m[Kâ€™ was not declared in this scope
[1.686s]    40 |     [01;31m[Kphi[m[K = imu_msg->orientation.z; //wrong! need to calculate from quaternion!
[1.686s]       |     [01;31m[K^~~[m[K
[1.687s] [01m[K/home/cl4y3r/VDS/chassis_controller/src/chassis_controller.cpp:41:5:[m[K [01;31m[Kerror: [m[Kâ€˜[01m[Kx[m[Kâ€™ was not declared in this scope
[1.687s]    41 |     [01;31m[Kx[m[K = -gps_msg->pose.pose.position.y; //to be modified
[1.687s]       |     [01;31m[K^[m[K
[1.688s] [01m[K/home/cl4y3r/VDS/chassis_controller/src/chassis_controller.cpp:42:5:[m[K [01;31m[Kerror: [m[Kâ€˜[01m[Ky[m[Kâ€™ was not declared in this scope; did you mean â€˜[01m[Kyn[m[Kâ€™?
[1.688s]    42 |     [01;31m[Ky[m[K = gps_msg->pose.pose.position.x; //to be modified
[1.688s]       |     [01;31m[K^[m[K
[1.688s]       |     [32m[Kyn[m[K
[1.689s] [01m[K/home/cl4y3r/VDS/chassis_controller/src/chassis_controller.cpp:43:5:[m[K [01;31m[Kerror: [m[Kâ€˜[01m[Kdelta[m[Kâ€™ was not declared in this scope
[1.689s]    43 |     [01;31m[Kdelta[m[K = odometry_msg->front_wheel_angle;
[1.689s]       |     [01;31m[K^~~~~[m[K
[1.690s] [01m[K/home/cl4y3r/VDS/chassis_controller/src/chassis_controller.cpp:44:5:[m[K [01;31m[Kerror: [m[Kâ€˜[01m[Kax[m[Kâ€™ was not declared in this scope
[1.690s]    44 |     [01;31m[Kax[m[K = imu_msg->linear_acceleration.x;
[1.690s]       |     [01;31m[K^~[m[K
[1.691s] [01m[K/home/cl4y3r/VDS/chassis_controller/src/chassis_controller.cpp:45:5:[m[K [01;31m[Kerror: [m[Kâ€˜[01m[Kay[m[Kâ€™ was not declared in this scope
[1.691s]    45 |     [01;31m[Kay[m[K = imu_msg->linear_acceleration.y;
[1.691s]       |     [01;31m[K^~[m[K
[1.692s] [01m[K/home/cl4y3r/VDS/chassis_controller/src/chassis_controller.cpp:46:5:[m[K [01;31m[Kerror: [m[Kâ€˜[01m[Ksteer_angle[m[Kâ€™ was not declared in this scope
[1.693s]    46 |     [01;31m[Ksteer_angle[m[K = odometry_msg->front_wheel_angle;
[1.693s]       |     [01;31m[K^~~~~~~~~~~[m[K
[1.693s] In file included from [01m[K/opt/ros/foxy/include/rclcpp/service.hpp:34[m[K,
[1.693s]                  from [01m[K/opt/ros/foxy/include/rclcpp/callback_group.hpp:25[m[K,
[1.693s]                  from [01m[K/opt/ros/foxy/include/rclcpp/any_executable.hpp:20[m[K,
[1.693s]                  from [01m[K/opt/ros/foxy/include/rclcpp/memory_strategy.hpp:24[m[K,
[1.693s]                  from [01m[K/opt/ros/foxy/include/rclcpp/memory_strategies.hpp:18[m[K,
[1.693s]                  from [01m[K/opt/ros/foxy/include/rclcpp/executor_options.hpp:20[m[K,
[1.693s]                  from [01m[K/opt/ros/foxy/include/rclcpp/executor.hpp:33[m[K,
[1.693s]                  from [01m[K/opt/ros/foxy/include/rclcpp/executors/multi_threaded_executor.hpp:26[m[K,
[1.693s]                  from [01m[K/opt/ros/foxy/include/rclcpp/executors.hpp:21[m[K,
[1.693s]                  from [01m[K/opt/ros/foxy/include/rclcpp/rclcpp.hpp:146[m[K,
[1.694s]                  from [01m[K/opt/ros/foxy/include/message_filters/subscriber.h:38[m[K,
[1.694s]                  from [01m[K/home/cl4y3r/VDS/chassis_controller/include/chassis_controller/chassis_controller.hpp:6[m[K,
[1.694s]                  from [01m[K/home/cl4y3r/VDS/chassis_controller/src/chassis_controller.cpp:1[m[K:
[1.694s] [01m[K/home/cl4y3r/VDS/chassis_controller/src/chassis_controller.cpp:50:17:[m[K [01;31m[Kerror: [m[Kinvalid use of â€˜[01m[Kthis[m[Kâ€™ in non-member function
[1.694s]    50 |     RCLCPP_INFO([01;31m[Kthis[m[K->get_logger(), "PositionX: %f [m], PositionY: %f [m]", x, y);
[1.694s]       |                 [01;31m[K^~~~[m[K
[1.694s] [01m[K/home/cl4y3r/VDS/chassis_controller/src/chassis_controller.cpp:50:17:[m[K [01;31m[Kerror: [m[Kinvalid use of â€˜[01m[Kthis[m[Kâ€™ in non-member function
[1.694s] [01m[K/home/cl4y3r/VDS/chassis_controller/src/chassis_controller.cpp:50:5:[m[K [01;31m[Kerror: [m[Ktemplate argument 1 is invalid
[1.694s]    50 |     [01;31m[KRCLCPP_INFO[m[K(this->get_logger(), "PositionX: %f [m], PositionY: %f [m]", x, y);
[1.694s]       |     [01;31m[K^~~~~~~~~~~[m[K
[1.694s] [01m[K/home/cl4y3r/VDS/chassis_controller/src/chassis_controller.cpp:50:5:[m[K [01;31m[Kerror: [m[Ktemplate argument 1 is invalid
[1.694s]    50 |     [01;31m[KRCLCPP_INFO[m[K(this->get_logger(), "PositionX: %f [m], PositionY: %f [m]", x, y);
[1.694s]       |     [01;31m[K^~~~~~~~~~~[m[K
[1.694s] [01m[K/home/cl4y3r/VDS/chassis_controller/src/chassis_controller.cpp:50:5:[m[K [01;31m[Kerror: [m[Ktemplate argument 1 is invalid
[1.694s]    50 |     [01;31m[KRCLCPP_INFO[m[K(this->get_logger(), "PositionX: %f [m], PositionY: %f [m]", x, y);
[1.695s]       |     [01;31m[K^~~~~~~~~~~[m[K
[1.695s] In file included from [01m[K/opt/ros/foxy/include/rclcpp/client.hpp:40[m[K,
[1.695s]                  from [01m[K/opt/ros/foxy/include/rclcpp/callback_group.hpp:23[m[K,
[1.695s]                  from [01m[K/opt/ros/foxy/include/rclcpp/any_executable.hpp:20[m[K,
[1.695s]                  from [01m[K/opt/ros/foxy/include/rclcpp/memory_strategy.hpp:24[m[K,
[1.695s]                  from [01m[K/opt/ros/foxy/include/rclcpp/memory_strategies.hpp:18[m[K,
[1.695s]                  from [01m[K/opt/ros/foxy/include/rclcpp/executor_options.hpp:20[m[K,
[1.695s]                  from [01m[K/opt/ros/foxy/include/rclcpp/executor.hpp:33[m[K,
[1.695s]                  from [01m[K/opt/ros/foxy/include/rclcpp/executors/multi_threaded_executor.hpp:26[m[K,
[1.695s]                  from [01m[K/opt/ros/foxy/include/rclcpp/executors.hpp:21[m[K,
[1.695s]                  from [01m[K/opt/ros/foxy/include/rclcpp/rclcpp.hpp:146[m[K,
[1.695s]                  from [01m[K/opt/ros/foxy/include/message_filters/subscriber.h:38[m[K,
[1.695s]                  from [01m[K/home/cl4y3r/VDS/chassis_controller/include/chassis_controller/chassis_controller.hpp:6[m[K,
[1.695s]                  from [01m[K/home/cl4y3r/VDS/chassis_controller/src/chassis_controller.cpp:1[m[K:
[1.695s] [01m[K/home/cl4y3r/VDS/chassis_controller/src/chassis_controller.cpp:50:17:[m[K [01;31m[Kerror: [m[Kinvalid use of â€˜[01m[Kthis[m[Kâ€™ in non-member function
[1.696s]    50 |     RCLCPP_INFO([01;31m[Kthis[m[K->get_logger(), "PositionX: %f [m], PositionY: %f [m]", x, y);
[1.696s]       |                 [01;31m[K^~~~[m[K
[1.696s] [01m[K/home/cl4y3r/VDS/chassis_controller/src/chassis_controller.cpp:50:17:[m[K [01;31m[Kerror: [m[Kinvalid use of â€˜[01m[Kthis[m[Kâ€™ in non-member function
[1.696s]    50 |     RCLCPP_INFO([01;31m[Kthis[m[K->get_logger(), "PositionX: %f [m], PositionY: %f [m]", x, y);
[1.696s]       |                 [01;31m[K^~~~[m[K
[1.696s] [01m[K/home/cl4y3r/VDS/chassis_controller/src/chassis_controller.cpp:33:72:[m[K [01;35m[Kwarning: [m[Kunused parameter â€˜[01m[Knew_gps_msg[m[Kâ€™ [[01;35m[K-Wunused-parameter[m[K]
[1.696s]    33 |                 [01;35m[Kconst sensor_msgs::msg::NavSatFix::ConstSharedPtr& new_gps_msg[m[K)
[1.696s]       |                 [01;35m[K~~~~~~~~~~~~~~~~~~~~~~~~~~~~~~~~~~~~~~~~~~~~~~~~~~~^~~~~~~~~~~[m[K
[1.696s] 
[1.707s] [01m[K/home/cl4y3r/VDS/chassis_controller/src/chassis_controller.cpp:[m[K In member function â€˜[01m[Kdouble ChassisController::longitudinal_controller(double, double)[m[Kâ€™:
[1.707s] [01m[K/home/cl4y3r/VDS/chassis_controller/src/chassis_controller.cpp:71:58:[m[K [01;35m[Kwarning: [m[Kunused parameter â€˜[01m[Kvelocity_x[m[Kâ€™ [[01;35m[K-Wunused-parameter[m[K]
[1.707s]    71 | double ChassisController::longitudinal_controller([01;35m[Kdouble velocity_x[m[K, double acc_x)
[1.707s]       |                                                   [01;35m[K~~~~~~~^~~~~~~~~~[m[K
[1.708s] [01m[K/home/cl4y3r/VDS/chassis_controller/src/chassis_controller.cpp:71:77:[m[K [01;35m[Kwarning: [m[Kunused parameter â€˜[01m[Kacc_x[m[Kâ€™ [[01;35m[K-Wunused-parameter[m[K]
[1.708s]    71 | ontroller::longitudinal_controller(double velocity_x, [01;35m[Kdouble acc_x[m[K)
[1.708s]       |                                                       [01;35m[K~~~~~~~^~~~~[m[K
[1.708s] 
[1.708s] [01m[K/home/cl4y3r/VDS/chassis_controller/src/chassis_controller.cpp:[m[K In member function â€˜[01m[Kdouble ChassisController::lateral_controller(double, double, double, double, double)[m[Kâ€™:
[1.708s] [01m[K/home/cl4y3r/VDS/chassis_controller/src/chassis_controller.cpp:76:53:[m[K [01;35m[Kwarning: [m[Kunused parameter â€˜[01m[Kyaw[m[Kâ€™ [[01;35m[K-Wunused-parameter[m[K]
[1.708s]    76 | double ChassisController::lateral_controller([01;35m[Kdouble yaw[m[K, double yaw_rate, double pos_x, double pos_y, double velocity_x)
[1.708s]       |                                              [01;35m[K~~~~~~~^~~[m[K
[1.708s] [01m[K/home/cl4y3r/VDS/chassis_controller/src/chassis_controller.cpp:76:65:[m[K [01;35m[Kwarning: [m[Kunused parameter â€˜[01m[Kyaw_rate[m[Kâ€™ [[01;35m[K-Wunused-parameter[m[K]
[1.708s]    76 | ble ChassisController::lateral_controller(double yaw, [01;35m[Kdouble yaw_rate[m[K, double pos_x, double pos_y, double velocity_x)
[1.708s]       |                                                       [01;35m[K~~~~~~~^~~~~~~~[m[K
[1.708s] 
[1.708s] [01m[K/home/cl4y3r/VDS/chassis_controller/src/chassis_controller.cpp:76:82:[m[K [01;35m[Kwarning: [m[Kunused parameter â€˜[01m[Kpos_x[m[Kâ€™ [[01;35m[K-Wunused-parameter[m[K]
[1.708s]    76 | ller::lateral_controller(double yaw, double yaw_rate, [01;35m[Kdouble pos_x[m[K, double pos_y, double velocity_x)
[1.708s]       |                                                       [01;35m[K~~~~~~~^~~~~[m[K
[1.708s] 
[1.708s] [01m[K/home/cl4y3r/VDS/chassis_controller/src/chassis_controller.cpp:76:96:[m[K [01;35m[Kwarning: [m[Kunused parameter â€˜[01m[Kpos_y[m[Kâ€™ [[01;35m[K-Wunused-parameter[m[K]
[1.709s]    76 | controller(double yaw, double yaw_rate, double pos_x, [01;35m[Kdouble pos_y[m[K, double velocity_x)
[1.709s]       |                                                       [01;35m[K~~~~~~~^~~~~[m[K
[1.709s] 
[1.709s] [01m[K/home/cl4y3r/VDS/chassis_controller/src/chassis_controller.cpp:76:110:[m[K [01;35m[Kwarning: [m[Kunused parameter â€˜[01m[Kvelocity_x[m[Kâ€™ [[01;35m[K-Wunused-parameter[m[K]
[1.709s]    76 | ler(double yaw, double yaw_rate, double pos_x, double pos_y, [01;35m[Kdouble velocity_x[m[K)
[1.709s]       |                                                              [01;35m[K~~~~~~~^~~~~~~~~~[m[K
[1.709s] 
[6.643s] make[2]: *** [CMakeFiles/chassis_controller.dir/build.make:63: CMakeFiles/chassis_controller.dir/src/chassis_controller.cpp.o] Error 1
[6.643s] make[1]: *** [CMakeFiles/Makefile2:78: CMakeFiles/chassis_controller.dir/all] Error 2
[6.643s] make: *** [Makefile:141: all] Error 2
[6.645s] Invoked command in '/home/cl4y3r/VDS/build/chassis_controller' returned '2': CMAKE_PREFIX_PATH=${CMAKE_PREFIX_PATH}:/opt/ros/foxy /usr/bin/cmake --build /home/cl4y3r/VDS/build/chassis_controller -- -j8 -l8
