[35m[1mScanning dependencies of target chassis_controller[0m
[ 50%] [32mBuilding CXX object CMakeFiles/chassis_controller.dir/src/chassis_controller.cpp.o[0m
[01m[K/home/cl4y3r/VDS/chassis_controller/src/chassis_controller.cpp:[m[K In member function â€˜[01m[Kvoid ChassisController::msg_subscriber(const ConstSharedPtr&, const ConstSharedPtr&, const ConstSharedPtr&)[m[Kâ€™:
[01m[K/home/cl4y3r/VDS/chassis_controller/src/chassis_controller.cpp:35:23:[m[K [01;31m[Kerror: [m[Kâ€˜[01m[Kusing element_type = const struct sensor_msgs::msg::Imu_<std::allocator<void> >[m[Kâ€™ {aka â€˜[01m[Kconst struct sensor_msgs::msg::Imu_<std::allocator<void> >[m[Kâ€™} has no member named â€˜[01m[Kimu_msg[m[Kâ€™
   35 |     yaw_rate=imu_msg->[01;31m[Kimu_msg[m[K->angular_velocity.z;
      |                       [01;31m[K^~~~~~~[m[K
[01m[K/home/cl4y3r/VDS/chassis_controller/src/chassis_controller.cpp:36:23:[m[K [01;31m[Kerror: [m[Kâ€˜[01m[KPI[m[Kâ€™ was not declared in this scope
   36 |     yaw_rate=yaw_rate*[01;31m[KPI[m[K/180;
      |                       [01;31m[K^~[m[K
[01m[K/home/cl4y3r/VDS/chassis_controller/src/chassis_controller.cpp:25:86:[m[K [01;35m[Kwarning: [m[Kunused parameter â€˜[01m[Kgroundturth_msg[m[Kâ€™ [[01;35m[K-Wunused-parameter[m[K]
   25 |       [01;35m[Kconst lgsvl_msgs::msg::Detection3DArray::ConstSharedPtr& groundturth_msg[m[K,
      |       [01;35m[K~~~~~~~~~~~~~~~~~~~~~~~~~~~~~~~~~~~~~~~~~~~~~~~~~~~~~~~~~^~~~~~~~~~~~~~~[m[K

[01m[K/home/cl4y3r/VDS/chassis_controller/src/chassis_controller.cpp:26:80:[m[K [01;35m[Kwarning: [m[Kunused parameter â€˜[01m[Kcanbus_msg[m[Kâ€™ [[01;35m[K-Wunused-parameter[m[K]
   26 |                  [01;35m[Kconst lgsvl_msgs::msg::CanBusData::ConstSharedPtr& canbus_msg[m[K)
      |                  [01;35m[K~~~~~~~~~~~~~~~~~~~~~~~~~~~~~~~~~~~~~~~~~~~~~~~~~~~^~~~~~~~~~[m[K

make[2]: *** [CMakeFiles/chassis_controller.dir/build.make:63: CMakeFiles/chassis_controller.dir/src/chassis_controller.cpp.o] Error 1
make[1]: *** [CMakeFiles/Makefile2:78: CMakeFiles/chassis_controller.dir/all] Error 2
make: *** [Makefile:141: all] Error 2
