[0.019s] Invoking command in '/home/cl4y3r/VDS/build/chassis_controller': CMAKE_PREFIX_PATH=${CMAKE_PREFIX_PATH}:/opt/ros/foxy /usr/bin/cmake --build /home/cl4y3r/VDS/build/chassis_controller -- -j8 -l8
[0.068s] [35m[1mScanning dependencies of target chassis_controller[0m
[0.101s] [ 50%] [32mBuilding CXX object CMakeFiles/chassis_controller.dir/src/chassis_controller.cpp.o[0m
[1.733s] [01m[K/home/cl4y3r/VDS/chassis_controller/src/chassis_controller.cpp:[m[K In member function â€˜[01m[Kvoid ChassisController::msg_subscriber(const ConstSharedPtr&, const ConstSharedPtr&, const ConstSharedPtr&)[m[Kâ€™:
[1.733s] [01m[K/home/cl4y3r/VDS/chassis_controller/src/chassis_controller.cpp:35:23:[m[K [01;31m[Kerror: [m[Kâ€˜[01m[Kusing element_type = const struct sensor_msgs::msg::Imu_<std::allocator<void> >[m[Kâ€™ {aka â€˜[01m[Kconst struct sensor_msgs::msg::Imu_<std::allocator<void> >[m[Kâ€™} has no member named â€˜[01m[Kimu_msg[m[Kâ€™
[1.734s]    35 |     yaw_rate=imu_msg->[01;31m[Kimu_msg[m[K->angular_velocity.z;
[1.734s]       |                       [01;31m[K^~~~~~~[m[K
[1.735s] [01m[K/home/cl4y3r/VDS/chassis_controller/src/chassis_controller.cpp:36:23:[m[K [01;31m[Kerror: [m[Kâ€˜[01m[KPI[m[Kâ€™ was not declared in this scope
[1.735s]    36 |     yaw_rate=yaw_rate*[01;31m[KPI[m[K/180;
[1.735s]       |                       [01;31m[K^~[m[K
[1.736s] [01m[K/home/cl4y3r/VDS/chassis_controller/src/chassis_controller.cpp:25:86:[m[K [01;35m[Kwarning: [m[Kunused parameter â€˜[01m[Kgroundturth_msg[m[Kâ€™ [[01;35m[K-Wunused-parameter[m[K]
[1.736s]    25 |       [01;35m[Kconst lgsvl_msgs::msg::Detection3DArray::ConstSharedPtr& groundturth_msg[m[K,
[1.736s]       |       [01;35m[K~~~~~~~~~~~~~~~~~~~~~~~~~~~~~~~~~~~~~~~~~~~~~~~~~~~~~~~~~^~~~~~~~~~~~~~~[m[K
[1.736s] 
[1.736s] [01m[K/home/cl4y3r/VDS/chassis_controller/src/chassis_controller.cpp:26:80:[m[K [01;35m[Kwarning: [m[Kunused parameter â€˜[01m[Kcanbus_msg[m[Kâ€™ [[01;35m[K-Wunused-parameter[m[K]
[1.736s]    26 |                  [01;35m[Kconst lgsvl_msgs::msg::CanBusData::ConstSharedPtr& canbus_msg[m[K)
[1.736s]       |                  [01;35m[K~~~~~~~~~~~~~~~~~~~~~~~~~~~~~~~~~~~~~~~~~~~~~~~~~~~^~~~~~~~~~[m[K
[1.736s] 
[5.583s] make[2]: *** [CMakeFiles/chassis_controller.dir/build.make:63: CMakeFiles/chassis_controller.dir/src/chassis_controller.cpp.o] Error 1
[5.583s] make[1]: *** [CMakeFiles/Makefile2:78: CMakeFiles/chassis_controller.dir/all] Error 2
[5.584s] make: *** [Makefile:141: all] Error 2
[5.586s] Invoked command in '/home/cl4y3r/VDS/build/chassis_controller' returned '2': CMAKE_PREFIX_PATH=${CMAKE_PREFIX_PATH}:/opt/ros/foxy /usr/bin/cmake --build /home/cl4y3r/VDS/build/chassis_controller -- -j8 -l8
