[0.025s] Invoking command in '/home/cl4y3r/VDS/build/chassis_controller': CMAKE_PREFIX_PATH=${CMAKE_PREFIX_PATH}:/opt/ros/foxy /usr/bin/cmake --build /home/cl4y3r/VDS/build/chassis_controller -- -j8 -l8
[0.087s] [35m[1mScanning dependencies of target chassis_controller[0m
[0.131s] [ 50%] [32mBuilding CXX object CMakeFiles/chassis_controller.dir/src/chassis_controller.cpp.o[0m
[2.281s] In file included from [01m[K/home/cl4y3r/VDS/chassis_controller/src/chassis_controller.cpp:1[m[K:
[2.281s] [01m[K/home/cl4y3r/VDS/chassis_controller/include/chassis_controller/chassis_controller.hpp:30:22:[m[K [01;31m[Kerror: [m[Kâ€˜[01m[Kstring[m[Kâ€™ is not a namespace-name
[2.281s]    30 | using namespace std::[01;31m[Kstring[m[K;
[2.281s]       |                      [01;31m[K^~~~~~[m[K
[2.281s] [01m[K/home/cl4y3r/VDS/chassis_controller/include/chassis_controller/chassis_controller.hpp:31:22:[m[K [01;31m[Kerror: [m[Kâ€˜[01m[Kvector[m[Kâ€™ is not a namespace-name
[2.282s]    31 | using namespace std::[01;31m[Kvector[m[K;
[2.282s]       |                      [01;31m[K^~~~~~[m[K
[2.282s] [01m[K/home/cl4y3r/VDS/chassis_controller/include/chassis_controller/chassis_controller.hpp:32:22:[m[K [01;31m[Kerror: [m[Kâ€˜[01m[Kifstream[m[Kâ€™ is not a namespace-name
[2.282s]    32 | using namespace std::[01;31m[Kifstream[m[K;
[2.282s]       |                      [01;31m[K^~~~~~~~[m[K
[2.282s] [01m[K/home/cl4y3r/VDS/chassis_controller/include/chassis_controller/chassis_controller.hpp:33:22:[m[K [01;31m[Kerror: [m[Kâ€˜[01m[Kistringstream[m[Kâ€™ is not a namespace-name
[2.283s]    33 | using namespace std::[01;31m[Kistringstream[m[K;
[2.283s]       |                      [01;31m[K^~~~~~~~~~~~~[m[K
[2.283s] [01m[K/home/cl4y3r/VDS/chassis_controller/include/chassis_controller/chassis_controller.hpp:34:22:[m[K [01;31m[Kerror: [m[Kâ€˜[01m[Kstringstream[m[Kâ€™ is not a namespace-name
[2.283s]    34 | using namespace std::[01;31m[Kstringstream[m[K;
[2.283s]       |                      [01;31m[K^~~~~~~~~~~~[m[K
[2.394s] In file included from [01m[K/home/cl4y3r/VDS/chassis_controller/src/chassis_controller.cpp:1[m[K:
[2.394s] [01m[K/home/cl4y3r/VDS/chassis_controller/include/chassis_controller/chassis_controller.hpp:72:9:[m[K [01;31m[Kerror: [m[Kâ€˜[01m[Kvector[m[Kâ€™ does not name a type
[2.395s]    72 |         [01;31m[Kvector[m[K<double> wp_x, wp_y;
[2.395s]       |         [01;31m[K^~~~~~[m[K
[2.414s] [01m[K/home/cl4y3r/VDS/chassis_controller/include/chassis_controller/chassis_controller.hpp:88:9:[m[K [01;31m[Kerror: [m[Kâ€˜[01m[Kvector[m[Kâ€™ does not name a type
[2.414s]    88 |         [01;31m[Kvector[m[K<double> waypoint_loader(std::string filename);
[2.414s]       |         [01;31m[K^~~~~~[m[K
[2.557s] [01m[K/home/cl4y3r/VDS/chassis_controller/src/chassis_controller.cpp:[m[K In constructor â€˜[01m[KChassisController::ChassisController()[m[Kâ€™:
[2.557s] [01m[K/home/cl4y3r/VDS/chassis_controller/src/chassis_controller.cpp:17:5:[m[K [01;31m[Kerror: [m[Kâ€˜[01m[Kwp_x[m[Kâ€™ was not declared in this scope
[2.558s]    17 |     [01;31m[Kwp_x[m[K,wp_y=waypoint_loader("point.csv");
[2.558s]       |     [01;31m[K^~~~[m[K
[2.559s] [01m[K/home/cl4y3r/VDS/chassis_controller/src/chassis_controller.cpp:17:10:[m[K [01;31m[Kerror: [m[Kâ€˜[01m[Kwp_y[m[Kâ€™ was not declared in this scope
[2.559s]    17 |     wp_x,[01;31m[Kwp_y[m[K=waypoint_loader("point.csv");
[2.560s]       |          [01;31m[K^~~~[m[K
[2.565s] [01m[K/home/cl4y3r/VDS/chassis_controller/src/chassis_controller.cpp:17:15:[m[K [01;31m[Kerror: [m[Kâ€˜[01m[Kwaypoint_loader[m[Kâ€™ was not declared in this scope
[2.565s]    17 |     wp_x,wp_y=[01;31m[Kwaypoint_loader[m[K("point.csv");
[2.565s]       |               [01;31m[K^~~~~~~~~~~~~~~[m[K
[2.843s] [01m[K/home/cl4y3r/VDS/chassis_controller/src/chassis_controller.cpp:[m[K At global scope:
[2.843s] [01m[K/home/cl4y3r/VDS/chassis_controller/src/chassis_controller.cpp:70:1:[m[K [01;31m[Kerror: [m[Kâ€˜[01m[Kvector[m[Kâ€™ does not name a type
[2.843s]    70 | [01;31m[Kvector[m[K<double> ChassisController::waypoint_loader(std::string filename){
[2.844s]       | [01;31m[K^~~~~~[m[K
[2.845s] [01m[K/home/cl4y3r/VDS/chassis_controller/src/chassis_controller.cpp:[m[K In member function â€˜[01m[Kdouble ChassisController::longitudinal_controller(double, double)[m[Kâ€™:
[2.845s] [01m[K/home/cl4y3r/VDS/chassis_controller/src/chassis_controller.cpp:100:58:[m[K [01;35m[Kwarning: [m[Kunused parameter â€˜[01m[Kvelocity_x[m[Kâ€™ [[01;35m[K-Wunused-parameter[m[K]
[2.845s]   100 | double ChassisController::longitudinal_controller([01;35m[Kdouble velocity_x[m[K, double acc_x){
[2.845s]       |                                                   [01;35m[K~~~~~~~^~~~~~~~~~[m[K
[2.845s] [01m[K/home/cl4y3r/VDS/chassis_controller/src/chassis_controller.cpp:100:77:[m[K [01;35m[Kwarning: [m[Kunused parameter â€˜[01m[Kacc_x[m[Kâ€™ [[01;35m[K-Wunused-parameter[m[K]
[2.846s]   100 | ontroller::longitudinal_controller(double velocity_x, [01;35m[Kdouble acc_x[m[K){
[2.846s]       |                                                       [01;35m[K~~~~~~~^~~~~[m[K
[2.846s] 
[2.847s] [01m[K/home/cl4y3r/VDS/chassis_controller/src/chassis_controller.cpp:[m[K In member function â€˜[01m[Kdouble ChassisController::lateral_controller(double, double, double, double, double)[m[Kâ€™:
[2.847s] [01m[K/home/cl4y3r/VDS/chassis_controller/src/chassis_controller.cpp:104:53:[m[K [01;35m[Kwarning: [m[Kunused parameter â€˜[01m[Kyaw[m[Kâ€™ [[01;35m[K-Wunused-parameter[m[K]
[2.847s]   104 | double ChassisController::lateral_controller([01;35m[Kdouble yaw[m[K, double yaw_rate, double pos_x, double pos_y, double velocity_x){
[2.848s]       |                                              [01;35m[K~~~~~~~^~~[m[K
[2.848s] [01m[K/home/cl4y3r/VDS/chassis_controller/src/chassis_controller.cpp:104:65:[m[K [01;35m[Kwarning: [m[Kunused parameter â€˜[01m[Kyaw_rate[m[Kâ€™ [[01;35m[K-Wunused-parameter[m[K]
[2.848s]   104 | ble ChassisController::lateral_controller(double yaw, [01;35m[Kdouble yaw_rate[m[K, double pos_x, double pos_y, double velocity_x){
[2.848s]       |                                                       [01;35m[K~~~~~~~^~~~~~~~[m[K
[2.849s] 
[2.849s] [01m[K/home/cl4y3r/VDS/chassis_controller/src/chassis_controller.cpp:104:82:[m[K [01;35m[Kwarning: [m[Kunused parameter â€˜[01m[Kpos_x[m[Kâ€™ [[01;35m[K-Wunused-parameter[m[K]
[2.849s]   104 | ller::lateral_controller(double yaw, double yaw_rate, [01;35m[Kdouble pos_x[m[K, double pos_y, double velocity_x){
[2.849s]       |                                                       [01;35m[K~~~~~~~^~~~~[m[K
[2.849s] 
[2.849s] [01m[K/home/cl4y3r/VDS/chassis_controller/src/chassis_controller.cpp:104:96:[m[K [01;35m[Kwarning: [m[Kunused parameter â€˜[01m[Kpos_y[m[Kâ€™ [[01;35m[K-Wunused-parameter[m[K]
[2.849s]   104 | controller(double yaw, double yaw_rate, double pos_x, [01;35m[Kdouble pos_y[m[K, double velocity_x){
[2.849s]       |                                                       [01;35m[K~~~~~~~^~~~~[m[K
[2.850s] 
[2.850s] [01m[K/home/cl4y3r/VDS/chassis_controller/src/chassis_controller.cpp:104:110:[m[K [01;35m[Kwarning: [m[Kunused parameter â€˜[01m[Kvelocity_x[m[Kâ€™ [[01;35m[K-Wunused-parameter[m[K]
[2.850s]   104 | er(double yaw, double yaw_rate, double pos_x, double pos_y, [01;35m[Kdouble velocity_x[m[K){
[2.850s]       |                                                             [01;35m[K~~~~~~~^~~~~~~~~~[m[K
[2.850s] 
[8.981s] make[2]: *** [CMakeFiles/chassis_controller.dir/build.make:63: CMakeFiles/chassis_controller.dir/src/chassis_controller.cpp.o] Error 1
[8.982s] make[1]: *** [CMakeFiles/Makefile2:78: CMakeFiles/chassis_controller.dir/all] Error 2
[8.982s] make: *** [Makefile:141: all] Error 2
[8.989s] Invoked command in '/home/cl4y3r/VDS/build/chassis_controller' returned '2': CMAKE_PREFIX_PATH=${CMAKE_PREFIX_PATH}:/opt/ros/foxy /usr/bin/cmake --build /home/cl4y3r/VDS/build/chassis_controller -- -j8 -l8
