[0.013s] Invoking command in '/home/cl4y3r/VDS/build/chassis_controller': CMAKE_PREFIX_PATH=${CMAKE_PREFIX_PATH}:/opt/ros/foxy /usr/bin/cmake --build /home/cl4y3r/VDS/build/chassis_controller -- -j8 -l8
[0.057s] [35m[1mScanning dependencies of target chassis_controller[0m
[0.085s] [ 50%] [32mBuilding CXX object CMakeFiles/chassis_controller.dir/src/chassis_controller.cpp.o[0m
[2.778s] [01m[K/home/cl4y3r/VDS/chassis_controller/src/chassis_controller.cpp:[m[K In member function â€˜[01m[Kdouble ChassisController::longitudinal_controller(double, double)[m[Kâ€™:
[2.778s] [01m[K/home/cl4y3r/VDS/chassis_controller/src/chassis_controller.cpp:163:58:[m[K [01;35m[Kwarning: [m[Kunused parameter â€˜[01m[Kvelocity_x[m[Kâ€™ [[01;35m[K-Wunused-parameter[m[K]
[2.778s]   163 |  ChassisController::longitudinal_controller([01;35m[Kdouble velocity_x[m[K, double acc_x)
[2.778s]       |                                             [01;35m[K~~~~~~~^~~~~~~~~~[m[K
[2.778s] 
[2.778s] [01m[K/home/cl4y3r/VDS/chassis_controller/src/chassis_controller.cpp:163:77:[m[K [01;35m[Kwarning: [m[Kunused parameter â€˜[01m[Kacc_x[m[Kâ€™ [[01;35m[K-Wunused-parameter[m[K]
[2.778s]   163 | :longitudinal_controller(double velocity_x, [01;35m[Kdouble acc_x[m[K)
[2.778s]       |                                             [01;35m[K~~~~~~~^~~~~[m[K
[2.779s] 
[2.921s] [01m[K/home/cl4y3r/VDS/chassis_controller/src/chassis_controller.cpp:[m[K In member function â€˜[01m[Kdouble ChassisController::lateral_controller(double, double, double, double, double, double)[m[Kâ€™:
[2.921s] [01m[K/home/cl4y3r/VDS/chassis_controller/src/chassis_controller.cpp:253:61:[m[K [01;31m[Kerror: [m[Kâ€˜[01m[Kforward_angle[m[Kâ€™ was not declared in this scope; did you mean â€˜[01m[Kforword_angle[m[Kâ€™?
[2.922s]   253 | e target_steer_angle = -((-1 * K * err_state)(0,0)+[01;31m[Kforward_angle[m[K);//lgsvl turn left is negative
[2.922s]       |                                                    [01;31m[K^~~~~~~~~~~~~[m[K
[2.922s]       |                                                    [32m[Kforword_angle[m[K
[2.922s] [01m[K/home/cl4y3r/VDS/chassis_controller/src/chassis_controller.cpp:185:12:[m[K [01;35m[Kwarning: [m[Kunused variable â€˜[01m[Kerr_s[m[Kâ€™ [[01;35m[K-Wunused-variable[m[K]
[2.922s]   185 |     double [01;35m[Kerr_s[m[K = (tor * distance)(0,0);
[2.922s]       |            [01;35m[K^~~~~[m[K
[2.922s] [01m[K/home/cl4y3r/VDS/chassis_controller/src/chassis_controller.cpp:251:12:[m[K [01;35m[Kwarning: [m[Kunused variable â€˜[01m[Kforword_angle[m[Kâ€™ [[01;35m[K-Wunused-variable[m[K]
[2.922s]   251 |     double [01;35m[Kforword_angle[m[K=kappa_ref * (lf + lr - lr * K(0,2) - (m * vx * vx / (lf + lr)) *
[2.922s]       |            [01;35m[K^~~~~~~~~~~~~[m[K
[8.835s] make[2]: *** [CMakeFiles/chassis_controller.dir/build.make:63: CMakeFiles/chassis_controller.dir/src/chassis_controller.cpp.o] Error 1
[8.835s] make[1]: *** [CMakeFiles/Makefile2:78: CMakeFiles/chassis_controller.dir/all] Error 2
[8.835s] make: *** [Makefile:141: all] Error 2
[8.837s] Invoked command in '/home/cl4y3r/VDS/build/chassis_controller' returned '2': CMAKE_PREFIX_PATH=${CMAKE_PREFIX_PATH}:/opt/ros/foxy /usr/bin/cmake --build /home/cl4y3r/VDS/build/chassis_controller -- -j8 -l8
