[0.020s] Invoking command in '/home/cl4y3r/VDS/build/chassis_controller': CMAKE_PREFIX_PATH=${CMAKE_PREFIX_PATH}:/opt/ros/foxy /usr/bin/cmake --build /home/cl4y3r/VDS/build/chassis_controller -- -j8 -l8
[0.068s] [35m[1mScanning dependencies of target chassis_controller[0m
[0.101s] [ 50%] [32mBuilding CXX object CMakeFiles/chassis_controller.dir/src/chassis_controller.cpp.o[0m
[1.766s] [01m[K/home/cl4y3r/VDS/chassis_controller/src/chassis_controller.cpp:[m[K In member function ‚Äò[01m[Kvoid ChassisController::long_controller()[m[K‚Äô:
[1.766s] [01m[K/home/cl4y3r/VDS/chassis_controller/src/chassis_controller.cpp:24:32:[m[K [01;31m[Kerror: [m[K‚Äò[01m[Kimage_msg[m[K‚Äô was not declared in this scope; did you mean ‚Äò[01m[Kimu_msg[m[K‚Äô?
[1.766s]    24 |     control.acceleration_pct = [01;31m[Kimage_msg[m[K->linear_acceleration.x;  //Âä†ÈÄüË∏èÊùø
[1.766s]       |                                [01;31m[K^~~~~~~~~[m[K
[1.767s]       |                                [32m[Kimu_msg[m[K
[5.059s] make[2]: *** [CMakeFiles/chassis_controller.dir/build.make:63: CMakeFiles/chassis_controller.dir/src/chassis_controller.cpp.o] Error 1
[5.059s] make[1]: *** [CMakeFiles/Makefile2:78: CMakeFiles/chassis_controller.dir/all] Error 2
[5.060s] make: *** [Makefile:141: all] Error 2
[5.062s] Invoked command in '/home/cl4y3r/VDS/build/chassis_controller' returned '2': CMAKE_PREFIX_PATH=${CMAKE_PREFIX_PATH}:/opt/ros/foxy /usr/bin/cmake --build /home/cl4y3r/VDS/build/chassis_controller -- -j8 -l8
