[01m[K/home/cl4y3r/VDS/chassis_controller/src/chassis_controller.cpp:[m[K In member function â€˜[01m[Kvoid ChassisController::msg_subscriber(const ConstSharedPtr&, const ConstSharedPtr&, const ConstSharedPtr&, const ConstSharedPtr&)[m[Kâ€™:
[01m[K/home/cl4y3r/VDS/chassis_controller/src/chassis_controller.cpp:41:25:[m[K [01;31m[Kerror: [m[Kcannot convert â€˜[01m[Kconst ConstSharedPtr[m[Kâ€™ {aka â€˜[01m[Kconst std::shared_ptr<const sensor_msgs::msg::Imu_<std::allocator<void> > >[m[Kâ€™} to â€˜[01m[Kimu_messages[m[Kâ€™
   41 |     phi = quat_to_euler([01;31m[Kimu_msg[m[K);
      |                         [01;31m[K^~~~~~~[m[K
      |                         [01;31m[K|[m[K
      |                         [01;31m[Kconst ConstSharedPtr {aka const std::shared_ptr<const sensor_msgs::msg::Imu_<std::allocator<void> > >}[m[K
In file included from [01m[K/home/cl4y3r/VDS/chassis_controller/src/chassis_controller.cpp:1[m[K:
[01m[K/home/cl4y3r/VDS/chassis_controller/include/chassis_controller/chassis_controller.hpp:100:30:[m[K [01;36m[Knote: [m[K  initializing argument 1 of â€˜[01m[Kdouble ChassisController::quat_to_euler(imu_messages)[m[Kâ€™
  100 |         double quat_to_euler([01;36m[Kstruct imu_messages[m[K);
      |                              [01;36m[K^~~~~~~~~~~~~~~~~~~[m[K
[01m[K/home/cl4y3r/VDS/chassis_controller/src/chassis_controller.cpp:[m[K At global scope:
[01m[K/home/cl4y3r/VDS/chassis_controller/src/chassis_controller.cpp:106:41:[m[K [01;31m[Kerror: [m[Kâ€˜[01m[K<anonymous>[m[Kâ€™ has incomplete type
  106 | double ChassisController::quat_to_euler([01;31m[Kstruct imu_messages[m[K)
      |                                         [01;31m[K^~~~~~~~~~~~~~~~~~~[m[K
In file included from [01m[K/home/cl4y3r/VDS/chassis_controller/src/chassis_controller.cpp:1[m[K:
[01m[K/home/cl4y3r/VDS/chassis_controller/include/chassis_controller/chassis_controller.hpp:100:37:[m[K [01;36m[Knote: [m[Kforward declaration of â€˜[01m[Kstruct imu_messages[m[Kâ€™
  100 |         double quat_to_euler(struct [01;36m[Kimu_messages[m[K);
      |                                     [01;36m[K^~~~~~~~~~~~[m[K
[01m[K/home/cl4y3r/VDS/chassis_controller/src/chassis_controller.cpp:[m[K In member function â€˜[01m[Kdouble ChassisController::quat_to_euler(imu_messages)[m[Kâ€™:
[01m[K/home/cl4y3r/VDS/chassis_controller/src/chassis_controller.cpp:110:21:[m[K [01;31m[Kerror: [m[Kexpected â€˜[01m[K,[m[Kâ€™ or â€˜[01m[K...[m[Kâ€™ before â€˜[01m[K->[m[Kâ€™ token
  110 |         imu_messages[01;31m[K->[m[Kpose.pose.orientation.x,
      |                     [01;31m[K^~[m[K
[01m[K/home/cl4y3r/VDS/chassis_controller/src/chassis_controller.cpp:114:10:[m[K [01;31m[Kerror: [m[Kâ€˜[01m[KMatrix3x3[m[Kâ€™ is not a member of â€˜[01m[Ktf2[m[Kâ€™
  114 |     tf2::[01;31m[KMatrix3x3[m[K m(q);
      |          [01;31m[K^~~~~~~~~[m[K
[01m[K/home/cl4y3r/VDS/chassis_controller/src/chassis_controller.cpp:116:5:[m[K [01;31m[Kerror: [m[Kâ€˜[01m[Km[m[Kâ€™ was not declared in this scope; did you mean â€˜[01m[Ktm[m[Kâ€™?
  116 |     [01;31m[Km[m[K.getRPY(roll, pitch, yaw);
      |     [01;31m[K^[m[K
      |     [32m[Ktm[m[K
[01m[K/home/cl4y3r/VDS/chassis_controller/src/chassis_controller.cpp:[m[K In member function â€˜[01m[Kdouble ChassisController::longitudinal_controller(double, double)[m[Kâ€™:
[01m[K/home/cl4y3r/VDS/chassis_controller/src/chassis_controller.cpp:120:58:[m[K [01;35m[Kwarning: [m[Kunused parameter â€˜[01m[Kvelocity_x[m[Kâ€™ [[01;35m[K-Wunused-parameter[m[K]
  120 |  ChassisController::longitudinal_controller([01;35m[Kdouble velocity_x[m[K, double acc_x)
      |                                             [01;35m[K~~~~~~~^~~~~~~~~~[m[K

[01m[K/home/cl4y3r/VDS/chassis_controller/src/chassis_controller.cpp:120:77:[m[K [01;35m[Kwarning: [m[Kunused parameter â€˜[01m[Kacc_x[m[Kâ€™ [[01;35m[K-Wunused-parameter[m[K]
  120 | :longitudinal_controller(double velocity_x, [01;35m[Kdouble acc_x[m[K)
      |                                             [01;35m[K~~~~~~~^~~~~[m[K

[01m[K/home/cl4y3r/VDS/chassis_controller/src/chassis_controller.cpp:[m[K In member function â€˜[01m[Kdouble ChassisController::lateral_controller(double, double, double, double, double, double, double, double, double)[m[Kâ€™:
[01m[K/home/cl4y3r/VDS/chassis_controller/src/chassis_controller.cpp:125:53:[m[K [01;35m[Kwarning: [m[Kunused parameter â€˜[01m[Kyaw[m[Kâ€™ [[01;35m[K-Wunused-parameter[m[K]
  125 | ouble ChassisController::lateral_controller([01;35m[Kdouble yaw[m[K, double yaw_rate, double pos_x, double pos_y,
      |                                             [01;35m[K~~~~~~~^~~[m[K

[01m[K/home/cl4y3r/VDS/chassis_controller/src/chassis_controller.cpp:125:65:[m[K [01;35m[Kwarning: [m[Kunused parameter â€˜[01m[Kyaw_rate[m[Kâ€™ [[01;35m[K-Wunused-parameter[m[K]
  125 | sController::lateral_controller(double yaw, [01;35m[Kdouble yaw_rate[m[K, double pos_x, double pos_y,
      |                                             [01;35m[K~~~~~~~^~~~~~~~[m[K

[01m[K/home/cl4y3r/VDS/chassis_controller/src/chassis_controller.cpp:125:82:[m[K [01;35m[Kwarning: [m[Kunused parameter â€˜[01m[Kpos_x[m[Kâ€™ [[01;35m[K-Wunused-parameter[m[K]
  125 | ral_controller(double yaw, double yaw_rate, [01;35m[Kdouble pos_x[m[K, double pos_y,
      |                                             [01;35m[K~~~~~~~^~~~~[m[K

[01m[K/home/cl4y3r/VDS/chassis_controller/src/chassis_controller.cpp:125:96:[m[K [01;35m[Kwarning: [m[Kunused parameter â€˜[01m[Kpos_y[m[Kâ€™ [[01;35m[K-Wunused-parameter[m[K]
  125 | (double yaw, double yaw_rate, double pos_x, [01;35m[Kdouble pos_y[m[K,
      |                                             [01;35m[K~~~~~~~^~~~~[m[K

[01m[K/home/cl4y3r/VDS/chassis_controller/src/chassis_controller.cpp:126:52:[m[K [01;35m[Kwarning: [m[Kunused parameter â€˜[01m[Kvelocity_x[m[Kâ€™ [[01;35m[K-Wunused-parameter[m[K]
  126 |                                             [01;35m[Kdouble velocity_x[m[K, double x_ref, double y_ref, double theta_ref, double kappa_ref)
      |                                             [01;35m[K~~~~~~~^~~~~~~~~~[m[K
[01m[K/home/cl4y3r/VDS/chassis_controller/src/chassis_controller.cpp:126:71:[m[K [01;35m[Kwarning: [m[Kunused parameter â€˜[01m[Kx_ref[m[Kâ€™ [[01;35m[K-Wunused-parameter[m[K]
  126 |                          double velocity_x, [01;35m[Kdouble x_ref[m[K, double y_ref, double theta_ref, double kappa_ref)
      |                                             [01;35m[K~~~~~~~^~~~~[m[K

[01m[K/home/cl4y3r/VDS/chassis_controller/src/chassis_controller.cpp:126:85:[m[K [01;35m[Kwarning: [m[Kunused parameter â€˜[01m[Ky_ref[m[Kâ€™ [[01;35m[K-Wunused-parameter[m[K]
  126 |            double velocity_x, double x_ref, [01;35m[Kdouble y_ref[m[K, double theta_ref, double kappa_ref)
      |                                             [01;35m[K~~~~~~~^~~~~[m[K

[01m[K/home/cl4y3r/VDS/chassis_controller/src/chassis_controller.cpp:126:99:[m[K [01;35m[Kwarning: [m[Kunused parameter â€˜[01m[Ktheta_ref[m[Kâ€™ [[01;35m[K-Wunused-parameter[m[K]
  126 | ble velocity_x, double x_ref, double y_ref, [01;35m[Kdouble theta_ref[m[K, double kappa_ref)
      |                                             [01;35m[K~~~~~~~^~~~~~~~~[m[K

[01m[K/home/cl4y3r/VDS/chassis_controller/src/chassis_controller.cpp:126:117:[m[K [01;35m[Kwarning: [m[Kunused parameter â€˜[01m[Kkappa_ref[m[Kâ€™ [[01;35m[K-Wunused-parameter[m[K]
  126 | ty_x, double x_ref, double y_ref, double theta_ref, [01;35m[Kdouble kappa_ref[m[K)
      |                                                     [01;35m[K~~~~~~~^~~~~~~~~[m[K

make[2]: *** [CMakeFiles/chassis_controller.dir/build.make:63: CMakeFiles/chassis_controller.dir/src/chassis_controller.cpp.o] Error 1
make[1]: *** [CMakeFiles/Makefile2:78: CMakeFiles/chassis_controller.dir/all] Error 2
make: *** [Makefile:141: all] Error 2
