[01m[K/home/cl4y3r/VDS/chassis_controller/src/chassis_controller.cpp:[m[K In member function â€˜[01m[Kdouble ChassisController::longitudinal_controller(double, double)[m[Kâ€™:
[01m[K/home/cl4y3r/VDS/chassis_controller/src/chassis_controller.cpp:122:58:[m[K [01;35m[Kwarning: [m[Kunused parameter â€˜[01m[Kvelocity_x[m[Kâ€™ [[01;35m[K-Wunused-parameter[m[K]
  122 | double ChassisController::longitudinal_controller([01;35m[Kdouble velocity_x[m[K, double acc_x)
      |                                                   [01;35m[K~~~~~~~^~~~~~~~~~[m[K
[01m[K/home/cl4y3r/VDS/chassis_controller/src/chassis_controller.cpp:122:77:[m[K [01;35m[Kwarning: [m[Kunused parameter â€˜[01m[Kacc_x[m[Kâ€™ [[01;35m[K-Wunused-parameter[m[K]
  122 | ontroller::longitudinal_controller(double velocity_x, [01;35m[Kdouble acc_x[m[K)
      |                                                       [01;35m[K~~~~~~~^~~~~[m[K

[01m[K/home/cl4y3r/VDS/chassis_controller/src/chassis_controller.cpp:[m[K In member function â€˜[01m[Kdouble ChassisController::lateral_controller(double, double, double, double, double, double, double, double, double, double)[m[Kâ€™:
[01m[K/home/cl4y3r/VDS/chassis_controller/src/chassis_controller.cpp:171:5:[m[K [01;31m[Kerror: [m[Kâ€˜[01m[KA[m[Kâ€™ was not declared in this scope
  171 |     [01;31m[KA[m[K = MatrixXd::Zero(4,4);
      |     [01;31m[K^[m[K
[01m[K/home/cl4y3r/VDS/chassis_controller/src/chassis_controller.cpp:172:5:[m[K [01;31m[Kerror: [m[Kâ€˜[01m[KB[m[Kâ€™ was not declared in this scope
  172 |     [01;31m[KB[m[K = MatrixXd::Zero(4,2);
      |     [01;31m[K^[m[K
[01m[K/home/cl4y3r/VDS/chassis_controller/src/chassis_controller.cpp:144:12:[m[K [01;35m[Kwarning: [m[Kunused variable â€˜[01m[Kerr_s[m[Kâ€™ [[01;35m[K-Wunused-variable[m[K]
  144 |     double [01;35m[Kerr_s[m[K = tor.cwiseProduct(distance)(0,0);
      |            [01;35m[K^~~~~[m[K
[01m[K/home/cl4y3r/VDS/chassis_controller/src/chassis_controller.cpp:164:12:[m[K [01;35m[Kwarning: [m[Kunused variable â€˜[01m[Kcf[m[Kâ€™ [[01;35m[K-Wunused-variable[m[K]
  164 |     double [01;35m[Kcf[m[K = -10000;
      |            [01;35m[K^~[m[K
[01m[K/home/cl4y3r/VDS/chassis_controller/src/chassis_controller.cpp:165:12:[m[K [01;35m[Kwarning: [m[Kunused variable â€˜[01m[Kcr[m[Kâ€™ [[01;35m[K-Wunused-variable[m[K]
  165 |     double [01;35m[Kcr[m[K = -10000;
      |            [01;35m[K^~[m[K
[01m[K/home/cl4y3r/VDS/chassis_controller/src/chassis_controller.cpp:166:12:[m[K [01;35m[Kwarning: [m[Kunused variable â€˜[01m[Klf[m[Kâ€™ [[01;35m[K-Wunused-variable[m[K]
  166 |     double [01;35m[Klf[m[K = 1.6;
      |            [01;35m[K^~[m[K
[01m[K/home/cl4y3r/VDS/chassis_controller/src/chassis_controller.cpp:167:12:[m[K [01;35m[Kwarning: [m[Kunused variable â€˜[01m[Klr[m[Kâ€™ [[01;35m[K-Wunused-variable[m[K]
  167 |     double [01;35m[Klr[m[K = 1.4;
      |            [01;35m[K^~[m[K
[01m[K/home/cl4y3r/VDS/chassis_controller/src/chassis_controller.cpp:168:12:[m[K [01;35m[Kwarning: [m[Kunused variable â€˜[01m[Km[m[Kâ€™ [[01;35m[K-Wunused-variable[m[K]
  168 |     double [01;35m[Km[m[K = 1400;
      |            [01;35m[K^[m[K
[01m[K/home/cl4y3r/VDS/chassis_controller/src/chassis_controller.cpp:169:12:[m[K [01;35m[Kwarning: [m[Kunused variable â€˜[01m[Kiz[m[Kâ€™ [[01;35m[K-Wunused-variable[m[K]
  169 |     double [01;35m[Kiz[m[K = 2000;
      |            [01;35m[K^~[m[K
make[2]: *** [CMakeFiles/chassis_controller.dir/build.make:63: CMakeFiles/chassis_controller.dir/src/chassis_controller.cpp.o] Error 1
make[1]: *** [CMakeFiles/Makefile2:78: CMakeFiles/chassis_controller.dir/all] Error 2
make: *** [Makefile:141: all] Error 2
