[0.013s] Invoking command in '/home/cl4y3r/VDS/build/chassis_controller': CMAKE_PREFIX_PATH=${CMAKE_PREFIX_PATH}:/opt/ros/foxy /usr/bin/cmake --build /home/cl4y3r/VDS/build/chassis_controller -- -j8 -l8
[0.051s] [35m[1mScanning dependencies of target chassis_controller[0m
[0.076s] [ 50%] [32mBuilding CXX object CMakeFiles/chassis_controller.dir/src/chassis_controller.cpp.o[0m
[2.350s] [01m[K/home/cl4y3r/VDS/chassis_controller/src/chassis_controller.cpp:121:16:[m[K [01;31m[Kerror: [m[Kno declaration matches â€˜[01m[Kstd::vector<double, std::allocator<double> > ChassisController::reference_finder(std::vector<std::vector<double, std::allocator<double> > >, double, double)[m[Kâ€™
[2.350s]   121 | vector<double> [01;31m[KChassisController[m[K::reference_finder(vector<vector<double>> waypoint_list, double pos_x, double pos_y)
[2.350s]       |                [01;31m[K^~~~~~~~~~~~~~~~~[m[K
[2.350s] [01m[K/home/cl4y3r/VDS/chassis_controller/src/chassis_controller.cpp:121:16:[m[K [01;36m[Knote: [m[Kno functions named â€˜[01m[Kstd::vector<double, std::allocator<double> > ChassisController::reference_finder(std::vector<std::vector<double, std::allocator<double> > >, double, double)[m[Kâ€™
[2.350s] In file included from [01m[K/home/cl4y3r/VDS/chassis_controller/src/chassis_controller.cpp:1[m[K:
[2.350s] [01m[K/home/cl4y3r/VDS/chassis_controller/include/chassis_controller/chassis_controller.hpp:52:7:[m[K [01;36m[Knote: [m[Kâ€˜[01m[Kclass ChassisController[m[Kâ€™ defined here
[2.350s]    52 | class [01;36m[KChassisController[m[K: public rclcpp::Node{
[2.350s]       |       [01;36m[K^~~~~~~~~~~~~~~~~[m[K
[2.480s] [01m[K/home/cl4y3r/VDS/chassis_controller/src/chassis_controller.cpp:[m[K In member function â€˜[01m[Kdouble ChassisController::longitudinal_controller(double, double)[m[Kâ€™:
[2.481s] [01m[K/home/cl4y3r/VDS/chassis_controller/src/chassis_controller.cpp:158:58:[m[K [01;35m[Kwarning: [m[Kunused parameter â€˜[01m[Kvelocity_x[m[Kâ€™ [[01;35m[K-Wunused-parameter[m[K]
[2.481s]   158 | double ChassisController::longitudinal_controller([01;35m[Kdouble velocity_x[m[K, double acc_x)
[2.481s]       |                                                   [01;35m[K~~~~~~~^~~~~~~~~~[m[K
[2.481s] [01m[K/home/cl4y3r/VDS/chassis_controller/src/chassis_controller.cpp:158:77:[m[K [01;35m[Kwarning: [m[Kunused parameter â€˜[01m[Kacc_x[m[Kâ€™ [[01;35m[K-Wunused-parameter[m[K]
[2.481s]   158 | ontroller::longitudinal_controller(double velocity_x, [01;35m[Kdouble acc_x[m[K)
[2.481s]       |                                                       [01;35m[K~~~~~~~^~~~~[m[K
[2.481s] 
[2.483s] [01m[K/home/cl4y3r/VDS/chassis_controller/src/chassis_controller.cpp:[m[K In member function â€˜[01m[Kdouble ChassisController::lateral_controller(double, double, double, double, double, double, double, double, double, double)[m[Kâ€™:
[2.483s] [01m[K/home/cl4y3r/VDS/chassis_controller/src/chassis_controller.cpp:166:36:[m[K [01;31m[Kerror: [m[Kâ€˜[01m[Krefrence_finder[m[Kâ€™ was not declared in this scope; did you mean â€˜[01m[Krefence_finder[m[Kâ€™?
[2.483s]   166 |     vector<double> reference_pos = [01;31m[Krefrence_finder[m[K(waypoint, x, y)
[2.483s]       |                                    [01;31m[K^~~~~~~~~~~~~~~[m[K
[2.483s]       |                                    [32m[Krefence_finder[m[K
[2.485s] [01m[K/home/cl4y3r/VDS/chassis_controller/src/chassis_controller.cpp:169:5:[m[K [01;31m[Kerror: [m[Kâ€˜[01m[Ktor[m[Kâ€™ was not declared in this scope
[2.485s]   169 |     [01;31m[Ktor[m[K(0,0) = cos(theta_ref);
[2.485s]       |     [01;31m[K^~~[m[K
[2.487s] [01m[K/home/cl4y3r/VDS/chassis_controller/src/chassis_controller.cpp:171:5:[m[K [01;31m[Kerror: [m[Kâ€˜[01m[Knor[m[Kâ€™ was not declared in this scope; did you mean â€˜[01m[Know[m[Kâ€™?
[2.487s]   171 |     [01;31m[Knor[m[K(0,0) = -sin(theta_ref);
[2.488s]       |     [01;31m[K^~~[m[K
[2.488s]       |     [32m[Know[m[K
[2.489s] [01m[K/home/cl4y3r/VDS/chassis_controller/src/chassis_controller.cpp:173:5:[m[K [01;31m[Kerror: [m[Kâ€˜[01m[Kdistance[m[Kâ€™ was not declared in this scope; did you mean â€˜[01m[Kstd::distance[m[Kâ€™?
[2.489s]   173 |     [01;31m[Kdistance[m[K(0,0) = reference_pos[0] - x_ref;
[2.489s]       |     [01;31m[K^~~~~~~~[m[K
[2.489s]       |     [32m[Kstd::distance[m[K
[2.489s] In file included from [01m[K/usr/include/c++/9/bits/stl_algobase.h:66[m[K,
[2.490s]                  from [01m[K/usr/include/c++/9/algorithm:61[m[K,
[2.490s]                  from [01m[K/home/cl4y3r/VDS/chassis_controller/include/chassis_controller/chassis_controller.hpp:3[m[K,
[2.490s]                  from [01m[K/home/cl4y3r/VDS/chassis_controller/src/chassis_controller.cpp:1[m[K:
[2.490s] [01m[K/usr/include/c++/9/bits/stl_iterator_base_funcs.h:138:5:[m[K [01;36m[Knote: [m[Kâ€˜[01m[Kstd::distance[m[Kâ€™ declared here
[2.490s]   138 |     [01;36m[Kdistance[m[K(_InputIterator __first, _InputIterator __last)
[2.490s]       |     [01;36m[K^~~~~~~~[m[K
[2.603s] [01m[K/home/cl4y3r/VDS/chassis_controller/src/chassis_controller.cpp:176:12:[m[K [01;35m[Kwarning: [m[Kunused variable â€˜[01m[Kerr_s[m[Kâ€™ [[01;35m[K-Wunused-variable[m[K]
[2.603s]   176 |     double [01;35m[Kerr_s[m[K = (tor * distance)(0,0);
[2.603s]       |            [01;35m[K^~~~~[m[K
[2.603s] [01m[K/home/cl4y3r/VDS/chassis_controller/src/chassis_controller.cpp:163:82:[m[K [01;35m[Kwarning: [m[Kunused parameter â€˜[01m[Kpos_x[m[Kâ€™ [[01;35m[K-Wunused-parameter[m[K]
[2.603s]   163 | ller::lateral_controller(double yaw, double yaw_rate, [01;35m[Kdouble pos_x[m[K, double pos_y,
[2.603s]       |                                                       [01;35m[K~~~~~~~^~~~~[m[K
[2.603s] 
[2.603s] [01m[K/home/cl4y3r/VDS/chassis_controller/src/chassis_controller.cpp:163:96:[m[K [01;35m[Kwarning: [m[Kunused parameter â€˜[01m[Kpos_y[m[Kâ€™ [[01;35m[K-Wunused-parameter[m[K]
[2.604s]   163 | controller(double yaw, double yaw_rate, double pos_x, [01;35m[Kdouble pos_y[m[K,
[2.604s]       |                                                       [01;35m[K~~~~~~~^~~~~[m[K
[2.604s] 
[8.401s] make[2]: *** [CMakeFiles/chassis_controller.dir/build.make:63: CMakeFiles/chassis_controller.dir/src/chassis_controller.cpp.o] Error 1
[8.401s] make[1]: *** [CMakeFiles/Makefile2:78: CMakeFiles/chassis_controller.dir/all] Error 2
[8.402s] make: *** [Makefile:141: all] Error 2
[8.404s] Invoked command in '/home/cl4y3r/VDS/build/chassis_controller' returned '2': CMAKE_PREFIX_PATH=${CMAKE_PREFIX_PATH}:/opt/ros/foxy /usr/bin/cmake --build /home/cl4y3r/VDS/build/chassis_controller -- -j8 -l8
