[0.012s] Invoking command in '/home/cl4y3r/VDS/build/chassis_controller': /usr/bin/cmake --build /home/cl4y3r/VDS/build/chassis_controller -- -j8 -l8
[0.046s] [35m[1mScanning dependencies of target chassis_controller[0m
[0.069s] [ 50%] [32mBuilding CXX object CMakeFiles/chassis_controller.dir/src/chassis_controller.cpp.o[0m
[1.405s] [01m[K/home/cl4y3r/VDS/chassis_controller/src/chassis_controller.cpp:[m[K In constructor â€˜[01m[KChassisController::ChassisController()[m[Kâ€™:
[1.405s] [01m[K/home/cl4y3r/VDS/chassis_controller/src/chassis_controller.cpp:11:18:[m[K [01;31m[Kerror: [m[Kexpected primary-expression before â€˜[01m[Kconst[m[Kâ€™
[1.406s]    11 |     data_process([01;31m[Kconst[m[K sensor_msgs::msg::Imu::ConstSharedPtr& imu_msg);
[1.406s]       |                  [01;31m[K^~~~~[m[K
[1.419s] [01m[K/home/cl4y3r/VDS/chassis_controller/src/chassis_controller.cpp:[m[K In member function â€˜[01m[Kvoid ChassisController::msg_subscriber(const ConstSharedPtr&, const ConstSharedPtr&, const ConstSharedPtr&)[m[Kâ€™:
[1.419s] [01m[K/home/cl4y3r/VDS/chassis_controller/src/chassis_controller.cpp:25:86:[m[K [01;35m[Kwarning: [m[Kunused parameter â€˜[01m[Kgroundturth_msg[m[Kâ€™ [[01;35m[K-Wunused-parameter[m[K]
[1.419s]    25 |       [01;35m[Kconst lgsvl_msgs::msg::Detection3DArray::ConstSharedPtr& groundturth_msg[m[K,
[1.419s]       |       [01;35m[K~~~~~~~~~~~~~~~~~~~~~~~~~~~~~~~~~~~~~~~~~~~~~~~~~~~~~~~~~^~~~~~~~~~~~~~~[m[K
[1.419s] 
[1.419s] [01m[K/home/cl4y3r/VDS/chassis_controller/src/chassis_controller.cpp:26:80:[m[K [01;35m[Kwarning: [m[Kunused parameter â€˜[01m[Kcanbus_msg[m[Kâ€™ [[01;35m[K-Wunused-parameter[m[K]
[1.419s]    26 |                  [01;35m[Kconst lgsvl_msgs::msg::CanBusData::ConstSharedPtr& canbus_msg[m[K)
[1.419s]       |                  [01;35m[K~~~~~~~~~~~~~~~~~~~~~~~~~~~~~~~~~~~~~~~~~~~~~~~~~~~^~~~~~~~~~[m[K
[1.419s] 
[1.419s] [01m[K/home/cl4y3r/VDS/chassis_controller/src/chassis_controller.cpp:[m[K At global scope:
[1.420s] [01m[K/home/cl4y3r/VDS/chassis_controller/src/chassis_controller.cpp:34:9:[m[K [01;31m[Kerror: [m[Kâ€˜[01m[Kdouble ChassisController::data_process[m[Kâ€™ is not a static data member of â€˜[01m[Kclass ChassisController[m[Kâ€™
[1.420s]    34 | double  [01;31m[KChassisController[m[K::data_process(imu_msg){
[1.420s]       |         [01;31m[K^~~~~~~~~~~~~~~~~[m[K
[1.420s] [01m[K/home/cl4y3r/VDS/chassis_controller/src/chassis_controller.cpp:34:41:[m[K [01;31m[Kerror: [m[Kinvalid use of non-static data member â€˜[01m[KChassisController::imu_msg[m[Kâ€™
[1.420s]    34 | double  ChassisController::data_process([01;31m[Kimu_msg[m[K){
[1.420s]       |                                         [01;31m[K^~~~~~~[m[K
[1.420s] In file included from [01m[K/home/cl4y3r/VDS/chassis_controller/src/chassis_controller.cpp:1[m[K:
[1.420s] [01m[K/home/cl4y3r/VDS/chassis_controller/include/chassis_controller/chassis_controller.hpp:46:47:[m[K [01;36m[Knote: [m[Kdeclared here
[1.420s]    46 |         sensor_msgs::msg::Imu::ConstSharedPtr [01;36m[Kimu_msg[m[K;
[1.420s]       |                                               [01;36m[K^~~~~~~[m[K
[4.894s] make[2]: *** [CMakeFiles/chassis_controller.dir/build.make:63: CMakeFiles/chassis_controller.dir/src/chassis_controller.cpp.o] Error 1
[4.894s] make[1]: *** [CMakeFiles/Makefile2:78: CMakeFiles/chassis_controller.dir/all] Error 2
[4.894s] make: *** [Makefile:141: all] Error 2
[4.896s] Invoked command in '/home/cl4y3r/VDS/build/chassis_controller' returned '2': /usr/bin/cmake --build /home/cl4y3r/VDS/build/chassis_controller -- -j8 -l8
