[0.020s] Invoking command in '/home/cl4y3r/VDS/build/chassis_controller': /usr/bin/cmake --build /home/cl4y3r/VDS/build/chassis_controller -- -j8 -l8
[0.200s] [35m[1mScanning dependencies of target chassis_controller[0m
[0.246s] [ 50%] [32mBuilding CXX object CMakeFiles/chassis_controller.dir/src/chassis_controller.cpp.o[0m
[0.312s] [01m[K/home/cl4y3r/VDS/chassis_controller/src/chassis_controller.cpp:1:10:[m[K [01;31m[Kfatal error: [m[Kmath: No such file or directory
[0.312s]     1 | #include [01;31m[K<math>[m[K
[0.313s]       |          [01;31m[K^~~~~~[m[K
[0.313s] compilation terminated.
[0.316s] make[2]: *** [CMakeFiles/chassis_controller.dir/build.make:63: CMakeFiles/chassis_controller.dir/src/chassis_controller.cpp.o] Error 1
[0.317s] make[1]: *** [CMakeFiles/Makefile2:78: CMakeFiles/chassis_controller.dir/all] Error 2
[0.318s] make: *** [Makefile:141: all] Error 2
[0.327s] Invoked command in '/home/cl4y3r/VDS/build/chassis_controller' returned '2': /usr/bin/cmake --build /home/cl4y3r/VDS/build/chassis_controller -- -j8 -l8
