[0.022s] Invoking command in '/home/cl4y3r/VDS/build/chassis_controller': CMAKE_PREFIX_PATH=${CMAKE_PREFIX_PATH}:/opt/ros/foxy /usr/bin/cmake --build /home/cl4y3r/VDS/build/chassis_controller -- -j8 -l8
[0.093s] [35m[1mScanning dependencies of target chassis_controller[0m
[0.140s] [ 50%] [32mBuilding CXX object CMakeFiles/chassis_controller.dir/src/chassis_controller.cpp.o[0m
[2.353s] In file included from [01m[K/home/cl4y3r/VDS/chassis_controller/src/chassis_controller.cpp:1[m[K:
[2.354s] [01m[K/home/cl4y3r/VDS/chassis_controller/include/chassis_controller/chassis_controller.hpp:30:22:[m[K [01;31m[Kerror: [m[Kâ€˜[01m[Kstring[m[Kâ€™ is not a namespace-name
[2.354s]    30 | using namespace std::[01;31m[Kstring[m[K;
[2.354s]       |                      [01;31m[K^~~~~~[m[K
[2.354s] [01m[K/home/cl4y3r/VDS/chassis_controller/include/chassis_controller/chassis_controller.hpp:31:22:[m[K [01;31m[Kerror: [m[Kâ€˜[01m[Kvector[m[Kâ€™ is not a namespace-name
[2.354s]    31 | using namespace std::[01;31m[Kvector[m[K;
[2.354s]       |                      [01;31m[K^~~~~~[m[K
[2.486s] In file included from [01m[K/home/cl4y3r/VDS/chassis_controller/src/chassis_controller.cpp:1[m[K:
[2.486s] [01m[K/home/cl4y3r/VDS/chassis_controller/include/chassis_controller/chassis_controller.hpp:69:9:[m[K [01;31m[Kerror: [m[Kâ€˜[01m[Kvector[m[Kâ€™ does not name a type
[2.487s]    69 |         [01;31m[Kvector[m[K<double> wp_x, wp_y;
[2.487s]       |         [01;31m[K^~~~~~[m[K
[2.503s] [01m[K/home/cl4y3r/VDS/chassis_controller/include/chassis_controller/chassis_controller.hpp:85:9:[m[K [01;31m[Kerror: [m[Kâ€˜[01m[Kvector[m[Kâ€™ does not name a type
[2.503s]    85 |         [01;31m[Kvector[m[K<double> waypoint_loader(std::string filename);
[2.503s]       |         [01;31m[K^~~~~~[m[K
[2.656s] [01m[K/home/cl4y3r/VDS/chassis_controller/src/chassis_controller.cpp:[m[K In constructor â€˜[01m[KChassisController::ChassisController()[m[Kâ€™:
[2.656s] [01m[K/home/cl4y3r/VDS/chassis_controller/src/chassis_controller.cpp:17:5:[m[K [01;31m[Kerror: [m[Kâ€˜[01m[Kwp_x[m[Kâ€™ was not declared in this scope
[2.656s]    17 |     [01;31m[Kwp_x[m[K,wp_y=waypoint_loader("point.csv");
[2.656s]       |     [01;31m[K^~~~[m[K
[2.658s] [01m[K/home/cl4y3r/VDS/chassis_controller/src/chassis_controller.cpp:17:10:[m[K [01;31m[Kerror: [m[Kâ€˜[01m[Kwp_y[m[Kâ€™ was not declared in this scope
[2.658s]    17 |     wp_x,[01;31m[Kwp_y[m[K=waypoint_loader("point.csv");
[2.658s]       |          [01;31m[K^~~~[m[K
[2.663s] [01m[K/home/cl4y3r/VDS/chassis_controller/src/chassis_controller.cpp:17:15:[m[K [01;31m[Kerror: [m[Kâ€˜[01m[Kwaypoint_loader[m[Kâ€™ was not declared in this scope
[2.663s]    17 |     wp_x,wp_y=[01;31m[Kwaypoint_loader[m[K("point.csv");
[2.664s]       |               [01;31m[K^~~~~~~~~~~~~~~[m[K
[2.933s] [01m[K/home/cl4y3r/VDS/chassis_controller/src/chassis_controller.cpp:[m[K At global scope:
[2.933s] [01m[K/home/cl4y3r/VDS/chassis_controller/src/chassis_controller.cpp:70:1:[m[K [01;31m[Kerror: [m[Kâ€˜[01m[Kvector[m[Kâ€™ does not name a type
[2.933s]    70 | [01;31m[Kvector[m[K<double> ChassisController::waypoint_loader(std::string filename){
[2.933s]       | [01;31m[K^~~~~~[m[K
[2.934s] [01m[K/home/cl4y3r/VDS/chassis_controller/src/chassis_controller.cpp:[m[K In member function â€˜[01m[Kdouble ChassisController::longitudinal_controller(double, double)[m[Kâ€™:
[2.934s] [01m[K/home/cl4y3r/VDS/chassis_controller/src/chassis_controller.cpp:100:58:[m[K [01;35m[Kwarning: [m[Kunused parameter â€˜[01m[Kvelocity_x[m[Kâ€™ [[01;35m[K-Wunused-parameter[m[K]
[2.934s]   100 | double ChassisController::longitudinal_controller([01;35m[Kdouble velocity_x[m[K, double acc_x){
[2.934s]       |                                                   [01;35m[K~~~~~~~^~~~~~~~~~[m[K
[2.935s] [01m[K/home/cl4y3r/VDS/chassis_controller/src/chassis_controller.cpp:100:77:[m[K [01;35m[Kwarning: [m[Kunused parameter â€˜[01m[Kacc_x[m[Kâ€™ [[01;35m[K-Wunused-parameter[m[K]
[2.935s]   100 | ontroller::longitudinal_controller(double velocity_x, [01;35m[Kdouble acc_x[m[K){
[2.935s]       |                                                       [01;35m[K~~~~~~~^~~~~[m[K
[2.935s] 
[2.935s] [01m[K/home/cl4y3r/VDS/chassis_controller/src/chassis_controller.cpp:[m[K In member function â€˜[01m[Kdouble ChassisController::lateral_controller(double, double, double, double, double)[m[Kâ€™:
[2.936s] [01m[K/home/cl4y3r/VDS/chassis_controller/src/chassis_controller.cpp:104:53:[m[K [01;35m[Kwarning: [m[Kunused parameter â€˜[01m[Kyaw[m[Kâ€™ [[01;35m[K-Wunused-parameter[m[K]
[2.936s]   104 | double ChassisController::lateral_controller([01;35m[Kdouble yaw[m[K, double yaw_rate, double pos_x, double pos_y, double velocity_x){
[2.936s]       |                                              [01;35m[K~~~~~~~^~~[m[K
[2.936s] [01m[K/home/cl4y3r/VDS/chassis_controller/src/chassis_controller.cpp:104:65:[m[K [01;35m[Kwarning: [m[Kunused parameter â€˜[01m[Kyaw_rate[m[Kâ€™ [[01;35m[K-Wunused-parameter[m[K]
[2.936s]   104 | ble ChassisController::lateral_controller(double yaw, [01;35m[Kdouble yaw_rate[m[K, double pos_x, double pos_y, double velocity_x){
[2.937s]       |                                                       [01;35m[K~~~~~~~^~~~~~~~[m[K
[2.937s] 
[2.937s] [01m[K/home/cl4y3r/VDS/chassis_controller/src/chassis_controller.cpp:104:82:[m[K [01;35m[Kwarning: [m[Kunused parameter â€˜[01m[Kpos_x[m[Kâ€™ [[01;35m[K-Wunused-parameter[m[K]
[2.937s]   104 | ller::lateral_controller(double yaw, double yaw_rate, [01;35m[Kdouble pos_x[m[K, double pos_y, double velocity_x){
[2.938s]       |                                                       [01;35m[K~~~~~~~^~~~~[m[K
[2.938s] 
[2.938s] [01m[K/home/cl4y3r/VDS/chassis_controller/src/chassis_controller.cpp:104:96:[m[K [01;35m[Kwarning: [m[Kunused parameter â€˜[01m[Kpos_y[m[Kâ€™ [[01;35m[K-Wunused-parameter[m[K]
[2.938s]   104 | controller(double yaw, double yaw_rate, double pos_x, [01;35m[Kdouble pos_y[m[K, double velocity_x){
[2.938s]       |                                                       [01;35m[K~~~~~~~^~~~~[m[K
[2.938s] 
[2.938s] [01m[K/home/cl4y3r/VDS/chassis_controller/src/chassis_controller.cpp:104:110:[m[K [01;35m[Kwarning: [m[Kunused parameter â€˜[01m[Kvelocity_x[m[Kâ€™ [[01;35m[K-Wunused-parameter[m[K]
[2.939s]   104 | er(double yaw, double yaw_rate, double pos_x, double pos_y, [01;35m[Kdouble velocity_x[m[K){
[2.939s]       |                                                             [01;35m[K~~~~~~~^~~~~~~~~~[m[K
[2.939s] 
[9.110s] make[2]: *** [CMakeFiles/chassis_controller.dir/build.make:63: CMakeFiles/chassis_controller.dir/src/chassis_controller.cpp.o] Error 1
[9.111s] make[1]: *** [CMakeFiles/Makefile2:78: CMakeFiles/chassis_controller.dir/all] Error 2
[9.111s] make: *** [Makefile:141: all] Error 2
[9.116s] Invoked command in '/home/cl4y3r/VDS/build/chassis_controller' returned '2': CMAKE_PREFIX_PATH=${CMAKE_PREFIX_PATH}:/opt/ros/foxy /usr/bin/cmake --build /home/cl4y3r/VDS/build/chassis_controller -- -j8 -l8
