[35m[1mScanning dependencies of target main_msg[0m
[ 50%] [32mBuilding CXX object CMakeFiles/main_msg.dir/src/msg_subpub.cpp.o[0m
[01m[K/home/cl4y3r/VDS/autodriving/src/msg_subpub.cpp:[m[K In member function â€˜[01m[Kvoid msgSubPub::publisher_callback()[m[Kâ€™:
[01m[K/home/cl4y3r/VDS/autodriving/src/msg_subpub.cpp:145:54:[m[K [01;31m[Kerror: [m[Kâ€˜[01m[Kimu_msg[m[Kâ€™ was not declared in this scope
  145 |     auto my_out = chassisController::long_controller([01;31m[Kimu_msg[m[K->linear_acceleration.x);
      |                                                      [01;31m[K^~~~~~~[m[K
make[2]: *** [CMakeFiles/main_msg.dir/build.make:63: CMakeFiles/main_msg.dir/src/msg_subpub.cpp.o] Error 1
make[1]: *** [CMakeFiles/Makefile2:78: CMakeFiles/main_msg.dir/all] Error 2
make: *** [Makefile:141: all] Error 2
