[0.012s] Invoking command in '/home/cl4y3r/VDS/build/chassis_controller': CMAKE_PREFIX_PATH=${CMAKE_PREFIX_PATH}:/opt/ros/foxy /usr/bin/cmake --build /home/cl4y3r/VDS/build/chassis_controller -- -j8 -l8
[0.051s] [35m[1mScanning dependencies of target chassis_controller[0m
[0.075s] [ 50%] [32mBuilding CXX object CMakeFiles/chassis_controller.dir/src/chassis_controller.cpp.o[0m
[2.313s] [01m[K/home/cl4y3r/VDS/chassis_controller/src/chassis_controller.cpp:[m[K In member function â€˜[01m[Kstd::vector<double, std::allocator<double> > ChassisController::reference_finder(std::vector<std::vector<double, std::allocator<double> > >, double, double)[m[Kâ€™:
[2.313s] [01m[K/home/cl4y3r/VDS/chassis_controller/src/chassis_controller.cpp:127:9:[m[K [01;31m[Kerror: [m[Kexpected â€˜[01m[K,[m[Kâ€™ or â€˜[01m[K;[m[Kâ€™ before â€˜[01m[Kdistance_all[m[Kâ€™
[2.313s]   127 |         [01;31m[Kdistance_all[m[K.push_back(dis_s);
[2.313s]       |         [01;31m[K^~~~~~~~~~~~[m[K
[2.313s] [01m[K/home/cl4y3r/VDS/chassis_controller/src/chassis_controller.cpp:126:16:[m[K [01;35m[Kwarning: [m[Kunused variable â€˜[01m[Kdis_s[m[Kâ€™ [[01;35m[K-Wunused-variable[m[K]
[2.313s]   126 |         double [01;35m[Kdis_s[m[K = sqrt((pos_x - i[0]) * (pos_x - i[0]) + (pos_y - i[1]) * (pos_y - i[1]))
[2.313s]       |                [01;35m[K^~~~~[m[K
[2.313s] [01m[K/home/cl4y3r/VDS/chassis_controller/src/chassis_controller.cpp:132:43:[m[K [01;31m[Kerror: [m[Kno matching function for call to â€˜[01m[Kstd::vector<double, std::allocator<double> >::push_back(__gnu_cxx::__alloc_traits<std::allocator<std::vector<double, std::allocator<double> > >, std::vector<double, std::allocator<double> > >::value_type&)[m[Kâ€™
[2.313s]   132 |     final_point.push_back(waypoint_list[0][01;31m[K)[m[K;//x
[2.314s]       |                                           [01;31m[K^[m[K
[2.314s] In file included from [01m[K/usr/include/c++/9/vector:67[m[K,
[2.314s]                  from [01m[K/home/cl4y3r/VDS/chassis_controller/include/chassis_controller/chassis_controller.hpp:8[m[K,
[2.314s]                  from [01m[K/home/cl4y3r/VDS/chassis_controller/src/chassis_controller.cpp:1[m[K:
[2.314s] [01m[K/usr/include/c++/9/bits/stl_vector.h:1184:7:[m[K [01;36m[Knote: [m[Kcandidate: â€˜[01m[Kvoid std::vector<_Tp, _Alloc>::push_back(const value_type&) [with _Tp = double; _Alloc = std::allocator<double>; std::vector<_Tp, _Alloc>::value_type = double][m[Kâ€™
[2.314s]  1184 |       [01;36m[Kpush_back[m[K(const value_type& __x)
[2.314s]       |       [01;36m[K^~~~~~~~~[m[K
[2.314s] [01m[K/usr/include/c++/9/bits/stl_vector.h:1184:35:[m[K [01;36m[Knote: [m[K  no known conversion for argument 1 from â€˜[01m[K__gnu_cxx::__alloc_traits<std::allocator<std::vector<double, std::allocator<double> > >, std::vector<double, std::allocator<double> > >::value_type[m[Kâ€™ {aka â€˜[01m[Kstd::vector<double, std::allocator<double> >[m[Kâ€™} to â€˜[01m[Kconst value_type&[m[Kâ€™ {aka â€˜[01m[Kconst double&[m[Kâ€™}
[2.314s]  1184 |       push_back([01;36m[Kconst value_type& __x[m[K)
[2.314s]       |                 [01;36m[K~~~~~~~~~~~~~~~~~~^~~[m[K
[2.314s] [01m[K/usr/include/c++/9/bits/stl_vector.h:1200:7:[m[K [01;36m[Knote: [m[Kcandidate: â€˜[01m[Kvoid std::vector<_Tp, _Alloc>::push_back(std::vector<_Tp, _Alloc>::value_type&&) [with _Tp = double; _Alloc = std::allocator<double>; std::vector<_Tp, _Alloc>::value_type = double][m[Kâ€™
[2.314s]  1200 |       [01;36m[Kpush_back[m[K(value_type&& __x)
[2.315s]       |       [01;36m[K^~~~~~~~~[m[K
[2.315s] [01m[K/usr/include/c++/9/bits/stl_vector.h:1200:30:[m[K [01;36m[Knote: [m[K  no known conversion for argument 1 from â€˜[01m[K__gnu_cxx::__alloc_traits<std::allocator<std::vector<double, std::allocator<double> > >, std::vector<double, std::allocator<double> > >::value_type[m[Kâ€™ {aka â€˜[01m[Kstd::vector<double, std::allocator<double> >[m[Kâ€™} to â€˜[01m[Kstd::vector<double, std::allocator<double> >::value_type&&[m[Kâ€™ {aka â€˜[01m[Kdouble&&[m[Kâ€™}
[2.315s]  1200 |       push_back([01;36m[Kvalue_type&& __x[m[K)
[2.315s]       |                 [01;36m[K~~~~~~~~~~~~~^~~[m[K
[2.315s] [01m[K/home/cl4y3r/VDS/chassis_controller/src/chassis_controller.cpp:133:43:[m[K [01;31m[Kerror: [m[Kno matching function for call to â€˜[01m[Kstd::vector<double, std::allocator<double> >::push_back(__gnu_cxx::__alloc_traits<std::allocator<std::vector<double, std::allocator<double> > >, std::vector<double, std::allocator<double> > >::value_type&)[m[Kâ€™
[2.315s]   133 |     final_point.push_back(waypoint_list[1][01;31m[K)[m[K;//y
[2.315s]       |                                           [01;31m[K^[m[K
[2.315s] In file included from [01m[K/usr/include/c++/9/vector:67[m[K,
[2.315s]                  from [01m[K/home/cl4y3r/VDS/chassis_controller/include/chassis_controller/chassis_controller.hpp:8[m[K,
[2.315s]                  from [01m[K/home/cl4y3r/VDS/chassis_controller/src/chassis_controller.cpp:1[m[K:
[2.315s] [01m[K/usr/include/c++/9/bits/stl_vector.h:1184:7:[m[K [01;36m[Knote: [m[Kcandidate: â€˜[01m[Kvoid std::vector<_Tp, _Alloc>::push_back(const value_type&) [with _Tp = double; _Alloc = std::allocator<double>; std::vector<_Tp, _Alloc>::value_type = double][m[Kâ€™
[2.315s]  1184 |       [01;36m[Kpush_back[m[K(const value_type& __x)
[2.315s]       |       [01;36m[K^~~~~~~~~[m[K
[2.315s] [01m[K/usr/include/c++/9/bits/stl_vector.h:1184:35:[m[K [01;36m[Knote: [m[K  no known conversion for argument 1 from â€˜[01m[K__gnu_cxx::__alloc_traits<std::allocator<std::vector<double, std::allocator<double> > >, std::vector<double, std::allocator<double> > >::value_type[m[Kâ€™ {aka â€˜[01m[Kstd::vector<double, std::allocator<double> >[m[Kâ€™} to â€˜[01m[Kconst value_type&[m[Kâ€™ {aka â€˜[01m[Kconst double&[m[Kâ€™}
[2.315s]  1184 |       push_back([01;36m[Kconst value_type& __x[m[K)
[2.315s]       |                 [01;36m[K~~~~~~~~~~~~~~~~~~^~~[m[K
[2.316s] [01m[K/usr/include/c++/9/bits/stl_vector.h:1200:7:[m[K [01;36m[Knote: [m[Kcandidate: â€˜[01m[Kvoid std::vector<_Tp, _Alloc>::push_back(std::vector<_Tp, _Alloc>::value_type&&) [with _Tp = double; _Alloc = std::allocator<double>; std::vector<_Tp, _Alloc>::value_type = double][m[Kâ€™
[2.316s]  1200 |       [01;36m[Kpush_back[m[K(value_type&& __x)
[2.316s]       |       [01;36m[K^~~~~~~~~[m[K
[2.316s] [01m[K/usr/include/c++/9/bits/stl_vector.h:1200:30:[m[K [01;36m[Knote: [m[K  no known conversion for argument 1 from â€˜[01m[K__gnu_cxx::__alloc_traits<std::allocator<std::vector<double, std::allocator<double> > >, std::vector<double, std::allocator<double> > >::value_type[m[Kâ€™ {aka â€˜[01m[Kstd::vector<double, std::allocator<double> >[m[Kâ€™} to â€˜[01m[Kstd::vector<double, std::allocator<double> >::value_type&&[m[Kâ€™ {aka â€˜[01m[Kdouble&&[m[Kâ€™}
[2.316s]  1200 |       push_back([01;36m[Kvalue_type&& __x[m[K)
[2.316s]       |                 [01;36m[K~~~~~~~~~~~~~^~~[m[K
[2.316s] [01m[K/home/cl4y3r/VDS/chassis_controller/src/chassis_controller.cpp:130:12:[m[K [01;35m[Kwarning: [m[Kunused variable â€˜[01m[Kindex[m[Kâ€™ [[01;35m[K-Wunused-variable[m[K]
[2.316s]   130 |     double [01;35m[Kindex[m[K = std::distance(std::begin(distance_all), min);
[2.316s]       |            [01;35m[K^~~~~[m[K
[2.444s] [01m[K/home/cl4y3r/VDS/chassis_controller/src/chassis_controller.cpp:[m[K In member function â€˜[01m[Kdouble ChassisController::longitudinal_controller(double, double)[m[Kâ€™:
[2.444s] [01m[K/home/cl4y3r/VDS/chassis_controller/src/chassis_controller.cpp:158:58:[m[K [01;35m[Kwarning: [m[Kunused parameter â€˜[01m[Kvelocity_x[m[Kâ€™ [[01;35m[K-Wunused-parameter[m[K]
[2.444s]   158 | double ChassisController::longitudinal_controller([01;35m[Kdouble velocity_x[m[K, double acc_x)
[2.444s]       |                                                   [01;35m[K~~~~~~~^~~~~~~~~~[m[K
[2.444s] [01m[K/home/cl4y3r/VDS/chassis_controller/src/chassis_controller.cpp:158:77:[m[K [01;35m[Kwarning: [m[Kunused parameter â€˜[01m[Kacc_x[m[Kâ€™ [[01;35m[K-Wunused-parameter[m[K]
[2.444s]   158 | ontroller::longitudinal_controller(double velocity_x, [01;35m[Kdouble acc_x[m[K)
[2.444s]       |                                                       [01;35m[K~~~~~~~^~~~~[m[K
[2.445s] 
[2.445s] [01m[K/home/cl4y3r/VDS/chassis_controller/src/chassis_controller.cpp:[m[K In member function â€˜[01m[Kdouble ChassisController::lateral_controller(double, double, double, double, double, double, double, double, double, double)[m[Kâ€™:
[2.445s] [01m[K/home/cl4y3r/VDS/chassis_controller/src/chassis_controller.cpp:168:5:[m[K [01;31m[Kerror: [m[Kexpected â€˜[01m[K,[m[Kâ€™ or â€˜[01m[K;[m[Kâ€™ before â€˜[01m[KMatrixXd[m[Kâ€™
[2.445s]   168 |     [01;31m[KMatrixXd[m[K tor(1,2), nor(1,2), distance(2,1);
[2.445s]       |     [01;31m[K^~~~~~~~[m[K
[2.446s] [01m[K/home/cl4y3r/VDS/chassis_controller/src/chassis_controller.cpp:169:5:[m[K [01;31m[Kerror: [m[Kâ€˜[01m[Ktor[m[Kâ€™ was not declared in this scope
[2.446s]   169 |     [01;31m[Ktor[m[K(0,0) = cos(theta_ref);
[2.446s]       |     [01;31m[K^~~[m[K
[2.448s] [01m[K/home/cl4y3r/VDS/chassis_controller/src/chassis_controller.cpp:171:5:[m[K [01;31m[Kerror: [m[Kâ€˜[01m[Knor[m[Kâ€™ was not declared in this scope; did you mean â€˜[01m[Know[m[Kâ€™?
[2.448s]   171 |     [01;31m[Knor[m[K(0,0) = -sin(theta_ref);
[2.448s]       |     [01;31m[K^~~[m[K
[2.448s]       |     [32m[Know[m[K
[2.449s] [01m[K/home/cl4y3r/VDS/chassis_controller/src/chassis_controller.cpp:173:5:[m[K [01;31m[Kerror: [m[Kâ€˜[01m[Kdistance[m[Kâ€™ was not declared in this scope; did you mean â€˜[01m[Kstd::distance[m[Kâ€™?
[2.449s]   173 |     [01;31m[Kdistance[m[K(0,0) = reference_pos[0] - x_ref;
[2.449s]       |     [01;31m[K^~~~~~~~[m[K
[2.449s]       |     [32m[Kstd::distance[m[K
[2.449s] In file included from [01m[K/usr/include/c++/9/bits/stl_algobase.h:66[m[K,
[2.449s]                  from [01m[K/usr/include/c++/9/algorithm:61[m[K,
[2.449s]                  from [01m[K/home/cl4y3r/VDS/chassis_controller/include/chassis_controller/chassis_controller.hpp:3[m[K,
[2.449s]                  from [01m[K/home/cl4y3r/VDS/chassis_controller/src/chassis_controller.cpp:1[m[K:
[2.449s] [01m[K/usr/include/c++/9/bits/stl_iterator_base_funcs.h:138:5:[m[K [01;36m[Knote: [m[Kâ€˜[01m[Kstd::distance[m[Kâ€™ declared here
[2.449s]   138 |     [01;36m[Kdistance[m[K(_InputIterator __first, _InputIterator __last)
[2.449s]       |     [01;36m[K^~~~~~~~[m[K
[2.544s] [01m[K/home/cl4y3r/VDS/chassis_controller/src/chassis_controller.cpp:176:12:[m[K [01;35m[Kwarning: [m[Kunused variable â€˜[01m[Kerr_s[m[Kâ€™ [[01;35m[K-Wunused-variable[m[K]
[2.544s]   176 |     double [01;35m[Kerr_s[m[K = (tor * distance)(0,0);
[2.544s]       |            [01;35m[K^~~~~[m[K
[2.545s] [01m[K/home/cl4y3r/VDS/chassis_controller/src/chassis_controller.cpp:163:82:[m[K [01;35m[Kwarning: [m[Kunused parameter â€˜[01m[Kpos_x[m[Kâ€™ [[01;35m[K-Wunused-parameter[m[K]
[2.545s]   163 | ller::lateral_controller(double yaw, double yaw_rate, [01;35m[Kdouble pos_x[m[K, double pos_y,
[2.545s]       |                                                       [01;35m[K~~~~~~~^~~~~[m[K
[2.545s] 
[2.545s] [01m[K/home/cl4y3r/VDS/chassis_controller/src/chassis_controller.cpp:163:96:[m[K [01;35m[Kwarning: [m[Kunused parameter â€˜[01m[Kpos_y[m[Kâ€™ [[01;35m[K-Wunused-parameter[m[K]
[2.545s]   163 | controller(double yaw, double yaw_rate, double pos_x, [01;35m[Kdouble pos_y[m[K,
[2.545s]       |                                                       [01;35m[K~~~~~~~^~~~~[m[K
[2.545s] 
[8.301s] make[2]: *** [CMakeFiles/chassis_controller.dir/build.make:63: CMakeFiles/chassis_controller.dir/src/chassis_controller.cpp.o] Error 1
[8.301s] make[1]: *** [CMakeFiles/Makefile2:78: CMakeFiles/chassis_controller.dir/all] Error 2
[8.301s] make: *** [Makefile:141: all] Error 2
[8.304s] Invoked command in '/home/cl4y3r/VDS/build/chassis_controller' returned '2': CMAKE_PREFIX_PATH=${CMAKE_PREFIX_PATH}:/opt/ros/foxy /usr/bin/cmake --build /home/cl4y3r/VDS/build/chassis_controller -- -j8 -l8
