[0.014s] Invoking command in '/home/cl4y3r/VDS/build/chassis_controller': CMAKE_PREFIX_PATH=${CMAKE_PREFIX_PATH}:/opt/ros/foxy /usr/bin/cmake --build /home/cl4y3r/VDS/build/chassis_controller -- -j8 -l8
[0.133s] [35m[1mScanning dependencies of target chassis_controller[0m
[0.168s] [ 50%] [32mBuilding CXX object CMakeFiles/chassis_controller.dir/src/chassis_controller.cpp.o[0m
[2.528s] [01m[K/home/cl4y3r/VDS/chassis_controller/src/chassis_controller.cpp:[m[K In member function â€˜[01m[Kbool ChassisController::riccati_solver(Eigen::MatrixXd, Eigen::MatrixXd, Eigen::MatrixXd, Eigen::MatrixXd, Eigen::MatrixXd&, double, uint)[m[Kâ€™:
[2.528s] [01m[K/home/cl4y3r/VDS/chassis_controller/src/chassis_controller.cpp:146:5:[m[K [01;31m[Kerror: [m[Kâ€˜[01m[KP_next[m[Kâ€™ was not declared in this scope
[2.528s]   146 |     [01;31m[KP_next[m[K = A.transpose() * P * A -
[2.528s]       |     [01;31m[K^~~~~~[m[K
[2.642s] [01m[K/home/cl4y3r/VDS/chassis_controller/src/chassis_controller.cpp:139:66:[m[K [01;35m[Kwarning: [m[Kunused parameter â€˜[01m[Ktolerance[m[Kâ€™ [[01;35m[K-Wunused-parameter[m[K]
[2.642s]   139 |                             MatrixXd R, MatrixXd &P,[01;35m[Kconst double tolerance[m[K,
[2.642s]       |                                                     [01;35m[K~~~~~~~~~~~~~^~~~~~~~~[m[K
[2.642s] [01m[K/home/cl4y3r/VDS/chassis_controller/src/chassis_controller.cpp:[m[K In member function â€˜[01m[Kdouble ChassisController::longitudinal_controller(double, double)[m[Kâ€™:
[2.642s] [01m[K/home/cl4y3r/VDS/chassis_controller/src/chassis_controller.cpp:154:58:[m[K [01;35m[Kwarning: [m[Kunused parameter â€˜[01m[Kvelocity_x[m[Kâ€™ [[01;35m[K-Wunused-parameter[m[K]
[2.642s]   154 | double ChassisController::longitudinal_controller([01;35m[Kdouble velocity_x[m[K, double acc_x)
[2.642s]       |                                                   [01;35m[K~~~~~~~^~~~~~~~~~[m[K
[2.642s] [01m[K/home/cl4y3r/VDS/chassis_controller/src/chassis_controller.cpp:154:77:[m[K [01;35m[Kwarning: [m[Kunused parameter â€˜[01m[Kacc_x[m[Kâ€™ [[01;35m[K-Wunused-parameter[m[K]
[2.642s]   154 | ontroller::longitudinal_controller(double velocity_x, [01;35m[Kdouble acc_x[m[K)
[2.642s]       |                                                       [01;35m[K~~~~~~~^~~~~[m[K
[2.642s] 
[2.750s] [01m[K/home/cl4y3r/VDS/chassis_controller/src/chassis_controller.cpp:[m[K In member function â€˜[01m[Kdouble ChassisController::lateral_controller(double, double, double, double, double, double, double, double)[m[Kâ€™:
[2.750s] [01m[K/home/cl4y3r/VDS/chassis_controller/src/chassis_controller.cpp:172:12:[m[K [01;35m[Kwarning: [m[Kunused variable â€˜[01m[Kerr_s[m[Kâ€™ [[01;35m[K-Wunused-variable[m[K]
[2.750s]   172 |     double [01;35m[Kerr_s[m[K = (tor * distance)(0,0);
[2.750s]       |            [01;35m[K^~~~~[m[K
[8.612s] make[2]: *** [CMakeFiles/chassis_controller.dir/build.make:63: CMakeFiles/chassis_controller.dir/src/chassis_controller.cpp.o] Error 1
[8.612s] make[1]: *** [CMakeFiles/Makefile2:78: CMakeFiles/chassis_controller.dir/all] Error 2
[8.612s] make: *** [Makefile:141: all] Error 2
[8.617s] Invoked command in '/home/cl4y3r/VDS/build/chassis_controller' returned '2': CMAKE_PREFIX_PATH=${CMAKE_PREFIX_PATH}:/opt/ros/foxy /usr/bin/cmake --build /home/cl4y3r/VDS/build/chassis_controller -- -j8 -l8
