[0.015s] Invoking command in '/home/cl4y3r/VDS/build/chassis_controller': /usr/bin/cmake --build /home/cl4y3r/VDS/build/chassis_controller -- -j8 -l8
[0.046s] -- Found ament_cmake: 0.9.9 (/opt/ros/foxy/share/ament_cmake/cmake)
[0.067s] -- Using PYTHON_EXECUTABLE: /usr/bin/python3
[0.225s] Traceback (most recent call last):
[0.225s]   File "/opt/ros/foxy/share/ament_cmake_core/cmake/package_templates/templates_2_cmake.py", line 21, in <module>
[0.225s]     from ament_package.templates import get_environment_hook_template_path
[0.225s] ModuleNotFoundError: No module named 'ament_package'
[0.245s] CMake Error at /opt/ros/foxy/share/ament_cmake_core/cmake/ament_cmake_package_templates-extras.cmake:41 (message):
[0.245s]   execute_process(/usr/bin/python3
[0.245s]   /opt/ros/foxy/share/ament_cmake_core/cmake/package_templates/templates_2_cmake.py
[0.245s]   /home/cl4y3r/VDS/build/chassis_controller/ament_cmake_package_templates/templates.cmake)
[0.245s]   returned error code 1
[0.246s] Call Stack (most recent call first):
[0.246s]   /opt/ros/foxy/share/ament_cmake_core/cmake/ament_cmake_coreConfig.cmake:41 (include)
[0.246s]   /opt/ros/foxy/share/ament_cmake/cmake/ament_cmake_export_dependencies-extras.cmake:15 (find_package)
[0.246s]   /opt/ros/foxy/share/ament_cmake/cmake/ament_cmakeConfig.cmake:41 (include)
[0.246s]   CMakeLists.txt:15 (find_package)
[0.246s] 
[0.246s] 
[0.247s] -- Configuring incomplete, errors occurred!
[0.247s] See also "/home/cl4y3r/VDS/build/chassis_controller/CMakeFiles/CMakeOutput.log".
[0.247s] See also "/home/cl4y3r/VDS/build/chassis_controller/CMakeFiles/CMakeError.log".
[0.248s] make: *** [Makefile:266: cmake_check_build_system] Error 1
[0.250s] Invoked command in '/home/cl4y3r/VDS/build/chassis_controller' returned '2': /usr/bin/cmake --build /home/cl4y3r/VDS/build/chassis_controller -- -j8 -l8
