[0.018s] Invoking command in '/home/cl4y3r/VDS/build/chassis_controller': CMAKE_PREFIX_PATH=${CMAKE_PREFIX_PATH}:/opt/ros/foxy /usr/bin/cmake --build /home/cl4y3r/VDS/build/chassis_controller -- -j8 -l8
[0.046s] -- Found ament_cmake: 0.9.9 (/opt/ros/foxy/share/ament_cmake/cmake)
[0.070s] -- Using PYTHON_EXECUTABLE: /usr/bin/python3
[0.267s] -- Found message_filters: 3.2.5 (/opt/ros/foxy/share/message_filters/cmake)
[0.270s] -- Found rclcpp: 2.4.0 (/opt/ros/foxy/share/rclcpp/cmake)
[0.305s] -- Using all available rosidl_typesupport_c: rosidl_typesupport_fastrtps_c;rosidl_typesupport_introspection_c
[0.309s] -- Found rosidl_adapter: 1.2.1 (/opt/ros/foxy/share/rosidl_adapter/cmake)
[0.435s] -- Using all available rosidl_typesupport_cpp: rosidl_typesupport_fastrtps_cpp;rosidl_typesupport_introspection_cpp
[0.491s] -- Found rmw_implementation_cmake: 1.0.3 (/opt/ros/foxy/share/rmw_implementation_cmake/cmake)
[0.493s] -- Using RMW implementation 'rmw_fastrtps_cpp' as default
[0.662s] -- Found sensor_msgs: 2.0.4 (/opt/ros/foxy/share/sensor_msgs/cmake)
[0.798s] -- Found lgsvl_msgs: 0.0.4 (/opt/ros/foxy/share/lgsvl_msgs/cmake)
[1.021s] -- Configuring done
[1.034s] -- Generating done
[1.036s] -- Build files have been written to: /home/cl4y3r/VDS/build/chassis_controller
[1.065s] [35m[1mScanning dependencies of target chassis_controller[0m
[1.092s] [ 50%] [32mBuilding CXX object CMakeFiles/chassis_controller.dir/src/chassis_controller.cpp.o[0m
[2.976s] [01m[K/home/cl4y3r/VDS/chassis_controller/src/chassis_controller.cpp:[m[K In member function â€˜[01m[Kvoid ChassisController::msg_subscriber(const ConstSharedPtr&, const ConstSharedPtr&, const ConstSharedPtr&)[m[Kâ€™:
[2.977s] [01m[K/home/cl4y3r/VDS/chassis_controller/src/chassis_controller.cpp:35:23:[m[K [01;31m[Kerror: [m[Kâ€˜[01m[Kusing element_type = const struct sensor_msgs::msg::Imu_<std::allocator<void> >[m[Kâ€™ {aka â€˜[01m[Kconst struct sensor_msgs::msg::Imu_<std::allocator<void> >[m[Kâ€™} has no member named â€˜[01m[Kimu_msg[m[Kâ€™
[2.977s]    35 |     yaw_rate=imu_msg->[01;31m[Kimu_msg[m[K->angular_velocity.z;
[2.977s]       |                       [01;31m[K^~~~~~~[m[K
[2.978s] [01m[K/home/cl4y3r/VDS/chassis_controller/src/chassis_controller.cpp:36:23:[m[K [01;31m[Kerror: [m[Kâ€˜[01m[KPI[m[Kâ€™ was not declared in this scope
[2.979s]    36 |     yaw_rate=yaw_rate*[01;31m[KPI[m[K/180;
[2.979s]       |                       [01;31m[K^~[m[K
[2.979s] [01m[K/home/cl4y3r/VDS/chassis_controller/src/chassis_controller.cpp:25:86:[m[K [01;35m[Kwarning: [m[Kunused parameter â€˜[01m[Kgroundturth_msg[m[Kâ€™ [[01;35m[K-Wunused-parameter[m[K]
[2.979s]    25 |       [01;35m[Kconst lgsvl_msgs::msg::Detection3DArray::ConstSharedPtr& groundturth_msg[m[K,
[2.979s]       |       [01;35m[K~~~~~~~~~~~~~~~~~~~~~~~~~~~~~~~~~~~~~~~~~~~~~~~~~~~~~~~~~^~~~~~~~~~~~~~~[m[K
[2.979s] 
[2.979s] [01m[K/home/cl4y3r/VDS/chassis_controller/src/chassis_controller.cpp:26:80:[m[K [01;35m[Kwarning: [m[Kunused parameter â€˜[01m[Kcanbus_msg[m[Kâ€™ [[01;35m[K-Wunused-parameter[m[K]
[2.979s]    26 |                  [01;35m[Kconst lgsvl_msgs::msg::CanBusData::ConstSharedPtr& canbus_msg[m[K)
[2.979s]       |                  [01;35m[K~~~~~~~~~~~~~~~~~~~~~~~~~~~~~~~~~~~~~~~~~~~~~~~~~~~^~~~~~~~~~[m[K
[2.979s] 
[2.983s] In file included from [01m[K/opt/ros/foxy/include/rclcpp/client.hpp:40[m[K,
[2.983s]                  from [01m[K/opt/ros/foxy/include/rclcpp/callback_group.hpp:23[m[K,
[2.983s]                  from [01m[K/opt/ros/foxy/include/rclcpp/any_executable.hpp:20[m[K,
[2.983s]                  from [01m[K/opt/ros/foxy/include/rclcpp/memory_strategy.hpp:24[m[K,
[2.983s]                  from [01m[K/opt/ros/foxy/include/rclcpp/memory_strategies.hpp:18[m[K,
[2.983s]                  from [01m[K/opt/ros/foxy/include/rclcpp/executor_options.hpp:20[m[K,
[2.983s]                  from [01m[K/opt/ros/foxy/include/rclcpp/executor.hpp:33[m[K,
[2.984s]                  from [01m[K/opt/ros/foxy/include/rclcpp/executors/multi_threaded_executor.hpp:26[m[K,
[2.984s]                  from [01m[K/opt/ros/foxy/include/rclcpp/executors.hpp:21[m[K,
[2.984s]                  from [01m[K/opt/ros/foxy/include/rclcpp/rclcpp.hpp:146[m[K,
[2.984s]                  from [01m[K/opt/ros/foxy/include/message_filters/subscriber.h:38[m[K,
[2.984s]                  from [01m[K/home/cl4y3r/VDS/chassis_controller/include/chassis_controller/chassis_controller.hpp:6[m[K,
[2.984s]                  from [01m[K/home/cl4y3r/VDS/chassis_controller/src/chassis_controller.cpp:1[m[K:
[2.984s] [01m[K/home/cl4y3r/VDS/chassis_controller/src/chassis_controller.cpp:[m[K In member function â€˜[01m[Kvoid ChassisController::long_controller()[m[Kâ€™:
[2.984s] [01m[K/home/cl4y3r/VDS/chassis_controller/src/chassis_controller.cpp:41:53:[m[K [01;31m[Kerror: [m[Kâ€˜[01m[Klinear_acc_x[m[Kâ€™ was not declared in this scope
[2.984s]    41 |     RCLCPP_INFO(this->get_logger(), "Output: '%d'", [01;31m[Klinear_acc_x[m[K);
[2.984s]       |                                                     [01;31m[K^~~~~~~~~~~~[m[K
[2.986s] [01m[K/home/cl4y3r/VDS/chassis_controller/src/chassis_controller.cpp:46:34:[m[K [01;31m[Kerror: [m[Kâ€˜[01m[Klinear_acc_x[m[Kâ€™ was not declared in this scope
[2.986s]    46 |     control.target_wheel_angle = [01;31m[Klinear_acc_x[m[K; //è½¦è½®è½¬è§’
[2.987s]       |                                  [01;31m[K^~~~~~~~~~~~[m[K
[6.978s] make[2]: *** [CMakeFiles/chassis_controller.dir/build.make:63: CMakeFiles/chassis_controller.dir/src/chassis_controller.cpp.o] Error 1
[6.979s] make[1]: *** [CMakeFiles/Makefile2:78: CMakeFiles/chassis_controller.dir/all] Error 2
[6.979s] make: *** [Makefile:141: all] Error 2
[6.983s] Invoked command in '/home/cl4y3r/VDS/build/chassis_controller' returned '2': CMAKE_PREFIX_PATH=${CMAKE_PREFIX_PATH}:/opt/ros/foxy /usr/bin/cmake --build /home/cl4y3r/VDS/build/chassis_controller -- -j8 -l8
