[0.012s] Invoking command in '/home/cl4y3r/VDS/build/chassis_controller': CMAKE_PREFIX_PATH=/opt/ros/foxy /usr/bin/cmake --build /home/cl4y3r/VDS/build/chassis_controller -- -j8 -l8
[0.049s] [35m[1mScanning dependencies of target chassis_controller[0m
[0.073s] [ 50%] [32mBuilding CXX object CMakeFiles/chassis_controller.dir/src/chassis_controller.cpp.o[0m
[1.376s] In file included from [01m[K/home/cl4y3r/VDS/chassis_controller/src/chassis_controller.cpp:1[m[K:
[1.376s] [01m[K/home/cl4y3r/VDS/chassis_controller/include/chassis_controller/chassis_controller.hpp:60:16:[m[K [01;31m[Kerror: [m[Kredeclaration of â€˜[01m[Kdouble ChassisController::phi_p[m[Kâ€™
[1.376s]    60 |         double [01;31m[Kphi_p[m[K;
[1.376s]       |                [01;31m[K^~~~~[m[K
[1.376s] [01m[K/home/cl4y3r/VDS/chassis_controller/include/chassis_controller/chassis_controller.hpp:54:16:[m[K [01;36m[Knote: [m[Kprevious declaration â€˜[01m[Kdouble ChassisController::phi_p[m[Kâ€™
[1.376s]    54 |         double [01;36m[Kphi_p[m[K;
[1.376s]       |                [01;36m[K^~~~~[m[K
[1.485s] [01m[K/home/cl4y3r/VDS/chassis_controller/src/chassis_controller.cpp:[m[K In member function â€˜[01m[Kvoid ChassisController::msg_subscriber(const ConstSharedPtr&, const ConstSharedPtr&, const ConstSharedPtr&, const ConstSharedPtr&)[m[Kâ€™:
[1.485s] [01m[K/home/cl4y3r/VDS/chassis_controller/src/chassis_controller.cpp:41:18:[m[K [01;31m[Kerror: [m[Kâ€˜[01m[Kusing element_type = const struct nav_msgs::msg::Odometry_<std::allocator<void> >[m[Kâ€™ {aka â€˜[01m[Kconst struct nav_msgs::msg::Odometry_<std::allocator<void> >[m[Kâ€™} has no member named â€˜[01m[KPose[m[Kâ€™; did you mean â€˜[01m[Kpose[m[Kâ€™?
[1.485s]    41 |     x = gps_msg->[01;31m[KPose[m[K.position.x;
[1.485s]       |                  [01;31m[K^~~~[m[K
[1.485s]       |                  [32m[Kpose[m[K
[1.485s] [01m[K/home/cl4y3r/VDS/chassis_controller/src/chassis_controller.cpp:[m[K At global scope:
[1.485s] [01m[K/home/cl4y3r/VDS/chassis_controller/src/chassis_controller.cpp:50:8:[m[K [01;31m[Kerror: [m[Kno declaration matches â€˜[01m[Kdouble ChassisController::lateral_controller()[m[Kâ€™
[1.485s]    50 | double [01;31m[KChassisController[m[K::lateral_controller(){
[1.485s]       |        [01;31m[K^~~~~~~~~~~~~~~~~[m[K
[1.485s] In file included from [01m[K/home/cl4y3r/VDS/chassis_controller/src/chassis_controller.cpp:1[m[K:
[1.485s] [01m[K/home/cl4y3r/VDS/chassis_controller/include/chassis_controller/chassis_controller.hpp:73:14:[m[K [01;36m[Knote: [m[Kcandidate is: â€˜[01m[Kvoid ChassisController::lateral_controller()[m[Kâ€™
[1.485s]    73 |         void [01;36m[Klateral_controller[m[K();
[1.485s]       |              [01;36m[K^~~~~~~~~~~~~~~~~~[m[K
[1.486s] In file included from [01m[K/home/cl4y3r/VDS/chassis_controller/src/chassis_controller.cpp:1[m[K:
[1.486s] [01m[K/home/cl4y3r/VDS/chassis_controller/include/chassis_controller/chassis_controller.hpp:29:7:[m[K [01;36m[Knote: [m[Kâ€˜[01m[Kclass ChassisController[m[Kâ€™ defined here
[1.486s]    29 | class [01;36m[KChassisController[m[K: public rclcpp::Node{
[1.486s]       |       [01;36m[K^~~~~~~~~~~~~~~~~[m[K
[5.459s] make[2]: *** [CMakeFiles/chassis_controller.dir/build.make:63: CMakeFiles/chassis_controller.dir/src/chassis_controller.cpp.o] Error 1
[5.459s] make[1]: *** [CMakeFiles/Makefile2:78: CMakeFiles/chassis_controller.dir/all] Error 2
[5.459s] make: *** [Makefile:141: all] Error 2
[5.461s] Invoked command in '/home/cl4y3r/VDS/build/chassis_controller' returned '2': CMAKE_PREFIX_PATH=/opt/ros/foxy /usr/bin/cmake --build /home/cl4y3r/VDS/build/chassis_controller -- -j8 -l8
