[01m[K/home/cl4y3r/VDS/chassis_controller/src/chassis_controller.cpp:[m[K In member function â€˜[01m[Kbool ChassisController::riccati_solver(Eigen::MatrixXd, Eigen::MatrixXd, Eigen::MatrixXd, Eigen::MatrixXd, Eigen::MatrixXd&, double, uint)[m[Kâ€™:
[01m[K/home/cl4y3r/VDS/chassis_controller/src/chassis_controller.cpp:130:14:[m[K [01;31m[Kerror: [m[Kâ€˜[01m[KAd[m[Kâ€™ was not declared in this scope; did you mean â€˜[01m[KA[m[Kâ€™?
  130 |     P_next = [01;31m[KAd[m[K.transpose() * P * Ad -
      |              [01;31m[K^~[m[K
      |              [32m[KA[m[K
[01m[K/home/cl4y3r/VDS/chassis_controller/src/chassis_controller.cpp:131:35:[m[K [01;31m[Kerror: [m[Kâ€˜[01m[KBd[m[Kâ€™ was not declared in this scope; did you mean â€˜[01m[KB[m[Kâ€™?
  131 |              Ad.transpose() * P * [01;31m[KBd[m[K * (R + Bd.transpose() * P * Bd).inverse() * Bd.transpose() * P * Ad + Q;
      |                                   [01;31m[K^~[m[K
      |                                   [32m[KB[m[K
[01m[K/home/cl4y3r/VDS/chassis_controller/src/chassis_controller.cpp:122:49:[m[K [01;35m[Kwarning: [m[Kunused parameter â€˜[01m[KA[m[Kâ€™ [[01;35m[K-Wunused-parameter[m[K]
  122 | bool ChassisController::riccati_solver([01;35m[KMatrixXd A[m[K, MatrixXd B, MatrixXd Q,
      |                                        [01;35m[K~~~~~~~~~^[m[K
[01m[K/home/cl4y3r/VDS/chassis_controller/src/chassis_controller.cpp:122:61:[m[K [01;35m[Kwarning: [m[Kunused parameter â€˜[01m[KB[m[Kâ€™ [[01;35m[K-Wunused-parameter[m[K]
  122 | bool ChassisController::riccati_solver(MatrixXd A, [01;35m[KMatrixXd B[m[K, MatrixXd Q,
      |                                                    [01;35m[K~~~~~~~~~^[m[K
[01m[K/home/cl4y3r/VDS/chassis_controller/src/chassis_controller.cpp:[m[K In member function â€˜[01m[Kdouble ChassisController::longitudinal_controller(double, double)[m[Kâ€™:
[01m[K/home/cl4y3r/VDS/chassis_controller/src/chassis_controller.cpp:143:58:[m[K [01;35m[Kwarning: [m[Kunused parameter â€˜[01m[Kvelocity_x[m[Kâ€™ [[01;35m[K-Wunused-parameter[m[K]
  143 | double ChassisController::longitudinal_controller([01;35m[Kdouble velocity_x[m[K, double acc_x)
      |                                                   [01;35m[K~~~~~~~^~~~~~~~~~[m[K
[01m[K/home/cl4y3r/VDS/chassis_controller/src/chassis_controller.cpp:143:77:[m[K [01;35m[Kwarning: [m[Kunused parameter â€˜[01m[Kacc_x[m[Kâ€™ [[01;35m[K-Wunused-parameter[m[K]
  143 | ontroller::longitudinal_controller(double velocity_x, [01;35m[Kdouble acc_x[m[K)
      |                                                       [01;35m[K~~~~~~~^~~~~[m[K

[01m[K/home/cl4y3r/VDS/chassis_controller/src/chassis_controller.cpp:[m[K In member function â€˜[01m[Kdouble ChassisController::lateral_controller(double, double, double, double, double, double, double, double, double, double)[m[Kâ€™:
[01m[K/home/cl4y3r/VDS/chassis_controller/src/chassis_controller.cpp:160:12:[m[K [01;35m[Kwarning: [m[Kunused variable â€˜[01m[Kerr_s[m[Kâ€™ [[01;35m[K-Wunused-variable[m[K]
  160 |     double [01;35m[Kerr_s[m[K = (tor * distance)(0,0);
      |            [01;35m[K^~~~~[m[K
make[2]: *** [CMakeFiles/chassis_controller.dir/build.make:63: CMakeFiles/chassis_controller.dir/src/chassis_controller.cpp.o] Error 1
make[1]: *** [CMakeFiles/Makefile2:78: CMakeFiles/chassis_controller.dir/all] Error 2
make: *** [Makefile:141: all] Error 2
