[0.012s] Invoking command in '/home/cl4y3r/VDS/build/chassis_controller': CMAKE_PREFIX_PATH=${CMAKE_PREFIX_PATH}:/opt/ros/foxy /usr/bin/cmake --build /home/cl4y3r/VDS/build/chassis_controller -- -j8 -l8
[0.049s] [35m[1mScanning dependencies of target chassis_controller[0m
[0.073s] [ 50%] [32mBuilding CXX object CMakeFiles/chassis_controller.dir/src/chassis_controller.cpp.o[0m
[2.154s] [01m[K/home/cl4y3r/VDS/chassis_controller/src/chassis_controller.cpp:[m[K In constructor â€˜[01m[KChassisController::ChassisController()[m[Kâ€™:
[2.154s] [01m[K/home/cl4y3r/VDS/chassis_controller/src/chassis_controller.cpp:18:70:[m[K [01;31m[Kerror: [m[Kno matching function for call to â€˜[01m[KChassisController::lateral_controller(double&, double&, double&, double&, double&, int, int, int, int)[m[Kâ€™
[2.155s]    18 |     steer_control=lateral_controller(phi, phi_p, x, x, vx, 0, 0, 0, 0[01;31m[K)[m[K;
[2.155s]       |                                                                      [01;31m[K^[m[K
[2.155s] In file included from [01m[K/home/cl4y3r/VDS/chassis_controller/src/chassis_controller.cpp:1[m[K:
[2.155s] [01m[K/home/cl4y3r/VDS/chassis_controller/include/chassis_controller/chassis_controller.hpp:107:16:[m[K [01;36m[Knote: [m[Kcandidate: â€˜[01m[Kdouble ChassisController::lateral_controller(double, double, double, double, double, double, double, double, double, double)[m[Kâ€™
[2.155s]   107 |         double [01;36m[Klateral_controller[m[K(double yaw, double yaw_rate, double pos_x, double pos_y,
[2.155s]       |                [01;36m[K^~~~~~~~~~~~~~~~~~[m[K
[2.155s] [01m[K/home/cl4y3r/VDS/chassis_controller/include/chassis_controller/chassis_controller.hpp:107:16:[m[K [01;36m[Knote: [m[K  candidate expects 10 arguments, 9 provided
[2.184s] [01m[K/home/cl4y3r/VDS/chassis_controller/src/chassis_controller.cpp:[m[K In member function â€˜[01m[Kdouble ChassisController::longitudinal_controller(double, double)[m[Kâ€™:
[2.184s] [01m[K/home/cl4y3r/VDS/chassis_controller/src/chassis_controller.cpp:122:58:[m[K [01;35m[Kwarning: [m[Kunused parameter â€˜[01m[Kvelocity_x[m[Kâ€™ [[01;35m[K-Wunused-parameter[m[K]
[2.184s]   122 | double ChassisController::longitudinal_controller([01;35m[Kdouble velocity_x[m[K, double acc_x)
[2.184s]       |                                                   [01;35m[K~~~~~~~^~~~~~~~~~[m[K
[2.184s] [01m[K/home/cl4y3r/VDS/chassis_controller/src/chassis_controller.cpp:122:77:[m[K [01;35m[Kwarning: [m[Kunused parameter â€˜[01m[Kacc_x[m[Kâ€™ [[01;35m[K-Wunused-parameter[m[K]
[2.184s]   122 | ontroller::longitudinal_controller(double velocity_x, [01;35m[Kdouble acc_x[m[K)
[2.184s]       |                                                       [01;35m[K~~~~~~~^~~~~[m[K
[2.184s] 
[2.202s] [01m[K/home/cl4y3r/VDS/chassis_controller/src/chassis_controller.cpp:[m[K In member function â€˜[01m[Kdouble ChassisController::lateral_controller(double, double, double, double, double, double, double, double, double, double)[m[Kâ€™:
[2.202s] [01m[K/home/cl4y3r/VDS/chassis_controller/src/chassis_controller.cpp:143:36:[m[K [01;31m[Kerror: [m[Kcannot convert â€˜[01m[Kconst Eigen::CwiseBinaryOp<Eigen::internal::scalar_product_op<double, double>, const Eigen::Matrix<double, -1, -1>, const Eigen::Matrix<double, -1, -1> >[m[Kâ€™ to â€˜[01m[Kdouble[m[Kâ€™ in initialization
[2.202s]   143 |     double err_d = [01;31m[Knor.cwiseProduct(distance)[m[K;
[2.202s]       |                    [01;31m[K~~~~~~~~~~~~~~~~^~~~~~~~~~[m[K
[2.202s]       |                                    [01;31m[K|[m[K
[2.202s]       |                                    [01;31m[Kconst Eigen::CwiseBinaryOp<Eigen::internal::scalar_product_op<double, double>, const Eigen::Matrix<double, -1, -1>, const Eigen::Matrix<double, -1, -1> >[m[K
[2.202s] [01m[K/home/cl4y3r/VDS/chassis_controller/src/chassis_controller.cpp:144:36:[m[K [01;31m[Kerror: [m[Kcannot convert â€˜[01m[Kconst Eigen::CwiseBinaryOp<Eigen::internal::scalar_product_op<double, double>, const Eigen::Matrix<double, -1, -1>, const Eigen::Matrix<double, -1, -1> >[m[Kâ€™ to â€˜[01m[Kdouble[m[Kâ€™ in initialization
[2.202s]   144 |     double err_s = [01;31m[Ktor.cwiseProduct(distance)[m[K;
[2.202s]       |                    [01;31m[K~~~~~~~~~~~~~~~~^~~~~~~~~~[m[K
[2.203s]       |                                    [01;31m[K|[m[K
[2.203s]       |                                    [01;31m[Kconst Eigen::CwiseBinaryOp<Eigen::internal::scalar_product_op<double, double>, const Eigen::Matrix<double, -1, -1>, const Eigen::Matrix<double, -1, -1> >[m[K
[2.203s] [01m[K/home/cl4y3r/VDS/chassis_controller/src/chassis_controller.cpp:144:12:[m[K [01;35m[Kwarning: [m[Kunused variable â€˜[01m[Kerr_s[m[Kâ€™ [[01;35m[K-Wunused-variable[m[K]
[2.203s]   144 |     double [01;35m[Kerr_s[m[K = tor.cwiseProduct(distance);
[2.203s]       |            [01;35m[K^~~~~[m[K
[6.154s] make[2]: *** [CMakeFiles/chassis_controller.dir/build.make:63: CMakeFiles/chassis_controller.dir/src/chassis_controller.cpp.o] Error 1
[6.154s] make[1]: *** [CMakeFiles/Makefile2:78: CMakeFiles/chassis_controller.dir/all] Error 2
[6.154s] make: *** [Makefile:141: all] Error 2
[6.156s] Invoked command in '/home/cl4y3r/VDS/build/chassis_controller' returned '2': CMAKE_PREFIX_PATH=${CMAKE_PREFIX_PATH}:/opt/ros/foxy /usr/bin/cmake --build /home/cl4y3r/VDS/build/chassis_controller -- -j8 -l8
