[0.029s] Invoking command in '/home/cl4y3r/VDS/build/chassis_controller': CMAKE_PREFIX_PATH=${CMAKE_PREFIX_PATH}:/opt/ros/foxy /usr/bin/cmake --build /home/cl4y3r/VDS/build/chassis_controller -- -j8 -l8
[0.161s] [35m[1mScanning dependencies of target chassis_controller[0m
[0.204s] [ 50%] [32mBuilding CXX object CMakeFiles/chassis_controller.dir/src/chassis_controller.cpp.o[0m
[2.376s] In file included from [01m[K/home/cl4y3r/VDS/chassis_controller/src/chassis_controller.cpp:1[m[K:
[2.377s] [01m[K/home/cl4y3r/VDS/chassis_controller/include/chassis_controller/chassis_controller.hpp:81:32:[m[K [01;31m[Kerror: [m[Kâ€˜[01m[Kstring[m[Kâ€™ has not been declared
[2.377s]    81 |         double waypoint_loader([01;31m[Kstring[m[K filename);
[2.377s]       |                                [01;31m[K^~~~~~[m[K
[2.512s] [01m[K/home/cl4y3r/VDS/chassis_controller/src/chassis_controller.cpp:[m[K In constructor â€˜[01m[KChassisController::ChassisController()[m[Kâ€™:
[2.512s] [01m[K/home/cl4y3r/VDS/chassis_controller/src/chassis_controller.cpp:17:21:[m[K [01;31m[Kerror: [m[Kinvalid conversion from â€˜[01m[Kconst char*[m[Kâ€™ to â€˜[01m[Kint[m[Kâ€™ [[01;31m[K-fpermissive[m[K]
[2.512s]    17 |     waypoint_loader([01;31m[K"../../maps/pointmap/point.csv"[m[K);
[2.512s]       |                     [01;31m[K^~~~~~~~~~~~~~~~~~~~~~~~~~~~~~~[m[K
[2.512s]       |                     [01;31m[K|[m[K
[2.512s]       |                     [01;31m[Kconst char*[m[K
[2.513s] In file included from [01m[K/home/cl4y3r/VDS/chassis_controller/src/chassis_controller.cpp:1[m[K:
[2.513s] [01m[K/home/cl4y3r/VDS/chassis_controller/include/chassis_controller/chassis_controller.hpp:81:39:[m[K [01;36m[Knote: [m[K  initializing argument 1 of â€˜[01m[Kdouble ChassisController::waypoint_loader(int)[m[Kâ€™
[2.513s]    81 |         double waypoint_loader([01;36m[Kstring filename[m[K);
[2.513s]       |                                [01;36m[K~~~~~~~^~~~~~~~[m[K
[2.770s] [01m[K/home/cl4y3r/VDS/chassis_controller/src/chassis_controller.cpp:[m[K At global scope:
[2.770s] [01m[K/home/cl4y3r/VDS/chassis_controller/src/chassis_controller.cpp:70:8:[m[K [01;31m[Kerror: [m[Kâ€˜[01m[Kdouble ChassisController::waypoint_loader[m[Kâ€™ is not a static data member of â€˜[01m[Kclass ChassisController[m[Kâ€™
[2.770s]    70 | double [01;31m[KChassisController[m[K::waypoint_loader(string filename){
[2.770s]       |        [01;31m[K^~~~~~~~~~~~~~~~~[m[K
[2.771s] [01m[K/home/cl4y3r/VDS/chassis_controller/src/chassis_controller.cpp:70:43:[m[K [01;31m[Kerror: [m[Kâ€˜[01m[Kstring[m[Kâ€™ was not declared in this scope; did you mean â€˜[01m[Kstd::string[m[Kâ€™?
[2.771s]    70 | double ChassisController::waypoint_loader([01;31m[Kstring[m[K filename){
[2.772s]       |                                           [01;31m[K^~~~~~[m[K
[2.772s]       |                                           [32m[Kstd::string[m[K
[2.772s] In file included from [01m[K/usr/include/c++/9/iosfwd:39[m[K,
[2.772s]                  from [01m[K/usr/include/c++/9/memory:72[m[K,
[2.772s]                  from [01m[K/home/cl4y3r/VDS/chassis_controller/include/chassis_controller/chassis_controller.hpp:3[m[K,
[2.772s]                  from [01m[K/home/cl4y3r/VDS/chassis_controller/src/chassis_controller.cpp:1[m[K:
[2.772s] [01m[K/usr/include/c++/9/bits/stringfwd.h:79:33:[m[K [01;36m[Knote: [m[Kâ€˜[01m[Kstd::string[m[Kâ€™ declared here
[2.773s]    79 |   typedef basic_string<char>    [01;36m[Kstring[m[K;
[2.773s]       |                                 [01;36m[K^~~~~~[m[K
[2.773s] [01m[K/home/cl4y3r/VDS/chassis_controller/src/chassis_controller.cpp:[m[K In member function â€˜[01m[Kdouble ChassisController::longitudinal_controller(double, double)[m[Kâ€™:
[2.773s] [01m[K/home/cl4y3r/VDS/chassis_controller/src/chassis_controller.cpp:98:58:[m[K [01;35m[Kwarning: [m[Kunused parameter â€˜[01m[Kvelocity_x[m[Kâ€™ [[01;35m[K-Wunused-parameter[m[K]
[2.773s]    98 | double ChassisController::longitudinal_controller([01;35m[Kdouble velocity_x[m[K, double acc_x){
[2.773s]       |                                                   [01;35m[K~~~~~~~^~~~~~~~~~[m[K
[2.774s] [01m[K/home/cl4y3r/VDS/chassis_controller/src/chassis_controller.cpp:98:77:[m[K [01;35m[Kwarning: [m[Kunused parameter â€˜[01m[Kacc_x[m[Kâ€™ [[01;35m[K-Wunused-parameter[m[K]
[2.774s]    98 | ontroller::longitudinal_controller(double velocity_x, [01;35m[Kdouble acc_x[m[K){
[2.774s]       |                                                       [01;35m[K~~~~~~~^~~~~[m[K
[2.774s] 
[2.774s] [01m[K/home/cl4y3r/VDS/chassis_controller/src/chassis_controller.cpp:[m[K In member function â€˜[01m[Kdouble ChassisController::lateral_controller(double, double, double, double, double)[m[Kâ€™:
[2.774s] [01m[K/home/cl4y3r/VDS/chassis_controller/src/chassis_controller.cpp:102:53:[m[K [01;35m[Kwarning: [m[Kunused parameter â€˜[01m[Kyaw[m[Kâ€™ [[01;35m[K-Wunused-parameter[m[K]
[2.775s]   102 | double ChassisController::lateral_controller([01;35m[Kdouble yaw[m[K, double yaw_rate, double pos_x, double pos_y, double velocity_x){
[2.775s]       |                                              [01;35m[K~~~~~~~^~~[m[K
[2.775s] [01m[K/home/cl4y3r/VDS/chassis_controller/src/chassis_controller.cpp:102:65:[m[K [01;35m[Kwarning: [m[Kunused parameter â€˜[01m[Kyaw_rate[m[Kâ€™ [[01;35m[K-Wunused-parameter[m[K]
[2.776s]   102 | ble ChassisController::lateral_controller(double yaw, [01;35m[Kdouble yaw_rate[m[K, double pos_x, double pos_y, double velocity_x){
[2.776s]       |                                                       [01;35m[K~~~~~~~^~~~~~~~[m[K
[2.776s] 
[2.776s] [01m[K/home/cl4y3r/VDS/chassis_controller/src/chassis_controller.cpp:102:82:[m[K [01;35m[Kwarning: [m[Kunused parameter â€˜[01m[Kpos_x[m[Kâ€™ [[01;35m[K-Wunused-parameter[m[K]
[2.777s]   102 | ller::lateral_controller(double yaw, double yaw_rate, [01;35m[Kdouble pos_x[m[K, double pos_y, double velocity_x){
[2.777s]       |                                                       [01;35m[K~~~~~~~^~~~~[m[K
[2.777s] 
[2.777s] [01m[K/home/cl4y3r/VDS/chassis_controller/src/chassis_controller.cpp:102:96:[m[K [01;35m[Kwarning: [m[Kunused parameter â€˜[01m[Kpos_y[m[Kâ€™ [[01;35m[K-Wunused-parameter[m[K]
[2.777s]   102 | controller(double yaw, double yaw_rate, double pos_x, [01;35m[Kdouble pos_y[m[K, double velocity_x){
[2.778s]       |                                                       [01;35m[K~~~~~~~^~~~~[m[K
[2.778s] 
[2.778s] [01m[K/home/cl4y3r/VDS/chassis_controller/src/chassis_controller.cpp:102:110:[m[K [01;35m[Kwarning: [m[Kunused parameter â€˜[01m[Kvelocity_x[m[Kâ€™ [[01;35m[K-Wunused-parameter[m[K]
[2.778s]   102 | er(double yaw, double yaw_rate, double pos_x, double pos_y, [01;35m[Kdouble velocity_x[m[K){
[2.779s]       |                                                             [01;35m[K~~~~~~~^~~~~~~~~~[m[K
[2.779s] 
[8.401s] make[2]: *** [CMakeFiles/chassis_controller.dir/build.make:63: CMakeFiles/chassis_controller.dir/src/chassis_controller.cpp.o] Error 1
[8.402s] make[1]: *** [CMakeFiles/Makefile2:78: CMakeFiles/chassis_controller.dir/all] Error 2
[8.402s] make: *** [Makefile:141: all] Error 2
[8.406s] Invoked command in '/home/cl4y3r/VDS/build/chassis_controller' returned '2': CMAKE_PREFIX_PATH=${CMAKE_PREFIX_PATH}:/opt/ros/foxy /usr/bin/cmake --build /home/cl4y3r/VDS/build/chassis_controller -- -j8 -l8
