[0.012s] Invoking command in '/home/cl4y3r/VDS/build/chassis_controller': CMAKE_PREFIX_PATH=${CMAKE_PREFIX_PATH}:/opt/ros/foxy /usr/bin/cmake --build /home/cl4y3r/VDS/build/chassis_controller -- -j8 -l8
[0.048s] [35m[1mScanning dependencies of target chassis_controller[0m
[0.072s] [ 50%] [32mBuilding CXX object CMakeFiles/chassis_controller.dir/src/chassis_controller.cpp.o[0m
[2.141s] [01m[K/home/cl4y3r/VDS/chassis_controller/src/chassis_controller.cpp:[m[K In member function â€˜[01m[Kdouble ChassisController::longitudinal_controller(double, double)[m[Kâ€™:
[2.141s] [01m[K/home/cl4y3r/VDS/chassis_controller/src/chassis_controller.cpp:122:58:[m[K [01;35m[Kwarning: [m[Kunused parameter â€˜[01m[Kvelocity_x[m[Kâ€™ [[01;35m[K-Wunused-parameter[m[K]
[2.141s]   122 | double ChassisController::longitudinal_controller([01;35m[Kdouble velocity_x[m[K, double acc_x)
[2.141s]       |                                                   [01;35m[K~~~~~~~^~~~~~~~~~[m[K
[2.141s] [01m[K/home/cl4y3r/VDS/chassis_controller/src/chassis_controller.cpp:122:77:[m[K [01;35m[Kwarning: [m[Kunused parameter â€˜[01m[Kacc_x[m[Kâ€™ [[01;35m[K-Wunused-parameter[m[K]
[2.141s]   122 | ontroller::longitudinal_controller(double velocity_x, [01;35m[Kdouble acc_x[m[K)
[2.142s]       |                                                       [01;35m[K~~~~~~~^~~~~[m[K
[2.142s] 
[2.164s] [01m[K/home/cl4y3r/VDS/chassis_controller/src/chassis_controller.cpp:[m[K In member function â€˜[01m[Kdouble ChassisController::lateral_controller(double, double, double, double, double, double, double, double, double, double)[m[Kâ€™:
[2.164s] [01m[K/home/cl4y3r/VDS/chassis_controller/src/chassis_controller.cpp:143:31:[m[K [01;31m[Kerror: [m[Kcannot convert â€˜[01m[Kconst Eigen::CwiseBinaryOp<Eigen::internal::scalar_product_op<double, double>, const Eigen::ArrayWrapper<Eigen::Matrix<double, -1, -1> >, const Eigen::ArrayWrapper<Eigen::Matrix<double, -1, -1> > >[m[Kâ€™ to â€˜[01m[Kdouble[m[Kâ€™ in initialization
[2.164s]   143 |     double err_d = [01;31m[Knor.array()*distance.array()[m[K;
[2.164s]       |                    [01;31m[K~~~~~~~~~~~^~~~~~~~~~~~~~~~~[m[K
[2.164s]       |                               [01;31m[K|[m[K
[2.164s]       |                               [01;31m[Kconst Eigen::CwiseBinaryOp<Eigen::internal::scalar_product_op<double, double>, const Eigen::ArrayWrapper<Eigen::Matrix<double, -1, -1> >, const Eigen::ArrayWrapper<Eigen::Matrix<double, -1, -1> > >[m[K
[2.164s] [01m[K/home/cl4y3r/VDS/chassis_controller/src/chassis_controller.cpp:144:31:[m[K [01;31m[Kerror: [m[Kcannot convert â€˜[01m[Kconst Eigen::CwiseBinaryOp<Eigen::internal::scalar_product_op<double, double>, const Eigen::ArrayWrapper<Eigen::Matrix<double, -1, -1> >, const Eigen::ArrayWrapper<Eigen::Matrix<double, -1, -1> > >[m[Kâ€™ to â€˜[01m[Kdouble[m[Kâ€™ in initialization
[2.165s]   144 |     double err_s = [01;31m[Ktor.array()*distance.array()[m[K;
[2.165s]       |                    [01;31m[K~~~~~~~~~~~^~~~~~~~~~~~~~~~~[m[K
[2.165s]       |                               [01;31m[K|[m[K
[2.165s]       |                               [01;31m[Kconst Eigen::CwiseBinaryOp<Eigen::internal::scalar_product_op<double, double>, const Eigen::ArrayWrapper<Eigen::Matrix<double, -1, -1> >, const Eigen::ArrayWrapper<Eigen::Matrix<double, -1, -1> > >[m[K
[2.165s] [01m[K/home/cl4y3r/VDS/chassis_controller/src/chassis_controller.cpp:144:12:[m[K [01;35m[Kwarning: [m[Kunused variable â€˜[01m[Kerr_s[m[Kâ€™ [[01;35m[K-Wunused-variable[m[K]
[2.165s]   144 |     double [01;35m[Kerr_s[m[K = tor.array()*distance.array();
[2.165s]       |            [01;35m[K^~~~~[m[K
[6.052s] make[2]: *** [CMakeFiles/chassis_controller.dir/build.make:63: CMakeFiles/chassis_controller.dir/src/chassis_controller.cpp.o] Error 1
[6.052s] make[1]: *** [CMakeFiles/Makefile2:78: CMakeFiles/chassis_controller.dir/all] Error 2
[6.052s] make: *** [Makefile:141: all] Error 2
[6.055s] Invoked command in '/home/cl4y3r/VDS/build/chassis_controller' returned '2': CMAKE_PREFIX_PATH=${CMAKE_PREFIX_PATH}:/opt/ros/foxy /usr/bin/cmake --build /home/cl4y3r/VDS/build/chassis_controller -- -j8 -l8
