[0.014s] Invoking command in '/home/cl4y3r/VDS/build/chassis_controller': CMAKE_PREFIX_PATH=${CMAKE_PREFIX_PATH}:/opt/ros/foxy /usr/bin/cmake --build /home/cl4y3r/VDS/build/chassis_controller -- -j8 -l8
[0.047s] [35m[1mScanning dependencies of target chassis_controller[0m
[0.071s] [ 50%] [32mBuilding CXX object CMakeFiles/chassis_controller.dir/src/chassis_controller.cpp.o[0m
[2.223s] [01m[K/home/cl4y3r/VDS/chassis_controller/src/chassis_controller.cpp:[m[K In member function â€˜[01m[Kdouble ChassisController::longitudinal_controller(double, double)[m[Kâ€™:
[2.223s] [01m[K/home/cl4y3r/VDS/chassis_controller/src/chassis_controller.cpp:141:58:[m[K [01;35m[Kwarning: [m[Kunused parameter â€˜[01m[Kvelocity_x[m[Kâ€™ [[01;35m[K-Wunused-parameter[m[K]
[2.223s]   141 | double ChassisController::longitudinal_controller([01;35m[Kdouble velocity_x[m[K, double acc_x)
[2.223s]       |                                                   [01;35m[K~~~~~~~^~~~~~~~~~[m[K
[2.223s] [01m[K/home/cl4y3r/VDS/chassis_controller/src/chassis_controller.cpp:141:77:[m[K [01;35m[Kwarning: [m[Kunused parameter â€˜[01m[Kacc_x[m[Kâ€™ [[01;35m[K-Wunused-parameter[m[K]
[2.223s]   141 | ontroller::longitudinal_controller(double velocity_x, [01;35m[Kdouble acc_x[m[K)
[2.223s]       |                                                       [01;35m[K~~~~~~~^~~~~[m[K
[2.223s] 
[2.296s] [01m[K/home/cl4y3r/VDS/chassis_controller/src/chassis_controller.cpp:[m[K In member function â€˜[01m[Kdouble ChassisController::lateral_controller(double, double, double, double, double, double, double, double, double, double)[m[Kâ€™:
[2.296s] [01m[K/home/cl4y3r/VDS/chassis_controller/src/chassis_controller.cpp:213:8:[m[K [01;31m[Kerror: [m[Kexpected â€˜[01m[K([m[Kâ€™ before â€˜[01m[Kvelocity_x[m[Kâ€™
[2.296s]   213 |     if [01;31m[Kv[m[K[32m[Kelocity_x[m[K == 0
[2.296s]       |        [01;31m[K^[m[K[32m[K~~~~~~~~~[m[K
[2.296s]       |        [32m[K([m[K
[2.296s] [01m[K/home/cl4y3r/VDS/chassis_controller/src/chassis_controller.cpp:217:5:[m[K [01;31m[Kerror: [m[Kâ€˜[01m[Kelse[m[Kâ€™ without a previous â€˜[01m[Kif[m[Kâ€™
[2.296s]   217 |     [01;31m[Kelse[m[K
[2.296s]       |     [01;31m[K^~~~[m[K
[2.323s] [01m[K/home/cl4y3r/VDS/chassis_controller/src/chassis_controller.cpp:223:17:[m[K [01;31m[Kerror: [m[Kâ€˜[01m[KK[m[Kâ€™ was not declared in this scope
[2.323s]   223 |     cout<<"K "<<[01;31m[KK[m[K(0,0)<<endl;
[2.323s]       |                 [01;31m[K^[m[K
[2.323s] [01m[K/home/cl4y3r/VDS/chassis_controller/src/chassis_controller.cpp:158:12:[m[K [01;35m[Kwarning: [m[Kunused variable â€˜[01m[Kerr_s[m[Kâ€™ [[01;35m[K-Wunused-variable[m[K]
[2.323s]   158 |     double [01;35m[Kerr_s[m[K = (tor * distance)(0,0);
[2.323s]       |            [01;35m[K^~~~~[m[K
[7.906s] make[2]: *** [CMakeFiles/chassis_controller.dir/build.make:63: CMakeFiles/chassis_controller.dir/src/chassis_controller.cpp.o] Error 1
[7.906s] make[1]: *** [CMakeFiles/Makefile2:78: CMakeFiles/chassis_controller.dir/all] Error 2
[7.906s] make: *** [Makefile:141: all] Error 2
[7.908s] Invoked command in '/home/cl4y3r/VDS/build/chassis_controller' returned '2': CMAKE_PREFIX_PATH=${CMAKE_PREFIX_PATH}:/opt/ros/foxy /usr/bin/cmake --build /home/cl4y3r/VDS/build/chassis_controller -- -j8 -l8
