[0.000000] (-) TimerEvent: {}
[0.001154] (-) JobUnselected: {'identifier': 'autodriving'}
[0.001205] (chassis_controller) JobQueued: {'identifier': 'chassis_controller', 'dependencies': OrderedDict()}
[0.001481] (chassis_controller) JobStarted: {'identifier': 'chassis_controller'}
[0.016370] (chassis_controller) JobProgress: {'identifier': 'chassis_controller', 'progress': 'cmake'}
[0.018622] (chassis_controller) JobProgress: {'identifier': 'chassis_controller', 'progress': 'build'}
[0.018707] (chassis_controller) Command: {'cmd': ['/usr/bin/cmake', '--build', '/home/cl4y3r/VDS/build/chassis_controller', '--', '-j8', '-l8'], 'cwd': '/home/cl4y3r/VDS/build/chassis_controller', 'env': OrderedDict([('GJS_DEBUG_TOPICS', 'JS ERROR;JS LOG'), ('LESSOPEN', '| /usr/bin/lesspipe %s'), ('USER', 'cl4y3r'), ('LC_TIME', 'zh_CN.UTF-8'), ('SSH_AGENT_PID', '1946'), ('XDG_SESSION_TYPE', 'x11'), ('SHLVL', '1'), ('LD_LIBRARY_PATH', '/opt/ros/foxy/opt/yaml_cpp_vendor/lib:/opt/ros/foxy/opt/rviz_ogre_vendor/lib:/opt/ros/foxy/lib/x86_64-linux-gnu:/opt/ros/foxy/lib'), ('HOME', '/home/cl4y3r'), ('OLDPWD', '/home/cl4y3r'), ('DESKTOP_SESSION', 'ubuntu'), ('ROS_PYTHON_VERSION', '3'), ('GNOME_SHELL_SESSION_MODE', 'ubuntu'), ('GTK_MODULES', 'gail:atk-bridge'), ('LC_MONETARY', 'zh_CN.UTF-8'), ('MANAGERPID', '1732'), ('DBUS_SESSION_BUS_ADDRESS', 'unix:path=/run/user/1000/bus'), ('COLORTERM', 'truecolor'), ('IM_CONFIG_PHASE', '1'), ('COLCON_PREFIX_PATH', '/home/cl4y3r/VDS/install'), ('ROS_DISTRO', 'foxy'), ('LOGNAME', 'cl4y3r'), ('JOURNAL_STREAM', '8:52400'), ('_', '/usr/bin/colcon'), ('ROS_VERSION', '2'), ('XDG_SESSION_CLASS', 'user'), ('USERNAME', 'cl4y3r'), ('TERM', 'xterm-256color'), ('GNOME_DESKTOP_SESSION_ID', 'this-is-deprecated'), ('ROS_LOCALHOST_ONLY', '0'), ('WINDOWPATH', '2'), ('PATH', '/opt/ros/foxy/bin:/home/cl4y3r/.local/bin:/usr/local/sbin:/usr/local/bin:/usr/sbin:/usr/bin:/sbin:/bin:/usr/games:/usr/local/games:/snap/bin'), ('SESSION_MANAGER', 'local/Ubuntu20:@/tmp/.ICE-unix/1974,unix/Ubuntu20:/tmp/.ICE-unix/1974'), ('INVOCATION_ID', '3e622e67e7bb4b1b865b1e31b81dcd22'), ('XDG_MENU_PREFIX', 'gnome-'), ('LC_ADDRESS', 'zh_CN.UTF-8'), ('GNOME_TERMINAL_SCREEN', '/org/gnome/Terminal/screen/1d8ff490_9151_4860_95be_f366d4b1025b'), ('XDG_RUNTIME_DIR', '/run/user/1000'), ('DISPLAY', ':1'), ('LANG', 'en_US.UTF-8'), ('XDG_CURRENT_DESKTOP', 'ubuntu:GNOME'), ('LC_TELEPHONE', 'zh_CN.UTF-8'), ('XMODIFIERS', '@im=ibus'), ('XDG_SESSION_DESKTOP', 'ubuntu'), ('XAUTHORITY', '/run/user/1000/gdm/Xauthority'), ('LS_COLORS', 'rs=0:di=01;34:ln=01;36:mh=00:pi=40;33:so=01;35:do=01;35:bd=40;33;01:cd=40;33;01:or=40;31;01:mi=00:su=37;41:sg=30;43:ca=30;41:tw=30;42:ow=34;42:st=37;44:ex=01;32:*.tar=01;31:*.tgz=01;31:*.arc=01;31:*.arj=01;31:*.taz=01;31:*.lha=01;31:*.lz4=01;31:*.lzh=01;31:*.lzma=01;31:*.tlz=01;31:*.txz=01;31:*.tzo=01;31:*.t7z=01;31:*.zip=01;31:*.z=01;31:*.dz=01;31:*.gz=01;31:*.lrz=01;31:*.lz=01;31:*.lzo=01;31:*.xz=01;31:*.zst=01;31:*.tzst=01;31:*.bz2=01;31:*.bz=01;31:*.tbz=01;31:*.tbz2=01;31:*.tz=01;31:*.deb=01;31:*.rpm=01;31:*.jar=01;31:*.war=01;31:*.ear=01;31:*.sar=01;31:*.rar=01;31:*.alz=01;31:*.ace=01;31:*.zoo=01;31:*.cpio=01;31:*.7z=01;31:*.rz=01;31:*.cab=01;31:*.wim=01;31:*.swm=01;31:*.dwm=01;31:*.esd=01;31:*.jpg=01;35:*.jpeg=01;35:*.mjpg=01;35:*.mjpeg=01;35:*.gif=01;35:*.bmp=01;35:*.pbm=01;35:*.pgm=01;35:*.ppm=01;35:*.tga=01;35:*.xbm=01;35:*.xpm=01;35:*.tif=01;35:*.tiff=01;35:*.png=01;35:*.svg=01;35:*.svgz=01;35:*.mng=01;35:*.pcx=01;35:*.mov=01;35:*.mpg=01;35:*.mpeg=01;35:*.m2v=01;35:*.mkv=01;35:*.webm=01;35:*.ogm=01;35:*.mp4=01;35:*.m4v=01;35:*.mp4v=01;35:*.vob=01;35:*.qt=01;35:*.nuv=01;35:*.wmv=01;35:*.asf=01;35:*.rm=01;35:*.rmvb=01;35:*.flc=01;35:*.avi=01;35:*.fli=01;35:*.flv=01;35:*.gl=01;35:*.dl=01;35:*.xcf=01;35:*.xwd=01;35:*.yuv=01;35:*.cgm=01;35:*.emf=01;35:*.ogv=01;35:*.ogx=01;35:*.aac=00;36:*.au=00;36:*.flac=00;36:*.m4a=00;36:*.mid=00;36:*.midi=00;36:*.mka=00;36:*.mp3=00;36:*.mpc=00;36:*.ogg=00;36:*.ra=00;36:*.wav=00;36:*.oga=00;36:*.opus=00;36:*.spx=00;36:*.xspf=00;36:'), ('GNOME_TERMINAL_SERVICE', ':1.144'), ('SSH_AUTH_SOCK', '/run/user/1000/keyring/ssh'), ('AMENT_PREFIX_PATH', '/home/cl4y3r/VDS/install/icc:/home/cl4y3r/VDS/install/chassis_controller:/home/cl4y3r/VDS/install/autodriving:/opt/ros/foxy'), ('SHELL', '/bin/bash'), ('LC_NAME', 'zh_CN.UTF-8'), ('QT_ACCESSIBILITY', '1'), ('GDMSESSION', 'ubuntu'), ('LESSCLOSE', '/usr/bin/lesspipe %s %s'), ('LC_MEASUREMENT', 'zh_CN.UTF-8'), ('GPG_AGENT_INFO', '/run/user/1000/gnupg/S.gpg-agent:0:1'), ('GJS_DEBUG_OUTPUT', 'stderr'), ('LC_IDENTIFICATION', 'zh_CN.UTF-8'), ('QT_IM_MODULE', 'ibus'), ('PWD', '/home/cl4y3r/VDS/build/chassis_controller'), ('XDG_CONFIG_DIRS', '/etc/xdg/xdg-ubuntu:/etc/xdg'), ('XDG_DATA_DIRS', '/usr/share/ubuntu:/usr/local/share/:/usr/share/:/var/lib/snapd/desktop'), ('PYTHONPATH', '/opt/ros/foxy/lib/python3.8/site-packages'), ('LC_NUMERIC', 'zh_CN.UTF-8'), ('LC_PAPER', 'zh_CN.UTF-8'), ('COLCON', '1'), ('VTE_VERSION', '6003'), ('CMAKE_PREFIX_PATH', '/home/cl4y3r/VDS/install/icc:/home/cl4y3r/VDS/install/chassis_controller:/home/cl4y3r/VDS/install/autodriving:/opt/ros/foxy')]), 'shell': False}
[0.065003] (chassis_controller) StdoutLine: {'line': b'\x1b[35m\x1b[1mScanning dependencies of target chassis_controller\x1b[0m\n'}
[0.098025] (chassis_controller) StdoutLine: {'line': b'[ 50%] \x1b[32mBuilding CXX object CMakeFiles/chassis_controller.dir/src/chassis_controller.cpp.o\x1b[0m\n'}
[0.099901] (-) TimerEvent: {}
[0.200236] (-) TimerEvent: {}
[0.300611] (-) TimerEvent: {}
[0.401061] (-) TimerEvent: {}
[0.501436] (-) TimerEvent: {}
[0.601808] (-) TimerEvent: {}
[0.702199] (-) TimerEvent: {}
[0.802626] (-) TimerEvent: {}
[0.903025] (-) TimerEvent: {}
[1.003477] (-) TimerEvent: {}
[1.103881] (-) TimerEvent: {}
[1.204300] (-) TimerEvent: {}
[1.304671] (-) TimerEvent: {}
[1.405035] (-) TimerEvent: {}
[1.505410] (-) TimerEvent: {}
[1.605782] (-) TimerEvent: {}
[1.697208] (chassis_controller) StderrLine: {'line': b'\x1b[01m\x1b[K/home/cl4y3r/VDS/chassis_controller/src/chassis_controller.cpp:\x1b[m\x1b[K In constructor \xe2\x80\x98\x1b[01m\x1b[KChassisController::ChassisController()\x1b[m\x1b[K\xe2\x80\x99:\n'}
[1.697499] (chassis_controller) StderrLine: {'line': b'\x1b[01m\x1b[K/home/cl4y3r/VDS/chassis_controller/src/chassis_controller.cpp:15:5:\x1b[m\x1b[K \x1b[01;31m\x1b[Kerror: \x1b[m\x1b[K\xe2\x80\x98\x1b[01m\x1b[K_timer\x1b[m\x1b[K\xe2\x80\x99 was not declared in this scope; did you mean \xe2\x80\x98\x1b[01m\x1b[Ktimer\x1b[m\x1b[K\xe2\x80\x99?\n'}
[1.697634] (chassis_controller) StderrLine: {'line': b'   15 |     \x1b[01;31m\x1b[K_timer\x1b[m\x1b[K = this->create_wall_timer(500ms, std::bind(&ChassisController::long_controller, this));\n'}
[1.697724] (chassis_controller) StderrLine: {'line': b'      |     \x1b[01;31m\x1b[K^~~~~~\x1b[m\x1b[K\n'}
[1.697808] (chassis_controller) StderrLine: {'line': b'      |     \x1b[32m\x1b[Ktimer\x1b[m\x1b[K\n'}
[1.705937] (-) TimerEvent: {}
[1.806342] (-) TimerEvent: {}
[1.906769] (-) TimerEvent: {}
[2.007139] (-) TimerEvent: {}
[2.107466] (-) TimerEvent: {}
[2.207855] (-) TimerEvent: {}
[2.308229] (-) TimerEvent: {}
[2.408607] (-) TimerEvent: {}
[2.508976] (-) TimerEvent: {}
[2.609333] (-) TimerEvent: {}
[2.709702] (-) TimerEvent: {}
[2.810071] (-) TimerEvent: {}
[2.910479] (-) TimerEvent: {}
[3.010931] (-) TimerEvent: {}
[3.111327] (-) TimerEvent: {}
[3.211744] (-) TimerEvent: {}
[3.312181] (-) TimerEvent: {}
[3.412551] (-) TimerEvent: {}
[3.512930] (-) TimerEvent: {}
[3.613334] (-) TimerEvent: {}
[3.713717] (-) TimerEvent: {}
[3.814112] (-) TimerEvent: {}
[3.914555] (-) TimerEvent: {}
[4.014950] (-) TimerEvent: {}
[4.115413] (-) TimerEvent: {}
[4.215799] (-) TimerEvent: {}
[4.316162] (-) TimerEvent: {}
[4.416523] (-) TimerEvent: {}
[4.516877] (-) TimerEvent: {}
[4.617264] (-) TimerEvent: {}
[4.717661] (-) TimerEvent: {}
[4.818021] (-) TimerEvent: {}
[4.895534] (chassis_controller) StderrLine: {'line': b'make[2]: *** [CMakeFiles/chassis_controller.dir/build.make:63: CMakeFiles/chassis_controller.dir/src/chassis_controller.cpp.o] Error 1\n'}
[4.896073] (chassis_controller) StderrLine: {'line': b'make[1]: *** [CMakeFiles/Makefile2:78: CMakeFiles/chassis_controller.dir/all] Error 2\n'}
[4.896468] (chassis_controller) StderrLine: {'line': b'make: *** [Makefile:141: all] Error 2\n'}
[4.900532] (chassis_controller) CommandEnded: {'returncode': 2}
[4.918116] (-) TimerEvent: {}
[4.938689] (chassis_controller) JobEnded: {'identifier': 'chassis_controller', 'rc': 2}
[4.940404] (-) EventReactorShutdown: {}
