[0.025s] Invoking command in '/home/cl4y3r/VDS/build/chassis_controller': CMAKE_PREFIX_PATH=${CMAKE_PREFIX_PATH}:/opt/ros/foxy /usr/bin/cmake --build /home/cl4y3r/VDS/build/chassis_controller -- -j8 -l8
[0.082s] [35m[1mScanning dependencies of target chassis_controller[0m
[0.119s] [ 50%] [32mBuilding CXX object CMakeFiles/chassis_controller.dir/src/chassis_controller.cpp.o[0m
[2.624s] [01m[K/home/cl4y3r/VDS/chassis_controller/src/chassis_controller.cpp:[m[K In member function â€˜[01m[Kdouble ChassisController::waypoint_loader(std::string)[m[Kâ€™:
[2.624s] [01m[K/home/cl4y3r/VDS/chassis_controller/src/chassis_controller.cpp:71:5:[m[K [01;31m[Kerror: [m[Kâ€˜[01m[Kvector[m[Kâ€™ was not declared in this scope; did you mean â€˜[01m[Kstd::vector[m[Kâ€™?
[2.624s]    71 |     [01;31m[Kvector[m[K<double> location_x, location_y;
[2.625s]       |     [01;31m[K^~~~~~[m[K
[2.625s]       |     [32m[Kstd::vector[m[K
[2.626s] In file included from [01m[K/usr/include/c++/9/vector:67[m[K,
[2.626s]                  from [01m[K/home/cl4y3r/VDS/chassis_controller/include/chassis_controller/chassis_controller.hpp:7[m[K,
[2.626s]                  from [01m[K/home/cl4y3r/VDS/chassis_controller/src/chassis_controller.cpp:1[m[K:
[2.626s] [01m[K/usr/include/c++/9/bits/stl_vector.h:386:11:[m[K [01;36m[Knote: [m[Kâ€˜[01m[Kstd::vector[m[Kâ€™ declared here
[2.626s]   386 |     class [01;36m[Kvector[m[K : protected _Vector_base<_Tp, _Alloc>
[2.626s]       |           [01;36m[K^~~~~~[m[K
[2.627s] [01m[K/home/cl4y3r/VDS/chassis_controller/src/chassis_controller.cpp:71:12:[m[K [01;31m[Kerror: [m[Kexpected primary-expression before â€˜[01m[Kdouble[m[Kâ€™
[2.627s]    71 |     vector<[01;31m[Kdouble[m[K> location_x, location_y;
[2.627s]       |            [01;31m[K^~~~~~[m[K
[2.628s] [01m[K/home/cl4y3r/VDS/chassis_controller/src/chassis_controller.cpp:72:5:[m[K [01;31m[Kerror: [m[Kâ€˜[01m[Kifstream[m[Kâ€™ was not declared in this scope; did you mean â€˜[01m[Kstd::ifstream[m[Kâ€™?
[2.628s]    72 |     [01;31m[Kifstream[m[K fin("point.csv");
[2.628s]       |     [01;31m[K^~~~~~~~[m[K
[2.628s]       |     [32m[Kstd::ifstream[m[K
[2.629s] In file included from [01m[K/usr/include/c++/9/memory:72[m[K,
[2.629s]                  from [01m[K/home/cl4y3r/VDS/chassis_controller/include/chassis_controller/chassis_controller.hpp:3[m[K,
[2.629s]                  from [01m[K/home/cl4y3r/VDS/chassis_controller/src/chassis_controller.cpp:1[m[K:
[2.629s] [01m[K/usr/include/c++/9/iosfwd:162:34:[m[K [01;36m[Knote: [m[Kâ€˜[01m[Kstd::ifstream[m[Kâ€™ declared here
[2.629s]   162 |   typedef basic_ifstream<char>   [01;36m[Kifstream[m[K;
[2.629s]       |                                  [01;36m[K^~~~~~~~[m[K
[2.630s] [01m[K/home/cl4y3r/VDS/chassis_controller/src/chassis_controller.cpp:73:5:[m[K [01;31m[Kerror: [m[Kâ€˜[01m[Kstring[m[Kâ€™ was not declared in this scope; did you mean â€˜[01m[Kstd::string[m[Kâ€™?
[2.630s]    73 |     [01;31m[Kstring[m[K line;
[2.630s]       |     [01;31m[K^~~~~~[m[K
[2.631s]       |     [32m[Kstd::string[m[K
[2.631s] In file included from [01m[K/usr/include/c++/9/iosfwd:39[m[K,
[2.631s]                  from [01m[K/usr/include/c++/9/memory:72[m[K,
[2.631s]                  from [01m[K/home/cl4y3r/VDS/chassis_controller/include/chassis_controller/chassis_controller.hpp:3[m[K,
[2.631s]                  from [01m[K/home/cl4y3r/VDS/chassis_controller/src/chassis_controller.cpp:1[m[K:
[2.631s] [01m[K/usr/include/c++/9/bits/stringfwd.h:79:33:[m[K [01;36m[Knote: [m[Kâ€˜[01m[Kstd::string[m[Kâ€™ declared here
[2.631s]    79 |   typedef basic_string<char>    [01;36m[Kstring[m[K;
[2.632s]       |                                 [01;36m[K^~~~~~[m[K
[2.632s] [01m[K/home/cl4y3r/VDS/chassis_controller/src/chassis_controller.cpp:74:20:[m[K [01;31m[Kerror: [m[Kâ€˜[01m[Kfin[m[Kâ€™ was not declared in this scope; did you mean â€˜[01m[Ksin[m[Kâ€™?
[2.632s]    74 |     while (getline([01;31m[Kfin[m[K, line))
[2.632s]       |                    [01;31m[K^~~[m[K
[2.632s]       |                    [32m[Ksin[m[K
[2.632s] [01m[K/home/cl4y3r/VDS/chassis_controller/src/chassis_controller.cpp:74:25:[m[K [01;31m[Kerror: [m[Kâ€˜[01m[Kline[m[Kâ€™ was not declared in this scope; did you mean â€˜[01m[Klink[m[Kâ€™?
[2.633s]    74 |     while (getline(fin, [01;31m[Kline[m[K))
[2.633s]       |                         [01;31m[K^~~~[m[K
[2.633s]       |                         [32m[Klink[m[K
[2.633s] [01m[K/home/cl4y3r/VDS/chassis_controller/src/chassis_controller.cpp:76:9:[m[K [01;31m[Kerror: [m[Kâ€˜[01m[Kistringstream[m[Kâ€™ was not declared in this scope; did you mean â€˜[01m[Kstd::istringstream[m[Kâ€™?
[2.634s]    76 |         [01;31m[Kistringstream[m[K sin(line);
[2.634s]       |         [01;31m[K^~~~~~~~~~~~~[m[K
[2.634s]       |         [32m[Kstd::istringstream[m[K
[2.634s] In file included from [01m[K/usr/include/c++/9/memory:72[m[K,
[2.634s]                  from [01m[K/home/cl4y3r/VDS/chassis_controller/include/chassis_controller/chassis_controller.hpp:3[m[K,
[2.635s]                  from [01m[K/home/cl4y3r/VDS/chassis_controller/src/chassis_controller.cpp:1[m[K:
[2.635s] [01m[K/usr/include/c++/9/iosfwd:150:38:[m[K [01;36m[Knote: [m[Kâ€˜[01m[Kstd::istringstream[m[Kâ€™ declared here
[2.635s]   150 |   typedef basic_istringstream<char>  [01;36m[Kistringstream[m[K;
[2.636s]       |                                      [01;36m[K^~~~~~~~~~~~~[m[K
[2.636s] [01m[K/home/cl4y3r/VDS/chassis_controller/src/chassis_controller.cpp:77:24:[m[K [01;31m[Kerror: [m[Kâ€˜[01m[KWaypoints[m[Kâ€™ was not declared in this scope
[2.636s]    77 |         vector<string> [01;31m[KWaypoints[m[K;
[2.636s]       |                        [01;31m[K^~~~~~~~~[m[K
[2.636s] [01m[K/home/cl4y3r/VDS/chassis_controller/src/chassis_controller.cpp:78:15:[m[K [01;31m[Kerror: [m[Kexpected â€˜[01m[K;[m[Kâ€™ before â€˜[01m[Kinfo[m[Kâ€™
[2.637s]    78 |         string[01;31m[K [m[K[32m[Kinfo[m[K;
[2.637s]       |               [01;31m[K^[m[K[32m[K~~~~[m[K
[2.637s]       |               [32m[K;[m[K
[2.637s] [01m[K/home/cl4y3r/VDS/chassis_controller/src/chassis_controller.cpp:79:28:[m[K [01;31m[Kerror: [m[Kâ€˜[01m[Kinfo[m[Kâ€™ was not declared in this scope
[2.638s]    79 |         while(getline(sin, [01;31m[Kinfo[m[K, ',')){
[2.638s]       |                            [01;31m[K^~~~[m[K
[2.638s] [01m[K/home/cl4y3r/VDS/chassis_controller/src/chassis_controller.cpp:82:15:[m[K [01;31m[Kerror: [m[Kexpected â€˜[01m[K;[m[Kâ€™ before â€˜[01m[Kx_str[m[Kâ€™
[2.638s]    82 |         string[01;31m[K [m[K[32m[Kx_str[m[K=Waypoints[4];
[2.639s]       |               [01;31m[K^[m[K[32m[K~~~~~[m[K
[2.639s]       |               [32m[K;[m[K
[2.639s] [01m[K/home/cl4y3r/VDS/chassis_controller/src/chassis_controller.cpp:83:15:[m[K [01;31m[Kerror: [m[Kexpected â€˜[01m[K;[m[Kâ€™ before â€˜[01m[Ky_str[m[Kâ€™
[2.639s]    83 |         string[01;31m[K [m[K[32m[Ky_str[m[K=Waypoints[5];
[2.639s]       |               [01;31m[K^[m[K[32m[K~~~~~[m[K
[2.640s]       |               [32m[K;[m[K
[2.640s] [01m[K/home/cl4y3r/VDS/chassis_controller/src/chassis_controller.cpp:85:9:[m[K [01;31m[Kerror: [m[Kâ€˜[01m[Kstringstream[m[Kâ€™ was not declared in this scope; did you mean â€˜[01m[Kstd::stringstream[m[Kâ€™?
[2.640s]    85 |         [01;31m[Kstringstream[m[K sx,sy;
[2.640s]       |         [01;31m[K^~~~~~~~~~~~[m[K
[2.640s]       |         [32m[Kstd::stringstream[m[K
[2.641s] In file included from [01m[K/usr/include/c++/9/memory:72[m[K,
[2.641s]                  from [01m[K/home/cl4y3r/VDS/chassis_controller/include/chassis_controller/chassis_controller.hpp:3[m[K,
[2.641s]                  from [01m[K/home/cl4y3r/VDS/chassis_controller/src/chassis_controller.cpp:1[m[K:
[2.641s] [01m[K/usr/include/c++/9/iosfwd:156:37:[m[K [01;36m[Knote: [m[Kâ€˜[01m[Kstd::stringstream[m[Kâ€™ declared here
[2.641s]   156 |   typedef basic_stringstream<char>  [01;36m[Kstringstream[m[K;
[2.641s]       |                                     [01;36m[K^~~~~~~~~~~~[m[K
[2.642s] [01m[K/home/cl4y3r/VDS/chassis_controller/src/chassis_controller.cpp:86:9:[m[K [01;31m[Kerror: [m[Kâ€˜[01m[Ksx[m[Kâ€™ was not declared in this scope; did you mean â€˜[01m[Kvx[m[Kâ€™?
[2.642s]    86 |         [01;31m[Ksx[m[K<<x_str;
[2.642s]       |         [01;31m[K^~[m[K
[2.642s]       |         [32m[Kvx[m[K
[2.642s] [01m[K/home/cl4y3r/VDS/chassis_controller/src/chassis_controller.cpp:86:13:[m[K [01;31m[Kerror: [m[Kâ€˜[01m[Kx_str[m[Kâ€™ was not declared in this scope
[2.642s]    86 |         sx<<[01;31m[Kx_str[m[K;
[2.643s]       |             [01;31m[K^~~~~[m[K
[2.643s] [01m[K/home/cl4y3r/VDS/chassis_controller/src/chassis_controller.cpp:87:9:[m[K [01;31m[Kerror: [m[Kâ€˜[01m[Ksy[m[Kâ€™ was not declared in this scope; did you mean â€˜[01m[Kvy[m[Kâ€™?
[2.643s]    87 |         [01;31m[Ksy[m[K<<y_str;
[2.643s]       |         [01;31m[K^~[m[K
[2.644s]       |         [32m[Kvy[m[K
[2.645s] [01m[K/home/cl4y3r/VDS/chassis_controller/src/chassis_controller.cpp:87:13:[m[K [01;31m[Kerror: [m[Kâ€˜[01m[Ky_str[m[Kâ€™ was not declared in this scope
[2.645s]    87 |         sy<<[01;31m[Ky_str[m[K;
[2.645s]       |             [01;31m[K^~~~~[m[K
[2.646s] [01m[K/home/cl4y3r/VDS/chassis_controller/src/chassis_controller.cpp:91:9:[m[K [01;31m[Kerror: [m[Kâ€˜[01m[Kcout[m[Kâ€™ was not declared in this scope; did you mean â€˜[01m[Kstd::cout[m[Kâ€™?
[2.646s]    91 |         [01;31m[Kcout[m[K<<"x "<<x<<" y "<<y<<endl;
[2.646s]       |         [01;31m[K^~~~[m[K
[2.647s]       |         [32m[Kstd::cout[m[K
[2.647s] In file included from [01m[K/home/cl4y3r/VDS/chassis_controller/include/chassis_controller/chassis_controller.hpp:5[m[K,
[2.647s]                  from [01m[K/home/cl4y3r/VDS/chassis_controller/src/chassis_controller.cpp:1[m[K:
[2.647s] [01m[K/usr/include/c++/9/iostream:61:18:[m[K [01;36m[Knote: [m[Kâ€˜[01m[Kstd::cout[m[Kâ€™ declared here
[2.648s]    61 |   extern ostream [01;36m[Kcout[m[K;  /// Linked to standard output
[2.648s]       |                  [01;36m[K^~~~[m[K
[2.648s] [01m[K/home/cl4y3r/VDS/chassis_controller/src/chassis_controller.cpp:91:34:[m[K [01;31m[Kerror: [m[Kâ€˜[01m[Kendl[m[Kâ€™ was not declared in this scope; did you mean â€˜[01m[Kstd::endl[m[Kâ€™?
[2.648s]    91 |         cout<<"x "<<x<<" y "<<y<<[01;31m[Kendl[m[K;
[2.648s]       |                                  [01;31m[K^~~~[m[K
[2.648s]       |                                  [32m[Kstd::endl[m[K
[2.649s] In file included from [01m[K/usr/include/c++/9/iostream:39[m[K,
[2.649s]                  from [01m[K/home/cl4y3r/VDS/chassis_controller/include/chassis_controller/chassis_controller.hpp:5[m[K,
[2.649s]                  from [01m[K/home/cl4y3r/VDS/chassis_controller/src/chassis_controller.cpp:1[m[K:
[2.649s] [01m[K/usr/include/c++/9/ostream:599:5:[m[K [01;36m[Knote: [m[Kâ€˜[01m[Kstd::endl[m[Kâ€™ declared here
[2.649s]   599 |     [01;36m[Kendl[m[K(basic_ostream<_CharT, _Traits>& __os)
[2.649s]       |     [01;36m[K^~~~[m[K
[2.650s] [01m[K/home/cl4y3r/VDS/chassis_controller/src/chassis_controller.cpp:92:9:[m[K [01;31m[Kerror: [m[Kâ€˜[01m[Klocation_x[m[Kâ€™ was not declared in this scope
[2.650s]    92 |         [01;31m[Klocation_x[m[K.push_back(x);
[2.650s]       |         [01;31m[K^~~~~~~~~~[m[K
[2.653s] [01m[K/home/cl4y3r/VDS/chassis_controller/src/chassis_controller.cpp:93:9:[m[K [01;31m[Kerror: [m[Kâ€˜[01m[Klocation_y[m[Kâ€™ was not declared in this scope
[2.654s]    93 |         [01;31m[Klocation_y[m[K.push_back(y);
[2.654s]       |         [01;31m[K^~~~~~~~~~[m[K
[2.655s] [01m[K/home/cl4y3r/VDS/chassis_controller/src/chassis_controller.cpp:95:5:[m[K [01;31m[Kerror: [m[Kâ€˜[01m[Kcout[m[Kâ€™ was not declared in this scope; did you mean â€˜[01m[Kstd::cout[m[Kâ€™?
[2.655s]    95 |     [01;31m[Kcout[m[K<<"Read data finished!!!"<<endl;
[2.655s]       |     [01;31m[K^~~~[m[K
[2.655s]       |     [32m[Kstd::cout[m[K
[2.656s] In file included from [01m[K/home/cl4y3r/VDS/chassis_controller/include/chassis_controller/chassis_controller.hpp:5[m[K,
[2.656s]                  from [01m[K/home/cl4y3r/VDS/chassis_controller/src/chassis_controller.cpp:1[m[K:
[2.656s] [01m[K/usr/include/c++/9/iostream:61:18:[m[K [01;36m[Knote: [m[Kâ€˜[01m[Kstd::cout[m[Kâ€™ declared here
[2.656s]    61 |   extern ostream [01;36m[Kcout[m[K;  /// Linked to standard output
[2.656s]       |                  [01;36m[K^~~~[m[K
[2.657s] [01m[K/home/cl4y3r/VDS/chassis_controller/src/chassis_controller.cpp:95:36:[m[K [01;31m[Kerror: [m[Kâ€˜[01m[Kendl[m[Kâ€™ was not declared in this scope; did you mean â€˜[01m[Kstd::endl[m[Kâ€™?
[2.657s]    95 |     cout<<"Read data finished!!!"<<[01;31m[Kendl[m[K;
[2.657s]       |                                    [01;31m[K^~~~[m[K
[2.657s]       |                                    [32m[Kstd::endl[m[K
[2.657s] In file included from [01m[K/usr/include/c++/9/iostream:39[m[K,
[2.658s]                  from [01m[K/home/cl4y3r/VDS/chassis_controller/include/chassis_controller/chassis_controller.hpp:5[m[K,
[2.658s]                  from [01m[K/home/cl4y3r/VDS/chassis_controller/src/chassis_controller.cpp:1[m[K:
[2.658s] [01m[K/usr/include/c++/9/ostream:599:5:[m[K [01;36m[Knote: [m[Kâ€˜[01m[Kstd::endl[m[Kâ€™ declared here
[2.658s]   599 |     [01;36m[Kendl[m[K(basic_ostream<_CharT, _Traits>& __os)
[2.658s]       |     [01;36m[K^~~~[m[K
[2.658s] [01m[K/home/cl4y3r/VDS/chassis_controller/src/chassis_controller.cpp:96:1:[m[K [01;35m[Kwarning: [m[Kno return statement in function returning non-void [[01;35m[K-Wreturn-type[m[K]
[2.658s]    96 | [01;35m[K}[m[K
[2.659s]       | [01;35m[K^[m[K
[2.659s] [01m[K/home/cl4y3r/VDS/chassis_controller/src/chassis_controller.cpp:70:55:[m[K [01;35m[Kwarning: [m[Kunused parameter â€˜[01m[Kfilename[m[Kâ€™ [[01;35m[K-Wunused-parameter[m[K]
[2.659s]    70 | double ChassisController::waypoint_loader([01;35m[Kstd::string filename[m[K){
[2.659s]       |                                           [01;35m[K~~~~~~~~~~~~^~~~~~~~[m[K
[2.659s] [01m[K/home/cl4y3r/VDS/chassis_controller/src/chassis_controller.cpp:[m[K In member function â€˜[01m[Kdouble ChassisController::longitudinal_controller(double, double)[m[Kâ€™:
[2.659s] [01m[K/home/cl4y3r/VDS/chassis_controller/src/chassis_controller.cpp:98:58:[m[K [01;35m[Kwarning: [m[Kunused parameter â€˜[01m[Kvelocity_x[m[Kâ€™ [[01;35m[K-Wunused-parameter[m[K]
[2.659s]    98 | double ChassisController::longitudinal_controller([01;35m[Kdouble velocity_x[m[K, double acc_x){
[2.660s]       |                                                   [01;35m[K~~~~~~~^~~~~~~~~~[m[K
[2.660s] [01m[K/home/cl4y3r/VDS/chassis_controller/src/chassis_controller.cpp:98:77:[m[K [01;35m[Kwarning: [m[Kunused parameter â€˜[01m[Kacc_x[m[Kâ€™ [[01;35m[K-Wunused-parameter[m[K]
[2.660s]    98 | ontroller::longitudinal_controller(double velocity_x, [01;35m[Kdouble acc_x[m[K){
[2.660s]       |                                                       [01;35m[K~~~~~~~^~~~~[m[K
[2.660s] 
[2.660s] [01m[K/home/cl4y3r/VDS/chassis_controller/src/chassis_controller.cpp:[m[K In member function â€˜[01m[Kdouble ChassisController::lateral_controller(double, double, double, double, double)[m[Kâ€™:
[2.660s] [01m[K/home/cl4y3r/VDS/chassis_controller/src/chassis_controller.cpp:102:53:[m[K [01;35m[Kwarning: [m[Kunused parameter â€˜[01m[Kyaw[m[Kâ€™ [[01;35m[K-Wunused-parameter[m[K]
[2.661s]   102 | double ChassisController::lateral_controller([01;35m[Kdouble yaw[m[K, double yaw_rate, double pos_x, double pos_y, double velocity_x){
[2.661s]       |                                              [01;35m[K~~~~~~~^~~[m[K
[2.661s] [01m[K/home/cl4y3r/VDS/chassis_controller/src/chassis_controller.cpp:102:65:[m[K [01;35m[Kwarning: [m[Kunused parameter â€˜[01m[Kyaw_rate[m[Kâ€™ [[01;35m[K-Wunused-parameter[m[K]
[2.661s]   102 | ble ChassisController::lateral_controller(double yaw, [01;35m[Kdouble yaw_rate[m[K, double pos_x, double pos_y, double velocity_x){
[2.661s]       |                                                       [01;35m[K~~~~~~~^~~~~~~~[m[K
[2.661s] 
[2.661s] [01m[K/home/cl4y3r/VDS/chassis_controller/src/chassis_controller.cpp:102:82:[m[K [01;35m[Kwarning: [m[Kunused parameter â€˜[01m[Kpos_x[m[Kâ€™ [[01;35m[K-Wunused-parameter[m[K]
[2.662s]   102 | ller::lateral_controller(double yaw, double yaw_rate, [01;35m[Kdouble pos_x[m[K, double pos_y, double velocity_x){
[2.662s]       |                                                       [01;35m[K~~~~~~~^~~~~[m[K
[2.662s] 
[2.662s] [01m[K/home/cl4y3r/VDS/chassis_controller/src/chassis_controller.cpp:102:96:[m[K [01;35m[Kwarning: [m[Kunused parameter â€˜[01m[Kpos_y[m[Kâ€™ [[01;35m[K-Wunused-parameter[m[K]
[2.662s]   102 | controller(double yaw, double yaw_rate, double pos_x, [01;35m[Kdouble pos_y[m[K, double velocity_x){
[2.662s]       |                                                       [01;35m[K~~~~~~~^~~~~[m[K
[2.662s] 
[2.663s] [01m[K/home/cl4y3r/VDS/chassis_controller/src/chassis_controller.cpp:102:110:[m[K [01;35m[Kwarning: [m[Kunused parameter â€˜[01m[Kvelocity_x[m[Kâ€™ [[01;35m[K-Wunused-parameter[m[K]
[2.663s]   102 | er(double yaw, double yaw_rate, double pos_x, double pos_y, [01;35m[Kdouble velocity_x[m[K){
[2.663s]       |                                                             [01;35m[K~~~~~~~^~~~~~~~~~[m[K
[2.663s] 
[8.283s] make[2]: *** [CMakeFiles/chassis_controller.dir/build.make:63: CMakeFiles/chassis_controller.dir/src/chassis_controller.cpp.o] Error 1
[8.283s] make[1]: *** [CMakeFiles/Makefile2:78: CMakeFiles/chassis_controller.dir/all] Error 2
[8.284s] make: *** [Makefile:141: all] Error 2
[8.287s] Invoked command in '/home/cl4y3r/VDS/build/chassis_controller' returned '2': CMAKE_PREFIX_PATH=${CMAKE_PREFIX_PATH}:/opt/ros/foxy /usr/bin/cmake --build /home/cl4y3r/VDS/build/chassis_controller -- -j8 -l8
