[01m[K/home/cl4y3r/VDS/chassis_controller/src/chassis_controller.cpp:[m[K In member function â€˜[01m[Kdouble ChassisController::waypoint_loader(std::string)[m[Kâ€™:
[01m[K/home/cl4y3r/VDS/chassis_controller/src/chassis_controller.cpp:71:5:[m[K [01;31m[Kerror: [m[Kâ€˜[01m[Kvector[m[Kâ€™ was not declared in this scope; did you mean â€˜[01m[Kstd::vector[m[Kâ€™?
   71 |     [01;31m[Kvector[m[K<double> location_x, location_y;
      |     [01;31m[K^~~~~~[m[K
      |     [32m[Kstd::vector[m[K
In file included from [01m[K/usr/include/c++/9/vector:67[m[K,
                 from [01m[K/home/cl4y3r/VDS/chassis_controller/include/chassis_controller/chassis_controller.hpp:7[m[K,
                 from [01m[K/home/cl4y3r/VDS/chassis_controller/src/chassis_controller.cpp:1[m[K:
[01m[K/usr/include/c++/9/bits/stl_vector.h:386:11:[m[K [01;36m[Knote: [m[Kâ€˜[01m[Kstd::vector[m[Kâ€™ declared here
  386 |     class [01;36m[Kvector[m[K : protected _Vector_base<_Tp, _Alloc>
      |           [01;36m[K^~~~~~[m[K
[01m[K/home/cl4y3r/VDS/chassis_controller/src/chassis_controller.cpp:71:12:[m[K [01;31m[Kerror: [m[Kexpected primary-expression before â€˜[01m[Kdouble[m[Kâ€™
   71 |     vector<[01;31m[Kdouble[m[K> location_x, location_y;
      |            [01;31m[K^~~~~~[m[K
[01m[K/home/cl4y3r/VDS/chassis_controller/src/chassis_controller.cpp:72:5:[m[K [01;31m[Kerror: [m[Kâ€˜[01m[Kifstream[m[Kâ€™ was not declared in this scope; did you mean â€˜[01m[Kstd::ifstream[m[Kâ€™?
   72 |     [01;31m[Kifstream[m[K fin("point.csv");
      |     [01;31m[K^~~~~~~~[m[K
      |     [32m[Kstd::ifstream[m[K
In file included from [01m[K/usr/include/c++/9/memory:72[m[K,
                 from [01m[K/home/cl4y3r/VDS/chassis_controller/include/chassis_controller/chassis_controller.hpp:3[m[K,
                 from [01m[K/home/cl4y3r/VDS/chassis_controller/src/chassis_controller.cpp:1[m[K:
[01m[K/usr/include/c++/9/iosfwd:162:34:[m[K [01;36m[Knote: [m[Kâ€˜[01m[Kstd::ifstream[m[Kâ€™ declared here
  162 |   typedef basic_ifstream<char>   [01;36m[Kifstream[m[K;
      |                                  [01;36m[K^~~~~~~~[m[K
[01m[K/home/cl4y3r/VDS/chassis_controller/src/chassis_controller.cpp:73:5:[m[K [01;31m[Kerror: [m[Kâ€˜[01m[Kstring[m[Kâ€™ was not declared in this scope; did you mean â€˜[01m[Kstd::string[m[Kâ€™?
   73 |     [01;31m[Kstring[m[K line;
      |     [01;31m[K^~~~~~[m[K
      |     [32m[Kstd::string[m[K
In file included from [01m[K/usr/include/c++/9/iosfwd:39[m[K,
                 from [01m[K/usr/include/c++/9/memory:72[m[K,
                 from [01m[K/home/cl4y3r/VDS/chassis_controller/include/chassis_controller/chassis_controller.hpp:3[m[K,
                 from [01m[K/home/cl4y3r/VDS/chassis_controller/src/chassis_controller.cpp:1[m[K:
[01m[K/usr/include/c++/9/bits/stringfwd.h:79:33:[m[K [01;36m[Knote: [m[Kâ€˜[01m[Kstd::string[m[Kâ€™ declared here
   79 |   typedef basic_string<char>    [01;36m[Kstring[m[K;
      |                                 [01;36m[K^~~~~~[m[K
[01m[K/home/cl4y3r/VDS/chassis_controller/src/chassis_controller.cpp:74:20:[m[K [01;31m[Kerror: [m[Kâ€˜[01m[Kfin[m[Kâ€™ was not declared in this scope; did you mean â€˜[01m[Ksin[m[Kâ€™?
   74 |     while (getline([01;31m[Kfin[m[K, line))
      |                    [01;31m[K^~~[m[K
      |                    [32m[Ksin[m[K
[01m[K/home/cl4y3r/VDS/chassis_controller/src/chassis_controller.cpp:74:25:[m[K [01;31m[Kerror: [m[Kâ€˜[01m[Kline[m[Kâ€™ was not declared in this scope; did you mean â€˜[01m[Klink[m[Kâ€™?
   74 |     while (getline(fin, [01;31m[Kline[m[K))
      |                         [01;31m[K^~~~[m[K
      |                         [32m[Klink[m[K
[01m[K/home/cl4y3r/VDS/chassis_controller/src/chassis_controller.cpp:76:9:[m[K [01;31m[Kerror: [m[Kâ€˜[01m[Kistringstream[m[Kâ€™ was not declared in this scope; did you mean â€˜[01m[Kstd::istringstream[m[Kâ€™?
   76 |         [01;31m[Kistringstream[m[K sin(line);
      |         [01;31m[K^~~~~~~~~~~~~[m[K
      |         [32m[Kstd::istringstream[m[K
In file included from [01m[K/usr/include/c++/9/memory:72[m[K,
                 from [01m[K/home/cl4y3r/VDS/chassis_controller/include/chassis_controller/chassis_controller.hpp:3[m[K,
                 from [01m[K/home/cl4y3r/VDS/chassis_controller/src/chassis_controller.cpp:1[m[K:
[01m[K/usr/include/c++/9/iosfwd:150:38:[m[K [01;36m[Knote: [m[Kâ€˜[01m[Kstd::istringstream[m[Kâ€™ declared here
  150 |   typedef basic_istringstream<char>  [01;36m[Kistringstream[m[K;
      |                                      [01;36m[K^~~~~~~~~~~~~[m[K
[01m[K/home/cl4y3r/VDS/chassis_controller/src/chassis_controller.cpp:77:24:[m[K [01;31m[Kerror: [m[Kâ€˜[01m[KWaypoints[m[Kâ€™ was not declared in this scope
   77 |         vector<string> [01;31m[KWaypoints[m[K;
      |                        [01;31m[K^~~~~~~~~[m[K
[01m[K/home/cl4y3r/VDS/chassis_controller/src/chassis_controller.cpp:78:15:[m[K [01;31m[Kerror: [m[Kexpected â€˜[01m[K;[m[Kâ€™ before â€˜[01m[Kinfo[m[Kâ€™
   78 |         string[01;31m[K [m[K[32m[Kinfo[m[K;
      |               [01;31m[K^[m[K[32m[K~~~~[m[K
      |               [32m[K;[m[K
[01m[K/home/cl4y3r/VDS/chassis_controller/src/chassis_controller.cpp:79:28:[m[K [01;31m[Kerror: [m[Kâ€˜[01m[Kinfo[m[Kâ€™ was not declared in this scope
   79 |         while(getline(sin, [01;31m[Kinfo[m[K, ',')){
      |                            [01;31m[K^~~~[m[K
[01m[K/home/cl4y3r/VDS/chassis_controller/src/chassis_controller.cpp:82:15:[m[K [01;31m[Kerror: [m[Kexpected â€˜[01m[K;[m[Kâ€™ before â€˜[01m[Kx_str[m[Kâ€™
   82 |         string[01;31m[K [m[K[32m[Kx_str[m[K=Waypoints[4];
      |               [01;31m[K^[m[K[32m[K~~~~~[m[K
      |               [32m[K;[m[K
[01m[K/home/cl4y3r/VDS/chassis_controller/src/chassis_controller.cpp:83:15:[m[K [01;31m[Kerror: [m[Kexpected â€˜[01m[K;[m[Kâ€™ before â€˜[01m[Ky_str[m[Kâ€™
   83 |         string[01;31m[K [m[K[32m[Ky_str[m[K=Waypoints[5];
      |               [01;31m[K^[m[K[32m[K~~~~~[m[K
      |               [32m[K;[m[K
[01m[K/home/cl4y3r/VDS/chassis_controller/src/chassis_controller.cpp:85:9:[m[K [01;31m[Kerror: [m[Kâ€˜[01m[Kstringstream[m[Kâ€™ was not declared in this scope; did you mean â€˜[01m[Kstd::stringstream[m[Kâ€™?
   85 |         [01;31m[Kstringstream[m[K sx,sy;
      |         [01;31m[K^~~~~~~~~~~~[m[K
      |         [32m[Kstd::stringstream[m[K
In file included from [01m[K/usr/include/c++/9/memory:72[m[K,
                 from [01m[K/home/cl4y3r/VDS/chassis_controller/include/chassis_controller/chassis_controller.hpp:3[m[K,
                 from [01m[K/home/cl4y3r/VDS/chassis_controller/src/chassis_controller.cpp:1[m[K:
[01m[K/usr/include/c++/9/iosfwd:156:37:[m[K [01;36m[Knote: [m[Kâ€˜[01m[Kstd::stringstream[m[Kâ€™ declared here
  156 |   typedef basic_stringstream<char>  [01;36m[Kstringstream[m[K;
      |                                     [01;36m[K^~~~~~~~~~~~[m[K
[01m[K/home/cl4y3r/VDS/chassis_controller/src/chassis_controller.cpp:86:9:[m[K [01;31m[Kerror: [m[Kâ€˜[01m[Ksx[m[Kâ€™ was not declared in this scope; did you mean â€˜[01m[Kvx[m[Kâ€™?
   86 |         [01;31m[Ksx[m[K<<x_str;
      |         [01;31m[K^~[m[K
      |         [32m[Kvx[m[K
[01m[K/home/cl4y3r/VDS/chassis_controller/src/chassis_controller.cpp:86:13:[m[K [01;31m[Kerror: [m[Kâ€˜[01m[Kx_str[m[Kâ€™ was not declared in this scope
   86 |         sx<<[01;31m[Kx_str[m[K;
      |             [01;31m[K^~~~~[m[K
[01m[K/home/cl4y3r/VDS/chassis_controller/src/chassis_controller.cpp:87:9:[m[K [01;31m[Kerror: [m[Kâ€˜[01m[Ksy[m[Kâ€™ was not declared in this scope; did you mean â€˜[01m[Kvy[m[Kâ€™?
   87 |         [01;31m[Ksy[m[K<<y_str;
      |         [01;31m[K^~[m[K
      |         [32m[Kvy[m[K
[01m[K/home/cl4y3r/VDS/chassis_controller/src/chassis_controller.cpp:87:13:[m[K [01;31m[Kerror: [m[Kâ€˜[01m[Ky_str[m[Kâ€™ was not declared in this scope
   87 |         sy<<[01;31m[Ky_str[m[K;
      |             [01;31m[K^~~~~[m[K
[01m[K/home/cl4y3r/VDS/chassis_controller/src/chassis_controller.cpp:92:9:[m[K [01;31m[Kerror: [m[Kâ€˜[01m[Klocation_x[m[Kâ€™ was not declared in this scope
   92 |         [01;31m[Klocation_x[m[K.push_back(x);
      |         [01;31m[K^~~~~~~~~~[m[K
[01m[K/home/cl4y3r/VDS/chassis_controller/src/chassis_controller.cpp:93:9:[m[K [01;31m[Kerror: [m[Kâ€˜[01m[Klocation_y[m[Kâ€™ was not declared in this scope
   93 |         [01;31m[Klocation_y[m[K.push_back(y);
      |         [01;31m[K^~~~~~~~~~[m[K
[01m[K/home/cl4y3r/VDS/chassis_controller/src/chassis_controller.cpp:96:1:[m[K [01;35m[Kwarning: [m[Kno return statement in function returning non-void [[01;35m[K-Wreturn-type[m[K]
   96 | [01;35m[K}[m[K
      | [01;35m[K^[m[K
[01m[K/home/cl4y3r/VDS/chassis_controller/src/chassis_controller.cpp:70:55:[m[K [01;35m[Kwarning: [m[Kunused parameter â€˜[01m[Kfilename[m[Kâ€™ [[01;35m[K-Wunused-parameter[m[K]
   70 | double ChassisController::waypoint_loader([01;35m[Kstd::string filename[m[K){
      |                                           [01;35m[K~~~~~~~~~~~~^~~~~~~~[m[K
[01m[K/home/cl4y3r/VDS/chassis_controller/src/chassis_controller.cpp:[m[K In member function â€˜[01m[Kdouble ChassisController::longitudinal_controller(double, double)[m[Kâ€™:
[01m[K/home/cl4y3r/VDS/chassis_controller/src/chassis_controller.cpp:98:58:[m[K [01;35m[Kwarning: [m[Kunused parameter â€˜[01m[Kvelocity_x[m[Kâ€™ [[01;35m[K-Wunused-parameter[m[K]
   98 | double ChassisController::longitudinal_controller([01;35m[Kdouble velocity_x[m[K, double acc_x){
      |                                                   [01;35m[K~~~~~~~^~~~~~~~~~[m[K
[01m[K/home/cl4y3r/VDS/chassis_controller/src/chassis_controller.cpp:98:77:[m[K [01;35m[Kwarning: [m[Kunused parameter â€˜[01m[Kacc_x[m[Kâ€™ [[01;35m[K-Wunused-parameter[m[K]
   98 | ontroller::longitudinal_controller(double velocity_x, [01;35m[Kdouble acc_x[m[K){
      |                                                       [01;35m[K~~~~~~~^~~~~[m[K

[01m[K/home/cl4y3r/VDS/chassis_controller/src/chassis_controller.cpp:[m[K In member function â€˜[01m[Kdouble ChassisController::lateral_controller(double, double, double, double, double)[m[Kâ€™:
[01m[K/home/cl4y3r/VDS/chassis_controller/src/chassis_controller.cpp:102:53:[m[K [01;35m[Kwarning: [m[Kunused parameter â€˜[01m[Kyaw[m[Kâ€™ [[01;35m[K-Wunused-parameter[m[K]
  102 | double ChassisController::lateral_controller([01;35m[Kdouble yaw[m[K, double yaw_rate, double pos_x, double pos_y, double velocity_x){
      |                                              [01;35m[K~~~~~~~^~~[m[K
[01m[K/home/cl4y3r/VDS/chassis_controller/src/chassis_controller.cpp:102:65:[m[K [01;35m[Kwarning: [m[Kunused parameter â€˜[01m[Kyaw_rate[m[Kâ€™ [[01;35m[K-Wunused-parameter[m[K]
  102 | ble ChassisController::lateral_controller(double yaw, [01;35m[Kdouble yaw_rate[m[K, double pos_x, double pos_y, double velocity_x){
      |                                                       [01;35m[K~~~~~~~^~~~~~~~[m[K

[01m[K/home/cl4y3r/VDS/chassis_controller/src/chassis_controller.cpp:102:82:[m[K [01;35m[Kwarning: [m[Kunused parameter â€˜[01m[Kpos_x[m[Kâ€™ [[01;35m[K-Wunused-parameter[m[K]
  102 | ller::lateral_controller(double yaw, double yaw_rate, [01;35m[Kdouble pos_x[m[K, double pos_y, double velocity_x){
      |                                                       [01;35m[K~~~~~~~^~~~~[m[K

[01m[K/home/cl4y3r/VDS/chassis_controller/src/chassis_controller.cpp:102:96:[m[K [01;35m[Kwarning: [m[Kunused parameter â€˜[01m[Kpos_y[m[Kâ€™ [[01;35m[K-Wunused-parameter[m[K]
  102 | controller(double yaw, double yaw_rate, double pos_x, [01;35m[Kdouble pos_y[m[K, double velocity_x){
      |                                                       [01;35m[K~~~~~~~^~~~~[m[K

[01m[K/home/cl4y3r/VDS/chassis_controller/src/chassis_controller.cpp:102:110:[m[K [01;35m[Kwarning: [m[Kunused parameter â€˜[01m[Kvelocity_x[m[Kâ€™ [[01;35m[K-Wunused-parameter[m[K]
  102 | er(double yaw, double yaw_rate, double pos_x, double pos_y, [01;35m[Kdouble velocity_x[m[K){
      |                                                             [01;35m[K~~~~~~~^~~~~~~~~~[m[K

make[2]: *** [CMakeFiles/chassis_controller.dir/build.make:63: CMakeFiles/chassis_controller.dir/src/chassis_controller.cpp.o] Error 1
make[1]: *** [CMakeFiles/Makefile2:78: CMakeFiles/chassis_controller.dir/all] Error 2
make: *** [Makefile:141: all] Error 2
