[35m[1mScanning dependencies of target chassis_controller[0m
[ 50%] [32mBuilding CXX object CMakeFiles/chassis_controller.dir/src/chassis_controller.cpp.o[0m
[01m[K/home/cl4y3r/VDS/chassis_controller/src/chassis_controller.cpp:[m[K In constructor â€˜[01m[KChassisController::ChassisController()[m[Kâ€™:
[01m[K/home/cl4y3r/VDS/chassis_controller/src/chassis_controller.cpp:18:55:[m[K [01;31m[Kerror: [m[Kâ€˜[01m[KLateralController[m[Kâ€™ has not been declared
   18 |     timer = this->create_wall_timer(500ms, std::bind(&[01;31m[KLateralController[m[K::steer_controller, this));
      |                                                       [01;31m[K^~~~~~~~~~~~~~~~~[m[K
[01m[K/home/cl4y3r/VDS/chassis_controller/src/chassis_controller.cpp:[m[K In member function â€˜[01m[Kdouble ChassisController::steer_controller()[m[Kâ€™:
[01m[K/home/cl4y3r/VDS/chassis_controller/src/chassis_controller.cpp:58:1:[m[K [01;35m[Kwarning: [m[Kno return statement in function returning non-void [[01;35m[K-Wreturn-type[m[K]
   58 | [01;35m[K}[m[K
      | [01;35m[K^[m[K
make[2]: *** [CMakeFiles/chassis_controller.dir/build.make:63: CMakeFiles/chassis_controller.dir/src/chassis_controller.cpp.o] Error 1
make[1]: *** [CMakeFiles/Makefile2:78: CMakeFiles/chassis_controller.dir/all] Error 2
make: *** [Makefile:141: all] Error 2
