[0.012s] Invoking command in '/home/cl4y3r/VDS/build/chassis_controller': CMAKE_PREFIX_PATH=/opt/ros/foxy /usr/bin/cmake --build /home/cl4y3r/VDS/build/chassis_controller -- -j8 -l8
[0.048s] [35m[1mScanning dependencies of target chassis_controller[0m
[0.071s] [ 50%] [32mBuilding CXX object CMakeFiles/chassis_controller.dir/src/chassis_controller.cpp.o[0m
[1.418s] [01m[K/home/cl4y3r/VDS/chassis_controller/src/chassis_controller.cpp:[m[K In member function â€˜[01m[Kdouble LateralController::steer_controller()[m[Kâ€™:
[1.418s] [01m[K/home/cl4y3r/VDS/chassis_controller/src/chassis_controller.cpp:56:5:[m[K [01;31m[Kerror: [m[Kâ€˜[01m[Kstate_pub[m[Kâ€™ was not declared in this scope
[1.418s]    56 |     [01;31m[Kstate_pub[m[K->publish(state);
[1.418s]       |     [01;31m[K^~~~~~~~~[m[K
[1.420s] [01m[K/home/cl4y3r/VDS/chassis_controller/src/chassis_controller.cpp:57:5:[m[K [01;31m[Kerror: [m[Kâ€˜[01m[Kcontrol_pub[m[Kâ€™ was not declared in this scope; did you mean â€˜[01m[Kcontrol[m[Kâ€™?
[1.420s]    57 |     [01;31m[Kcontrol_pub[m[K->publish(control);
[1.420s]       |     [01;31m[K^~~~~~~~~~~[m[K
[1.420s]       |     [32m[Kcontrol[m[K
[1.420s] [01m[K/home/cl4y3r/VDS/chassis_controller/src/chassis_controller.cpp:58:1:[m[K [01;35m[Kwarning: [m[Kno return statement in function returning non-void [[01;35m[K-Wreturn-type[m[K]
[1.420s]    58 | [01;35m[K}[m[K
[1.421s]       | [01;35m[K^[m[K
[1.423s] [01m[K/home/cl4y3r/VDS/chassis_controller/src/chassis_controller.cpp:[m[K In function â€˜[01m[Kint main(int, char**)[m[Kâ€™:
[1.423s] [01m[K/home/cl4y3r/VDS/chassis_controller/src/chassis_controller.cpp:63:33:[m[K [01;31m[Kerror: [m[Kâ€˜[01m[KChassisController[m[Kâ€™ was not declared in this scope
[1.423s]    63 |   rclcpp::spin(std::make_shared<[01;31m[KChassisController[m[K>());
[1.423s]       |                                 [01;31m[K^~~~~~~~~~~~~~~~~[m[K
[1.423s] [01m[K/home/cl4y3r/VDS/chassis_controller/src/chassis_controller.cpp:63:52:[m[K [01;31m[Kerror: [m[Kno matching function for call to â€˜[01m[Kmake_shared<<expression error> >()[m[Kâ€™
[1.423s]    63 |   rclcpp::spin(std::make_shared<ChassisController>([01;31m[K)[m[K);
[1.423s]       |                                                    [01;31m[K^[m[K
[1.423s] In file included from [01m[K/usr/include/c++/9/memory:81[m[K,
[1.423s]                  from [01m[K/home/cl4y3r/VDS/chassis_controller/include/chassis_controller/chassis_controller.hpp:3[m[K,
[1.423s]                  from [01m[K/home/cl4y3r/VDS/chassis_controller/src/chassis_controller.cpp:1[m[K:
[1.423s] [01m[K/usr/include/c++/9/bits/shared_ptr.h:714:5:[m[K [01;36m[Knote: [m[Kcandidate: â€˜[01m[Ktemplate<class _Tp, class ... _Args> std::shared_ptr<_Tp> std::make_shared(_Args&& ...)[m[Kâ€™
[1.423s]   714 |     [01;36m[Kmake_shared[m[K(_Args&&... __args)
[1.423s]       |     [01;36m[K^~~~~~~~~~~[m[K
[1.424s] [01m[K/usr/include/c++/9/bits/shared_ptr.h:714:5:[m[K [01;36m[Knote: [m[K  template argument deduction/substitution failed:
[1.424s] [01m[K/home/cl4y3r/VDS/chassis_controller/src/chassis_controller.cpp:63:52:[m[K [01;31m[Kerror: [m[Ktemplate argument 1 is invalid
[1.424s]    63 |   rclcpp::spin(std::make_shared<ChassisController>([01;31m[K)[m[K);
[1.424s]       |                                                    [01;31m[K^[m[K
[4.876s] make[2]: *** [CMakeFiles/chassis_controller.dir/build.make:63: CMakeFiles/chassis_controller.dir/src/chassis_controller.cpp.o] Error 1
[4.876s] make[1]: *** [CMakeFiles/Makefile2:78: CMakeFiles/chassis_controller.dir/all] Error 2
[4.877s] make: *** [Makefile:141: all] Error 2
[4.878s] Invoked command in '/home/cl4y3r/VDS/build/chassis_controller' returned '2': CMAKE_PREFIX_PATH=/opt/ros/foxy /usr/bin/cmake --build /home/cl4y3r/VDS/build/chassis_controller -- -j8 -l8
