[ 50%] [32mBuilding CXX object CMakeFiles/main_msg.dir/src/msg_subpub.cpp.o[0m
[01m[K/home/cl4y3r/VDS/autodriving/src/msg_subpub.cpp:[m[K In member function â€˜[01m[Kvoid msgSubPub::publisher_callback()[m[Kâ€™:
[01m[K/home/cl4y3r/VDS/autodriving/src/msg_subpub.cpp:143:43:[m[K [01;31m[Kerror: [m[Kâ€˜[01m[Kimu_msg[m[Kâ€™ is not a member of â€˜[01m[KmsgSubPub[m[Kâ€™
  143 |     control.acceleration_pct = msgSubPub::[01;31m[Kimu_msg[m[K->linear_acceleration.x;  //åŠ é€Ÿè¸æ¿
      |                                           [01;31m[K^~~~~~~[m[K
make[2]: *** [CMakeFiles/main_msg.dir/build.make:63: CMakeFiles/main_msg.dir/src/msg_subpub.cpp.o] Error 1
make[1]: *** [CMakeFiles/Makefile2:78: CMakeFiles/main_msg.dir/all] Error 2
make: *** [Makefile:141: all] Error 2
