[01m[K/home/cl4y3r/VDS/chassis_controller/src/chassis_controller.cpp:[m[K In member function â€˜[01m[Kvoid ChassisController::msg_subscriber(const ConstSharedPtr&, const ConstSharedPtr&, const ConstSharedPtr&, const ConstSharedPtr&)[m[Kâ€™:
[01m[K/home/cl4y3r/VDS/chassis_controller/src/chassis_controller.cpp:41:23:[m[K [01;31m[Kerror: [m[Kâ€˜[01m[Kconst _pose_type[m[Kâ€™ {aka â€˜[01m[Kconst struct geometry_msgs::msg::PoseWithCovariance_<std::allocator<void> >[m[Kâ€™} has no member named â€˜[01m[Kposition[m[Kâ€™
   41 |     x = gps_msg->pose.[01;31m[Kposition[m[K.x;
      |                       [01;31m[K^~~~~~~~[m[K
[01m[K/home/cl4y3r/VDS/chassis_controller/src/chassis_controller.cpp:[m[K At global scope:
[01m[K/home/cl4y3r/VDS/chassis_controller/src/chassis_controller.cpp:50:8:[m[K [01;31m[Kerror: [m[Kno declaration matches â€˜[01m[Kdouble ChassisController::lateral_controller()[m[Kâ€™
   50 | double [01;31m[KChassisController[m[K::lateral_controller(){
      |        [01;31m[K^~~~~~~~~~~~~~~~~[m[K
In file included from [01m[K/home/cl4y3r/VDS/chassis_controller/src/chassis_controller.cpp:1[m[K:
[01m[K/home/cl4y3r/VDS/chassis_controller/include/chassis_controller/chassis_controller.hpp:72:14:[m[K [01;36m[Knote: [m[Kcandidate is: â€˜[01m[Kvoid ChassisController::lateral_controller()[m[Kâ€™
   72 |         void [01;36m[Klateral_controller[m[K();
      |              [01;36m[K^~~~~~~~~~~~~~~~~~[m[K
In file included from [01m[K/home/cl4y3r/VDS/chassis_controller/src/chassis_controller.cpp:1[m[K:
[01m[K/home/cl4y3r/VDS/chassis_controller/include/chassis_controller/chassis_controller.hpp:29:7:[m[K [01;36m[Knote: [m[Kâ€˜[01m[Kclass ChassisController[m[Kâ€™ defined here
   29 | class [01;36m[KChassisController[m[K: public rclcpp::Node{
      |       [01;36m[K^~~~~~~~~~~~~~~~~[m[K
make[2]: *** [CMakeFiles/chassis_controller.dir/build.make:63: CMakeFiles/chassis_controller.dir/src/chassis_controller.cpp.o] Error 1
make[1]: *** [CMakeFiles/Makefile2:78: CMakeFiles/chassis_controller.dir/all] Error 2
make: *** [Makefile:141: all] Error 2
