[0.024s] Invoking command in '/home/cl4y3r/VDS/build/chassis_controller': CMAKE_PREFIX_PATH=${CMAKE_PREFIX_PATH}:/opt/ros/foxy /usr/bin/cmake --build /home/cl4y3r/VDS/build/chassis_controller -- -j8 -l8
[0.086s] [35m[1mScanning dependencies of target chassis_controller[0m
[0.128s] [ 50%] [32mBuilding CXX object CMakeFiles/chassis_controller.dir/src/chassis_controller.cpp.o[0m
[2.619s] [01m[K/home/cl4y3r/VDS/chassis_controller/src/chassis_controller.cpp:[m[K In member function â€˜[01m[Kdouble ChassisController::waypoint_loader(std::string)[m[Kâ€™:
[2.619s] [01m[K/home/cl4y3r/VDS/chassis_controller/src/chassis_controller.cpp:77:21:[m[K [01;31m[Kerror: [m[Kâ€˜[01m[Kstring[m[Kâ€™ was not declared in this scope; did you mean â€˜[01m[Kstd::string[m[Kâ€™?
[2.619s]    77 |         std::vector<[01;31m[Kstring[m[K> Waypoints;
[2.619s]       |                     [01;31m[K^~~~~~[m[K
[2.620s]       |                     [32m[Kstd::string[m[K
[2.620s] In file included from [01m[K/usr/include/c++/9/iosfwd:39[m[K,
[2.620s]                  from [01m[K/usr/include/c++/9/memory:72[m[K,
[2.620s]                  from [01m[K/home/cl4y3r/VDS/chassis_controller/include/chassis_controller/chassis_controller.hpp:3[m[K,
[2.620s]                  from [01m[K/home/cl4y3r/VDS/chassis_controller/src/chassis_controller.cpp:1[m[K:
[2.620s] [01m[K/usr/include/c++/9/bits/stringfwd.h:79:33:[m[K [01;36m[Knote: [m[Kâ€˜[01m[Kstd::string[m[Kâ€™ declared here
[2.620s]    79 |   typedef basic_string<char>    [01;36m[Kstring[m[K;
[2.620s]       |                                 [01;36m[K^~~~~~[m[K
[2.621s] [01m[K/home/cl4y3r/VDS/chassis_controller/src/chassis_controller.cpp:77:27:[m[K [01;31m[Kerror: [m[Ktemplate argument 1 is invalid
[2.621s]    77 |         std::vector<string[01;31m[K>[m[K Waypoints;
[2.621s]       |                           [01;31m[K^[m[K
[2.622s] [01m[K/home/cl4y3r/VDS/chassis_controller/src/chassis_controller.cpp:77:27:[m[K [01;31m[Kerror: [m[Ktemplate argument 2 is invalid
[2.622s] [01m[K/home/cl4y3r/VDS/chassis_controller/src/chassis_controller.cpp:80:23:[m[K [01;31m[Kerror: [m[Krequest for member â€˜[01m[Kpush_back[m[Kâ€™ in â€˜[01m[KWaypoints[m[Kâ€™, which is of non-class type â€˜[01m[Kint[m[Kâ€™
[2.622s]    80 |             Waypoints.[01;31m[Kpush_back[m[K(info);
[2.622s]       |                       [01;31m[K^~~~~~~~~[m[K
[2.622s] [01m[K/home/cl4y3r/VDS/chassis_controller/src/chassis_controller.cpp:82:38:[m[K [01;31m[Kerror: [m[Kinvalid types â€˜[01m[Kint[int][m[Kâ€™ for array subscript
[2.623s]    82 |         std::string x_str=Waypoints[4[01;31m[K][m[K;
[2.623s]       |                                      [01;31m[K^[m[K
[2.623s] [01m[K/home/cl4y3r/VDS/chassis_controller/src/chassis_controller.cpp:83:38:[m[K [01;31m[Kerror: [m[Kinvalid types â€˜[01m[Kint[int][m[Kâ€™ for array subscript
[2.623s]    83 |         std::string y_str=Waypoints[5[01;31m[K][m[K;
[2.623s]       |                                      [01;31m[K^[m[K
[2.623s] [01m[K/home/cl4y3r/VDS/chassis_controller/src/chassis_controller.cpp:96:1:[m[K [01;35m[Kwarning: [m[Kno return statement in function returning non-void [[01;35m[K-Wreturn-type[m[K]
[2.623s]    96 | [01;35m[K}[m[K
[2.624s]       | [01;35m[K^[m[K
[2.624s] [01m[K/home/cl4y3r/VDS/chassis_controller/src/chassis_controller.cpp:70:55:[m[K [01;35m[Kwarning: [m[Kunused parameter â€˜[01m[Kfilename[m[Kâ€™ [[01;35m[K-Wunused-parameter[m[K]
[2.624s]    70 | double ChassisController::waypoint_loader([01;35m[Kstd::string filename[m[K){
[2.624s]       |                                           [01;35m[K~~~~~~~~~~~~^~~~~~~~[m[K
[2.624s] [01m[K/home/cl4y3r/VDS/chassis_controller/src/chassis_controller.cpp:[m[K In member function â€˜[01m[Kdouble ChassisController::longitudinal_controller(double, double)[m[Kâ€™:
[2.624s] [01m[K/home/cl4y3r/VDS/chassis_controller/src/chassis_controller.cpp:98:58:[m[K [01;35m[Kwarning: [m[Kunused parameter â€˜[01m[Kvelocity_x[m[Kâ€™ [[01;35m[K-Wunused-parameter[m[K]
[2.624s]    98 | double ChassisController::longitudinal_controller([01;35m[Kdouble velocity_x[m[K, double acc_x){
[2.625s]       |                                                   [01;35m[K~~~~~~~^~~~~~~~~~[m[K
[2.625s] [01m[K/home/cl4y3r/VDS/chassis_controller/src/chassis_controller.cpp:98:77:[m[K [01;35m[Kwarning: [m[Kunused parameter â€˜[01m[Kacc_x[m[Kâ€™ [[01;35m[K-Wunused-parameter[m[K]
[2.625s]    98 | ontroller::longitudinal_controller(double velocity_x, [01;35m[Kdouble acc_x[m[K){
[2.625s]       |                                                       [01;35m[K~~~~~~~^~~~~[m[K
[2.625s] 
[2.625s] [01m[K/home/cl4y3r/VDS/chassis_controller/src/chassis_controller.cpp:[m[K In member function â€˜[01m[Kdouble ChassisController::lateral_controller(double, double, double, double, double)[m[Kâ€™:
[2.625s] [01m[K/home/cl4y3r/VDS/chassis_controller/src/chassis_controller.cpp:102:53:[m[K [01;35m[Kwarning: [m[Kunused parameter â€˜[01m[Kyaw[m[Kâ€™ [[01;35m[K-Wunused-parameter[m[K]
[2.625s]   102 | double ChassisController::lateral_controller([01;35m[Kdouble yaw[m[K, double yaw_rate, double pos_x, double pos_y, double velocity_x){
[2.626s]       |                                              [01;35m[K~~~~~~~^~~[m[K
[2.626s] [01m[K/home/cl4y3r/VDS/chassis_controller/src/chassis_controller.cpp:102:65:[m[K [01;35m[Kwarning: [m[Kunused parameter â€˜[01m[Kyaw_rate[m[Kâ€™ [[01;35m[K-Wunused-parameter[m[K]
[2.626s]   102 | ble ChassisController::lateral_controller(double yaw, [01;35m[Kdouble yaw_rate[m[K, double pos_x, double pos_y, double velocity_x){
[2.626s]       |                                                       [01;35m[K~~~~~~~^~~~~~~~[m[K
[2.626s] 
[2.626s] [01m[K/home/cl4y3r/VDS/chassis_controller/src/chassis_controller.cpp:102:82:[m[K [01;35m[Kwarning: [m[Kunused parameter â€˜[01m[Kpos_x[m[Kâ€™ [[01;35m[K-Wunused-parameter[m[K]
[2.626s]   102 | ller::lateral_controller(double yaw, double yaw_rate, [01;35m[Kdouble pos_x[m[K, double pos_y, double velocity_x){
[2.627s]       |                                                       [01;35m[K~~~~~~~^~~~~[m[K
[2.627s] 
[2.627s] [01m[K/home/cl4y3r/VDS/chassis_controller/src/chassis_controller.cpp:102:96:[m[K [01;35m[Kwarning: [m[Kunused parameter â€˜[01m[Kpos_y[m[Kâ€™ [[01;35m[K-Wunused-parameter[m[K]
[2.627s]   102 | controller(double yaw, double yaw_rate, double pos_x, [01;35m[Kdouble pos_y[m[K, double velocity_x){
[2.627s]       |                                                       [01;35m[K~~~~~~~^~~~~[m[K
[2.627s] 
[2.627s] [01m[K/home/cl4y3r/VDS/chassis_controller/src/chassis_controller.cpp:102:110:[m[K [01;35m[Kwarning: [m[Kunused parameter â€˜[01m[Kvelocity_x[m[Kâ€™ [[01;35m[K-Wunused-parameter[m[K]
[2.628s]   102 | er(double yaw, double yaw_rate, double pos_x, double pos_y, [01;35m[Kdouble velocity_x[m[K){
[2.628s]       |                                                             [01;35m[K~~~~~~~^~~~~~~~~~[m[K
[2.628s] 
[8.208s] make[2]: *** [CMakeFiles/chassis_controller.dir/build.make:63: CMakeFiles/chassis_controller.dir/src/chassis_controller.cpp.o] Error 1
[8.209s] make[1]: *** [CMakeFiles/Makefile2:78: CMakeFiles/chassis_controller.dir/all] Error 2
[8.209s] make: *** [Makefile:141: all] Error 2
[8.214s] Invoked command in '/home/cl4y3r/VDS/build/chassis_controller' returned '2': CMAKE_PREFIX_PATH=${CMAKE_PREFIX_PATH}:/opt/ros/foxy /usr/bin/cmake --build /home/cl4y3r/VDS/build/chassis_controller -- -j8 -l8
