[0.012s] Invoking command in '/home/cl4y3r/VDS/build/chassis_controller': /usr/bin/cmake --build /home/cl4y3r/VDS/build/chassis_controller -- -j8 -l8
[0.046s] [35m[1mScanning dependencies of target chassis_controller[0m
[0.070s] [ 50%] [32mBuilding CXX object CMakeFiles/chassis_controller.dir/src/chassis_controller.cpp.o[0m
[1.411s] [01m[K/home/cl4y3r/VDS/chassis_controller/src/chassis_controller.cpp:[m[K In constructor â€˜[01m[KChassisController::ChassisController()[m[Kâ€™:
[1.411s] [01m[K/home/cl4y3r/VDS/chassis_controller/src/chassis_controller.cpp:11:18:[m[K [01;31m[Kerror: [m[Kcannot convert â€˜[01m[Ksensor_msgs::msg::Imu_<std::allocator<void> >::ConstSharedPtr*[m[Kâ€™ {aka â€˜[01m[Kstd::shared_ptr<const sensor_msgs::msg::Imu_<std::allocator<void> > >*[m[Kâ€™} to â€˜[01m[Kdouble[m[Kâ€™
[1.411s]    11 |     data_process([01;31m[K&imu_msg[m[K);
[1.411s]       |                  [01;31m[K^~~~~~~~[m[K
[1.411s]       |                  [01;31m[K|[m[K
[1.411s]       |                  [01;31m[Ksensor_msgs::msg::Imu_<std::allocator<void> >::ConstSharedPtr* {aka std::shared_ptr<const sensor_msgs::msg::Imu_<std::allocator<void> > >*}[m[K
[1.412s] In file included from [01m[K/home/cl4y3r/VDS/chassis_controller/src/chassis_controller.cpp:1[m[K:
[1.412s] [01m[K/home/cl4y3r/VDS/chassis_controller/include/chassis_controller/chassis_controller.hpp:55:36:[m[K [01;36m[Knote: [m[K  initializing argument 1 of â€˜[01m[Kdouble ChassisController::data_process(double)[m[Kâ€™
[1.412s]    55 |         double data_process([01;36m[Kdouble linear_acc_x[m[K);
[1.412s]       |                             [01;36m[K~~~~~~~^~~~~~~~~~~~[m[K
[1.425s] [01m[K/home/cl4y3r/VDS/chassis_controller/src/chassis_controller.cpp:[m[K In member function â€˜[01m[Kvoid ChassisController::msg_subscriber(const ConstSharedPtr&, const ConstSharedPtr&, const ConstSharedPtr&)[m[Kâ€™:
[1.425s] [01m[K/home/cl4y3r/VDS/chassis_controller/src/chassis_controller.cpp:25:86:[m[K [01;35m[Kwarning: [m[Kunused parameter â€˜[01m[Kgroundturth_msg[m[Kâ€™ [[01;35m[K-Wunused-parameter[m[K]
[1.425s]    25 |       [01;35m[Kconst lgsvl_msgs::msg::Detection3DArray::ConstSharedPtr& groundturth_msg[m[K,
[1.425s]       |       [01;35m[K~~~~~~~~~~~~~~~~~~~~~~~~~~~~~~~~~~~~~~~~~~~~~~~~~~~~~~~~~^~~~~~~~~~~~~~~[m[K
[1.425s] 
[1.425s] [01m[K/home/cl4y3r/VDS/chassis_controller/src/chassis_controller.cpp:26:80:[m[K [01;35m[Kwarning: [m[Kunused parameter â€˜[01m[Kcanbus_msg[m[Kâ€™ [[01;35m[K-Wunused-parameter[m[K]
[1.425s]    26 |                  [01;35m[Kconst lgsvl_msgs::msg::CanBusData::ConstSharedPtr& canbus_msg[m[K)
[1.425s]       |                  [01;35m[K~~~~~~~~~~~~~~~~~~~~~~~~~~~~~~~~~~~~~~~~~~~~~~~~~~~^~~~~~~~~~[m[K
[1.425s] 
[1.425s] [01m[K/home/cl4y3r/VDS/chassis_controller/src/chassis_controller.cpp:[m[K At global scope:
[1.425s] [01m[K/home/cl4y3r/VDS/chassis_controller/src/chassis_controller.cpp:34:9:[m[K [01;31m[Kerror: [m[Kâ€˜[01m[Kdouble ChassisController::data_process[m[Kâ€™ is not a static data member of â€˜[01m[Kclass ChassisController[m[Kâ€™
[1.425s]    34 | double  [01;31m[KChassisController[m[K::data_process(imu_msg){
[1.425s]       |         [01;31m[K^~~~~~~~~~~~~~~~~[m[K
[1.426s] [01m[K/home/cl4y3r/VDS/chassis_controller/src/chassis_controller.cpp:34:41:[m[K [01;31m[Kerror: [m[Kinvalid use of non-static data member â€˜[01m[KChassisController::imu_msg[m[Kâ€™
[1.426s]    34 | double  ChassisController::data_process([01;31m[Kimu_msg[m[K){
[1.426s]       |                                         [01;31m[K^~~~~~~[m[K
[1.426s] In file included from [01m[K/home/cl4y3r/VDS/chassis_controller/src/chassis_controller.cpp:1[m[K:
[1.426s] [01m[K/home/cl4y3r/VDS/chassis_controller/include/chassis_controller/chassis_controller.hpp:46:47:[m[K [01;36m[Knote: [m[Kdeclared here
[1.426s]    46 |         sensor_msgs::msg::Imu::ConstSharedPtr [01;36m[Kimu_msg[m[K;
[1.426s]       |                                               [01;36m[K^~~~~~~[m[K
[4.905s] make[2]: *** [CMakeFiles/chassis_controller.dir/build.make:63: CMakeFiles/chassis_controller.dir/src/chassis_controller.cpp.o] Error 1
[4.905s] make[1]: *** [CMakeFiles/Makefile2:78: CMakeFiles/chassis_controller.dir/all] Error 2
[4.905s] make: *** [Makefile:141: all] Error 2
[4.908s] Invoked command in '/home/cl4y3r/VDS/build/chassis_controller' returned '2': /usr/bin/cmake --build /home/cl4y3r/VDS/build/chassis_controller -- -j8 -l8
