[0.017s] Invoking command in '/home/cl4y3r/VDS/build/autodriving': /usr/bin/cmake --build /home/cl4y3r/VDS/build/autodriving -- -j8 -l8
[0.059s] [35m[1mScanning dependencies of target main_msg[0m
[0.090s] [ 50%] [32mBuilding CXX object CMakeFiles/main_msg.dir/src/msg_subpub.cpp.o[0m
[2.016s] [01m[K/home/cl4y3r/VDS/autodriving/src/msg_subpub.cpp:[m[K In member function â€˜[01m[Kvoid msgSubPub::subscriber_callback(const ConstSharedPtr&, const ConstSharedPtr&, const ConstSharedPtr&, const ConstSharedPtr&, const ConstSharedPtr&)[m[Kâ€™:
[2.016s] [01m[K/home/cl4y3r/VDS/autodriving/src/msg_subpub.cpp:125:19:[m[K [01;31m[Kerror: [m[Kâ€˜[01m[Klong_controller[m[Kâ€™ was not declared in this scope
[2.016s]   125 |     auto my_out = [01;31m[Klong_controller[m[K(imu_msg->linear_acceleration.x);
[2.016s]       |                   [01;31m[K^~~~~~~~~~~~~~~[m[K
[2.017s] [01m[K/home/cl4y3r/VDS/autodriving/src/msg_subpub.cpp:126:10:[m[K [01;35m[Kwarning: [m[Kunused variable â€˜[01m[Kax[m[Kâ€™ [[01;35m[K-Wunused-variable[m[K]
[2.017s]   126 |     auto [01;35m[Kax[m[K = imu_msg->linear_acceleration.x;
[2.017s]       |          [01;35m[K^~[m[K
[8.113s] make[2]: *** [CMakeFiles/main_msg.dir/build.make:63: CMakeFiles/main_msg.dir/src/msg_subpub.cpp.o] Error 1
[8.114s] make[1]: *** [CMakeFiles/Makefile2:78: CMakeFiles/main_msg.dir/all] Error 2
[8.114s] make: *** [Makefile:141: all] Error 2
[8.117s] Invoked command in '/home/cl4y3r/VDS/build/autodriving' returned '2': /usr/bin/cmake --build /home/cl4y3r/VDS/build/autodriving -- -j8 -l8
