[0.014s] Invoking command in '/home/cl4y3r/VDS/build/chassis_controller': CMAKE_PREFIX_PATH=${CMAKE_PREFIX_PATH}:/opt/ros/foxy /usr/bin/cmake --build /home/cl4y3r/VDS/build/chassis_controller -- -j8 -l8
[0.124s] [35m[1mScanning dependencies of target chassis_controller[0m
[0.153s] [ 50%] [32mBuilding CXX object CMakeFiles/chassis_controller.dir/src/chassis_controller.cpp.o[0m
[1.760s] In file included from [01m[K/opt/ros/foxy/include/rclcpp/context.hpp:19[m[K,
[1.761s]                  from [01m[K/opt/ros/foxy/include/rclcpp/contexts/default_context.hpp:18[m[K,
[1.761s]                  from [01m[K/opt/ros/foxy/include/rclcpp/executor.hpp:32[m[K,
[1.761s]                  from [01m[K/opt/ros/foxy/include/rclcpp/executors/multi_threaded_executor.hpp:26[m[K,
[1.761s]                  from [01m[K/opt/ros/foxy/include/rclcpp/executors.hpp:21[m[K,
[1.761s]                  from [01m[K/opt/ros/foxy/include/rclcpp/rclcpp.hpp:146[m[K,
[1.761s]                  from [01m[K/opt/ros/foxy/include/message_filters/subscriber.h:38[m[K,
[1.761s]                  from [01m[K/home/cl4y3r/VDS/chassis_controller/include/chassis_controller/chassis_controller.hpp:6[m[K,
[1.761s]                  from [01m[K/home/cl4y3r/VDS/chassis_controller/src/chassis_controller.cpp:1[m[K:
[1.761s] /usr/include/c++/9/functional: In instantiation of â€˜[01m[Kstruct std::_Bind_check_arity<double (ChassisController::*)(double, double, double, double, double), ChassisController*>[m[Kâ€™:
[1.761s] [01m[K/usr/include/c++/9/functional:787:12:[m[K   required from â€˜[01m[Kstruct std::_Bind_helper<false, double (ChassisController::*)(double, double, double, double, double), ChassisController*>[m[Kâ€™
[1.761s] [01m[K/usr/include/c++/9/functional:808:5:[m[K   required by substitution of â€˜[01m[Ktemplate<class _Func, class ... _BoundArgs> typename std::_Bind_helper<std::__is_socketlike<_Func>::value, _Func, _BoundArgs ...>::type std::bind(_Func&&, _BoundArgs&& ...) [with _Func = double (ChassisController::*)(double, double, double, double, double); _BoundArgs = {ChassisController*}][m[Kâ€™
[1.761s] [01m[K/home/cl4y3r/VDS/chassis_controller/src/chassis_controller.cpp:19:98:[m[K   required from here
[1.761s] [01m[K/usr/include/c++/9/functional:775:7:[m[K [01;31m[Kerror: [m[Kstatic assertion failed: Wrong number of arguments for pointer-to-member
[1.761s]   774 |       static_assert(_Varargs::[01;31m[Kvalue[m[K
[1.761s]       |                               [01;31m[K~~~~~[m[K
[1.761s]   775 | [01;31m[K      ? sizeof...(_BoundArgs) >= _Arity::value + 1[m[K
[1.762s]       |       [01;31m[K^~~~~~~~~~~~~~~~~~~~~~~~~~~~~~~~~~~~~~~~~~~~[m[K
[1.762s]   776 | [01;31m[K      : sizeof...(_BoundArgs) == _Arity::value + 1[m[K,
[1.762s]       |       [01;31m[K~~~~~~~~~~~~~~~~~~~~~~~~~~~~~~~~~~~~~~~~~~~~[m[K
[1.766s] [01m[K/home/cl4y3r/VDS/chassis_controller/src/chassis_controller.cpp:[m[K In constructor â€˜[01m[KChassisController::ChassisController()[m[Kâ€™:
[1.766s] [01m[K/home/cl4y3r/VDS/chassis_controller/src/chassis_controller.cpp:19:99:[m[K [01;31m[Kerror: [m[Kno matching function for call to â€˜[01m[KChassisController::create_wall_timer(std::chrono::milliseconds, std::_Bind_helper<false, double (ChassisController::*)(double, double, double, double, double), ChassisController*>::type)[m[Kâ€™
[1.766s]    19 | 00ms, std::bind(&ChassisController::lateral_controller, this)[01;31m[K)[m[K;
[1.766s]       |                                                              [01;31m[K^[m[K
[1.766s] 
[1.767s] In file included from [01m[K/opt/ros/foxy/include/rclcpp/executors/single_threaded_executor.hpp:28[m[K,
[1.767s]                  from [01m[K/opt/ros/foxy/include/rclcpp/executors.hpp:22[m[K,
[1.767s]                  from [01m[K/opt/ros/foxy/include/rclcpp/rclcpp.hpp:146[m[K,
[1.767s]                  from [01m[K/opt/ros/foxy/include/message_filters/subscriber.h:38[m[K,
[1.767s]                  from [01m[K/home/cl4y3r/VDS/chassis_controller/include/chassis_controller/chassis_controller.hpp:6[m[K,
[1.767s]                  from [01m[K/home/cl4y3r/VDS/chassis_controller/src/chassis_controller.cpp:1[m[K:
[1.767s] [01m[K/opt/ros/foxy/include/rclcpp/node.hpp:232:3:[m[K [01;36m[Knote: [m[Kcandidate: â€˜[01m[Ktemplate<class DurationRepT, class DurationT, class CallbackT> typename rclcpp::WallTimer<CallbackT>::SharedPtr rclcpp::Node::create_wall_timer(std::chrono::duration<_Rep1, _Period1>, CallbackT, rclcpp::CallbackGroup::SharedPtr)[m[Kâ€™
[1.767s]   232 |   [01;36m[Kcreate_wall_timer[m[K(
[1.767s]       |   [01;36m[K^~~~~~~~~~~~~~~~~[m[K
[1.767s] [01m[K/opt/ros/foxy/include/rclcpp/node.hpp:232:3:[m[K [01;36m[Knote: [m[K  template argument deduction/substitution failed:
[1.767s] In file included from [01m[K/opt/ros/foxy/include/rclcpp/node.hpp:1224[m[K,
[1.767s]                  from [01m[K/opt/ros/foxy/include/rclcpp/executors/single_threaded_executor.hpp:28[m[K,
[1.767s]                  from [01m[K/opt/ros/foxy/include/rclcpp/executors.hpp:22[m[K,
[1.767s]                  from [01m[K/opt/ros/foxy/include/rclcpp/rclcpp.hpp:146[m[K,
[1.767s]                  from [01m[K/opt/ros/foxy/include/message_filters/subscriber.h:38[m[K,
[1.767s]                  from [01m[K/home/cl4y3r/VDS/chassis_controller/include/chassis_controller/chassis_controller.hpp:6[m[K,
[1.767s]                  from [01m[K/home/cl4y3r/VDS/chassis_controller/src/chassis_controller.cpp:1[m[K:
[1.768s] /opt/ros/foxy/include/rclcpp/node_impl.hpp: In substitution of â€˜[01m[Ktemplate<class DurationRepT, class DurationT, class CallbackT> typename rclcpp::WallTimer<CallbackT>::SharedPtr rclcpp::Node::create_wall_timer(std::chrono::duration<_Rep1, _Period1>, CallbackT, rclcpp::CallbackGroup::SharedPtr) [with DurationRepT = long int; DurationT = std::ratio<1, 1000>; CallbackT = std::_Bind<double (ChassisController::*(ChassisController*))(double, double, double, double, double)>][m[Kâ€™:
[1.768s] [01m[K/home/cl4y3r/VDS/chassis_controller/src/chassis_controller.cpp:19:99:[m[K   required from here
[1.768s] [01m[K/opt/ros/foxy/include/rclcpp/node_impl.hpp:109:1:[m[K [01;31m[Kerror: [m[Kno type named â€˜[01m[Ktype[m[Kâ€™ in â€˜[01m[Kstruct std::enable_if<false, void>[m[Kâ€™
[1.768s]   109 | [01;31m[KNode[m[K::create_wall_timer(
[1.768s]       | [01;31m[K^~~~[m[K
[1.768s] [01m[K/opt/ros/foxy/include/rclcpp/node_impl.hpp:109:1:[m[K [01;31m[Kerror: [m[Kno type named â€˜[01m[Ktype[m[Kâ€™ in â€˜[01m[Kstruct std::enable_if<false, void>[m[Kâ€™
[1.768s] [01m[K/opt/ros/foxy/include/rclcpp/node_impl.hpp:109:1:[m[K [01;36m[Knote: [m[Kinvalid template non-type parameter
[1.953s] [01m[K/home/cl4y3r/VDS/chassis_controller/src/chassis_controller.cpp:[m[K In member function â€˜[01m[Kdouble ChassisController::longitudinal_controller(double, double)[m[Kâ€™:
[1.953s] [01m[K/home/cl4y3r/VDS/chassis_controller/src/chassis_controller.cpp:67:58:[m[K [01;35m[Kwarning: [m[Kunused parameter â€˜[01m[Kvelocity_x[m[Kâ€™ [[01;35m[K-Wunused-parameter[m[K]
[1.953s]    67 | double ChassisController::longitudinal_controller([01;35m[Kdouble velocity_x[m[K, double acc_x){
[1.953s]       |                                                   [01;35m[K~~~~~~~^~~~~~~~~~[m[K
[1.953s] [01m[K/home/cl4y3r/VDS/chassis_controller/src/chassis_controller.cpp:67:77:[m[K [01;35m[Kwarning: [m[Kunused parameter â€˜[01m[Kacc_x[m[Kâ€™ [[01;35m[K-Wunused-parameter[m[K]
[1.953s]    67 | ontroller::longitudinal_controller(double velocity_x, [01;35m[Kdouble acc_x[m[K){
[1.953s]       |                                                       [01;35m[K~~~~~~~^~~~~[m[K
[1.954s] 
[1.956s] [01m[K/home/cl4y3r/VDS/chassis_controller/src/chassis_controller.cpp:[m[K In member function â€˜[01m[Kdouble ChassisController::lateral_controller(double, double, double, double, double)[m[Kâ€™:
[1.956s] [01m[K/home/cl4y3r/VDS/chassis_controller/src/chassis_controller.cpp:73:12:[m[K [01;31m[Kerror: [m[Kâ€˜[01m[Ktarget_steer_anlge[m[Kâ€™ was not declared in this scope; did you mean â€˜[01m[Ktarget_steer_angle[m[Kâ€™?
[1.956s]    73 |     return [01;31m[Ktarget_steer_anlge[m[K;
[1.956s]       |            [01;31m[K^~~~~~~~~~~~~~~~~~[m[K
[1.956s]       |            [32m[Ktarget_steer_angle[m[K
[1.956s] [01m[K/home/cl4y3r/VDS/chassis_controller/src/chassis_controller.cpp:72:12:[m[K [01;35m[Kwarning: [m[Kunused variable â€˜[01m[Ktarget_steer_angle[m[Kâ€™ [[01;35m[K-Wunused-variable[m[K]
[1.956s]    72 |     double [01;35m[Ktarget_steer_angle[m[K = 0;
[1.957s]       |            [01;35m[K^~~~~~~~~~~~~~~~~~[m[K
[1.957s] [01m[K/home/cl4y3r/VDS/chassis_controller/src/chassis_controller.cpp:71:53:[m[K [01;35m[Kwarning: [m[Kunused parameter â€˜[01m[Kyaw[m[Kâ€™ [[01;35m[K-Wunused-parameter[m[K]
[1.957s]    71 | double ChassisController::lateral_controller([01;35m[Kdouble yaw[m[K, double yaw_rate, double pos_x, double pos_y, double velocity_x){
[1.957s]       |                                              [01;35m[K~~~~~~~^~~[m[K
[1.957s] [01m[K/home/cl4y3r/VDS/chassis_controller/src/chassis_controller.cpp:71:65:[m[K [01;35m[Kwarning: [m[Kunused parameter â€˜[01m[Kyaw_rate[m[Kâ€™ [[01;35m[K-Wunused-parameter[m[K]
[1.957s]    71 | ble ChassisController::lateral_controller(double yaw, [01;35m[Kdouble yaw_rate[m[K, double pos_x, double pos_y, double velocity_x){
[1.957s]       |                                                       [01;35m[K~~~~~~~^~~~~~~~[m[K
[1.957s] 
[1.957s] [01m[K/home/cl4y3r/VDS/chassis_controller/src/chassis_controller.cpp:71:82:[m[K [01;35m[Kwarning: [m[Kunused parameter â€˜[01m[Kpos_x[m[Kâ€™ [[01;35m[K-Wunused-parameter[m[K]
[1.957s]    71 | ller::lateral_controller(double yaw, double yaw_rate, [01;35m[Kdouble pos_x[m[K, double pos_y, double velocity_x){
[1.957s]       |                                                       [01;35m[K~~~~~~~^~~~~[m[K
[1.957s] 
[1.957s] [01m[K/home/cl4y3r/VDS/chassis_controller/src/chassis_controller.cpp:71:96:[m[K [01;35m[Kwarning: [m[Kunused parameter â€˜[01m[Kpos_y[m[Kâ€™ [[01;35m[K-Wunused-parameter[m[K]
[1.957s]    71 | controller(double yaw, double yaw_rate, double pos_x, [01;35m[Kdouble pos_y[m[K, double velocity_x){
[1.957s]       |                                                       [01;35m[K~~~~~~~^~~~~[m[K
[1.957s] 
[1.958s] [01m[K/home/cl4y3r/VDS/chassis_controller/src/chassis_controller.cpp:71:110:[m[K [01;35m[Kwarning: [m[Kunused parameter â€˜[01m[Kvelocity_x[m[Kâ€™ [[01;35m[K-Wunused-parameter[m[K]
[1.958s]    71 | er(double yaw, double yaw_rate, double pos_x, double pos_y, [01;35m[Kdouble velocity_x[m[K){
[1.958s]       |                                                             [01;35m[K~~~~~~~^~~~~~~~~~[m[K
[1.958s] 
[5.748s] make[2]: *** [CMakeFiles/chassis_controller.dir/build.make:63: CMakeFiles/chassis_controller.dir/src/chassis_controller.cpp.o] Error 1
[5.749s] make[1]: *** [CMakeFiles/Makefile2:78: CMakeFiles/chassis_controller.dir/all] Error 2
[5.749s] make: *** [Makefile:141: all] Error 2
[5.750s] Invoked command in '/home/cl4y3r/VDS/build/chassis_controller' returned '2': CMAKE_PREFIX_PATH=${CMAKE_PREFIX_PATH}:/opt/ros/foxy /usr/bin/cmake --build /home/cl4y3r/VDS/build/chassis_controller -- -j8 -l8
