[0.015s] Invoking command in '/home/cl4y3r/VDS/build/chassis_controller': CMAKE_PREFIX_PATH=${CMAKE_PREFIX_PATH}:/opt/ros/foxy /usr/bin/cmake --build /home/cl4y3r/VDS/build/chassis_controller -- -j8 -l8
[0.051s] [35m[1mScanning dependencies of target chassis_controller[0m
[0.075s] [ 50%] [32mBuilding CXX object CMakeFiles/chassis_controller.dir/src/chassis_controller.cpp.o[0m
[2.196s] [01m[K/home/cl4y3r/VDS/chassis_controller/src/chassis_controller.cpp:[m[K In member function â€˜[01m[Kbool ChassisController::riccati_solver(Eigen::MatrixXd, Eigen::MatrixXd, Eigen::MatrixXd, Eigen::MatrixXd, Eigen::MatrixXd&, double, uint)[m[Kâ€™:
[2.196s] [01m[K/home/cl4y3r/VDS/chassis_controller/src/chassis_controller.cpp:131:5:[m[K [01;31m[Kerror: [m[Kâ€˜[01m[KMatriXd[m[Kâ€™ was not declared in this scope
[2.196s]   131 |     [01;31m[KMatriXd[m[K test;
[2.196s]       |     [01;31m[K^~~~~~~[m[K
[2.197s] [01m[K/home/cl4y3r/VDS/chassis_controller/src/chassis_controller.cpp:132:11:[m[K [01;31m[Kerror: [m[Kâ€˜[01m[Ktest[m[Kâ€™ was not declared in this scope
[2.198s]   132 |     cout<<[01;31m[Ktest[m[K(0,0)<<endl;
[2.198s]       |           [01;31m[K^~~~[m[K
[2.205s] [01m[K/home/cl4y3r/VDS/chassis_controller/src/chassis_controller.cpp:[m[K In member function â€˜[01m[Kdouble ChassisController::longitudinal_controller(double, double)[m[Kâ€™:
[2.205s] [01m[K/home/cl4y3r/VDS/chassis_controller/src/chassis_controller.cpp:143:58:[m[K [01;35m[Kwarning: [m[Kunused parameter â€˜[01m[Kvelocity_x[m[Kâ€™ [[01;35m[K-Wunused-parameter[m[K]
[2.205s]   143 | double ChassisController::longitudinal_controller([01;35m[Kdouble velocity_x[m[K, double acc_x)
[2.205s]       |                                                   [01;35m[K~~~~~~~^~~~~~~~~~[m[K
[2.205s] [01m[K/home/cl4y3r/VDS/chassis_controller/src/chassis_controller.cpp:143:77:[m[K [01;35m[Kwarning: [m[Kunused parameter â€˜[01m[Kacc_x[m[Kâ€™ [[01;35m[K-Wunused-parameter[m[K]
[2.205s]   143 | ontroller::longitudinal_controller(double velocity_x, [01;35m[Kdouble acc_x[m[K)
[2.205s]       |                                                       [01;35m[K~~~~~~~^~~~~[m[K
[2.206s] 
[2.302s] [01m[K/home/cl4y3r/VDS/chassis_controller/src/chassis_controller.cpp:[m[K In member function â€˜[01m[Kdouble ChassisController::lateral_controller(double, double, double, double, double, double, double, double, double, double)[m[Kâ€™:
[2.302s] [01m[K/home/cl4y3r/VDS/chassis_controller/src/chassis_controller.cpp:160:12:[m[K [01;35m[Kwarning: [m[Kunused variable â€˜[01m[Kerr_s[m[Kâ€™ [[01;35m[K-Wunused-variable[m[K]
[2.302s]   160 |     double [01;35m[Kerr_s[m[K = (tor * distance)(0,0);
[2.302s]       |            [01;35m[K^~~~~[m[K
[7.864s] make[2]: *** [CMakeFiles/chassis_controller.dir/build.make:63: CMakeFiles/chassis_controller.dir/src/chassis_controller.cpp.o] Error 1
[7.864s] make[1]: *** [CMakeFiles/Makefile2:78: CMakeFiles/chassis_controller.dir/all] Error 2
[7.864s] make: *** [Makefile:141: all] Error 2
[7.866s] Invoked command in '/home/cl4y3r/VDS/build/chassis_controller' returned '2': CMAKE_PREFIX_PATH=${CMAKE_PREFIX_PATH}:/opt/ros/foxy /usr/bin/cmake --build /home/cl4y3r/VDS/build/chassis_controller -- -j8 -l8
