[35m[1mScanning dependencies of target chassis_controller[0m
[ 50%] [32mBuilding CXX object CMakeFiles/chassis_controller.dir/src/chassis_controller.cpp.o[0m
[01m[K/home/cl4y3r/VDS/chassis_controller/src/chassis_controller.cpp:44:6:[m[K [01;31m[Kerror: [m[Kno declaration matches â€˜[01m[Kvoid LateralController::steer_controller()[m[Kâ€™
   44 | void [01;31m[KLateralController[m[K::steer_controller(){
      |      [01;31m[K^~~~~~~~~~~~~~~~~[m[K
In file included from [01m[K/home/cl4y3r/VDS/chassis_controller/src/chassis_controller.cpp:1[m[K:
[01m[K/home/cl4y3r/VDS/chassis_controller/include/chassis_controller/chassis_controller.hpp:28:16:[m[K [01;36m[Knote: [m[Kcandidate is: â€˜[01m[Kdouble LateralController::steer_controller()[m[Kâ€™
   28 |         double [01;36m[Ksteer_controller[m[K();
      |                [01;36m[K^~~~~~~~~~~~~~~~[m[K
[01m[K/home/cl4y3r/VDS/chassis_controller/include/chassis_controller/chassis_controller.hpp:26:7:[m[K [01;36m[Knote: [m[Kâ€˜[01m[Kclass LateralController[m[Kâ€™ defined here
   26 | class [01;36m[KLateralController[m[K{
      |       [01;36m[K^~~~~~~~~~~~~~~~~[m[K
[01m[K/home/cl4y3r/VDS/chassis_controller/src/chassis_controller.cpp:[m[K In function â€˜[01m[Kint main(int, char**)[m[Kâ€™:
[01m[K/home/cl4y3r/VDS/chassis_controller/src/chassis_controller.cpp:63:33:[m[K [01;31m[Kerror: [m[Kâ€˜[01m[KChassisController[m[Kâ€™ was not declared in this scope
   63 |   rclcpp::spin(std::make_shared<[01;31m[KChassisController[m[K>());
      |                                 [01;31m[K^~~~~~~~~~~~~~~~~[m[K
[01m[K/home/cl4y3r/VDS/chassis_controller/src/chassis_controller.cpp:63:52:[m[K [01;31m[Kerror: [m[Kno matching function for call to â€˜[01m[Kmake_shared<<expression error> >()[m[Kâ€™
   63 |   rclcpp::spin(std::make_shared<ChassisController>([01;31m[K)[m[K);
      |                                                    [01;31m[K^[m[K
In file included from [01m[K/usr/include/c++/9/memory:81[m[K,
                 from [01m[K/home/cl4y3r/VDS/chassis_controller/include/chassis_controller/chassis_controller.hpp:3[m[K,
                 from [01m[K/home/cl4y3r/VDS/chassis_controller/src/chassis_controller.cpp:1[m[K:
[01m[K/usr/include/c++/9/bits/shared_ptr.h:714:5:[m[K [01;36m[Knote: [m[Kcandidate: â€˜[01m[Ktemplate<class _Tp, class ... _Args> std::shared_ptr<_Tp> std::make_shared(_Args&& ...)[m[Kâ€™
  714 |     [01;36m[Kmake_shared[m[K(_Args&&... __args)
      |     [01;36m[K^~~~~~~~~~~[m[K
[01m[K/usr/include/c++/9/bits/shared_ptr.h:714:5:[m[K [01;36m[Knote: [m[K  template argument deduction/substitution failed:
[01m[K/home/cl4y3r/VDS/chassis_controller/src/chassis_controller.cpp:63:52:[m[K [01;31m[Kerror: [m[Ktemplate argument 1 is invalid
   63 |   rclcpp::spin(std::make_shared<ChassisController>([01;31m[K)[m[K);
      |                                                    [01;31m[K^[m[K
make[2]: *** [CMakeFiles/chassis_controller.dir/build.make:63: CMakeFiles/chassis_controller.dir/src/chassis_controller.cpp.o] Error 1
make[1]: *** [CMakeFiles/Makefile2:78: CMakeFiles/chassis_controller.dir/all] Error 2
make: *** [Makefile:141: all] Error 2
