[0.020s] Invoking command in '/home/cl4y3r/VDS/build/chassis_controller': CMAKE_PREFIX_PATH=${CMAKE_PREFIX_PATH}:/opt/ros/foxy /usr/bin/cmake --build /home/cl4y3r/VDS/build/chassis_controller -- -j8 -l8
[0.084s] [35m[1mScanning dependencies of target chassis_controller[0m
[0.122s] [ 50%] [32mBuilding CXX object CMakeFiles/chassis_controller.dir/src/chassis_controller.cpp.o[0m
[2.622s] [01m[K/home/cl4y3r/VDS/chassis_controller/src/chassis_controller.cpp:[m[K In member function â€˜[01m[Kdouble ChassisController::waypoint_loader(std::string)[m[Kâ€™:
[2.623s] [01m[K/home/cl4y3r/VDS/chassis_controller/src/chassis_controller.cpp:71:8:[m[K [01;31m[Kerror: [m[Kno match for â€˜[01m[Koperator![m[Kâ€™ (operand type is â€˜[01m[Kstd::string[m[Kâ€™ {aka â€˜[01m[Kstd::__cxx11::basic_string<char>[m[Kâ€™})
[2.623s]    71 |     if([01;31m[K!filename[m[K) std::cout<<"error"<<std::endl;
[2.623s]       |        [01;31m[K^~~~~~~~~[m[K
[2.623s] [01m[K/home/cl4y3r/VDS/chassis_controller/src/chassis_controller.cpp:71:8:[m[K [01;36m[Knote: [m[Kcandidate: â€˜[01m[Koperator!(bool)[m[Kâ€™ <built-in>
[2.623s] [01m[K/home/cl4y3r/VDS/chassis_controller/src/chassis_controller.cpp:71:8:[m[K [01;36m[Knote: [m[K  no known conversion for argument 1 from â€˜[01m[Kstd::string[m[Kâ€™ {aka â€˜[01m[Kstd::__cxx11::basic_string<char>[m[Kâ€™} to â€˜[01m[Kbool[m[Kâ€™
[2.623s] In file included from [01m[K/opt/ros/foxy/include/libstatistics_collector/moving_average_statistics/moving_average.hpp:30[m[K,
[2.624s]                  from [01m[K/opt/ros/foxy/include/libstatistics_collector/collector/collector.hpp:22[m[K,
[2.624s]                  from [01m[K/opt/ros/foxy/include/libstatistics_collector/topic_statistics_collector/topic_statistics_collector.hpp:24[m[K,
[2.624s]                  from [01m[K/opt/ros/foxy/include/libstatistics_collector/topic_statistics_collector/received_message_age.hpp:26[m[K,
[2.624s]                  from [01m[K/opt/ros/foxy/include/rclcpp/topic_statistics/subscription_topic_statistics.hpp:26[m[K,
[2.624s]                  from [01m[K/opt/ros/foxy/include/rclcpp/subscription.hpp:50[m[K,
[2.624s]                  from [01m[K/opt/ros/foxy/include/rclcpp/any_executable.hpp:25[m[K,
[2.625s]                  from [01m[K/opt/ros/foxy/include/rclcpp/memory_strategy.hpp:24[m[K,
[2.625s]                  from [01m[K/opt/ros/foxy/include/rclcpp/memory_strategies.hpp:18[m[K,
[2.625s]                  from [01m[K/opt/ros/foxy/include/rclcpp/executor_options.hpp:20[m[K,
[2.625s]                  from [01m[K/opt/ros/foxy/include/rclcpp/executor.hpp:33[m[K,
[2.625s]                  from [01m[K/opt/ros/foxy/include/rclcpp/executors/multi_threaded_executor.hpp:26[m[K,
[2.625s]                  from [01m[K/opt/ros/foxy/include/rclcpp/executors.hpp:21[m[K,
[2.626s]                  from [01m[K/opt/ros/foxy/include/rclcpp/rclcpp.hpp:146[m[K,
[2.626s]                  from [01m[K/opt/ros/foxy/include/message_filters/subscriber.h:38[m[K,
[2.626s]                  from [01m[K/home/cl4y3r/VDS/chassis_controller/include/chassis_controller/chassis_controller.hpp:11[m[K,
[2.627s]                  from [01m[K/home/cl4y3r/VDS/chassis_controller/src/chassis_controller.cpp:1[m[K:
[2.627s] [01m[K/opt/ros/foxy/include/rcpputils/thread_safety_annotations.hpp:48:27:[m[K [01;36m[Knote: [m[Kcandidate: â€˜[01m[Kconst std::mutex& operator!(const std::mutex&)[m[Kâ€™
[2.627s]    48 | inline const std::mutex & [01;36m[Koperator[m[K!(const std::mutex & a)
[2.627s]       |                           [01;36m[K^~~~~~~~[m[K
[2.627s] [01m[K/opt/ros/foxy/include/rcpputils/thread_safety_annotations.hpp:48:56:[m[K [01;36m[Knote: [m[K  no known conversion for argument 1 from â€˜[01m[Kstd::string[m[Kâ€™ {aka â€˜[01m[Kstd::__cxx11::basic_string<char>[m[Kâ€™} to â€˜[01m[Kconst std::mutex&[m[Kâ€™
[2.628s]    48 | inline const std::mutex & operator!([01;36m[Kconst std::mutex & a[m[K)
[2.628s]       |                                     [01;36m[K~~~~~~~~~~~~~~~~~~~^[m[K
[2.628s] [01m[K/home/cl4y3r/VDS/chassis_controller/src/chassis_controller.cpp:97:1:[m[K [01;35m[Kwarning: [m[Kno return statement in function returning non-void [[01;35m[K-Wreturn-type[m[K]
[2.629s]    97 | [01;35m[K}[m[K
[2.629s]       | [01;35m[K^[m[K
[2.629s] [01m[K/home/cl4y3r/VDS/chassis_controller/src/chassis_controller.cpp:[m[K In member function â€˜[01m[Kdouble ChassisController::longitudinal_controller(double, double)[m[Kâ€™:
[2.629s] [01m[K/home/cl4y3r/VDS/chassis_controller/src/chassis_controller.cpp:99:58:[m[K [01;35m[Kwarning: [m[Kunused parameter â€˜[01m[Kvelocity_x[m[Kâ€™ [[01;35m[K-Wunused-parameter[m[K]
[2.629s]    99 | double ChassisController::longitudinal_controller([01;35m[Kdouble velocity_x[m[K, double acc_x){
[2.630s]       |                                                   [01;35m[K~~~~~~~^~~~~~~~~~[m[K
[2.630s] [01m[K/home/cl4y3r/VDS/chassis_controller/src/chassis_controller.cpp:99:77:[m[K [01;35m[Kwarning: [m[Kunused parameter â€˜[01m[Kacc_x[m[Kâ€™ [[01;35m[K-Wunused-parameter[m[K]
[2.630s]    99 | ontroller::longitudinal_controller(double velocity_x, [01;35m[Kdouble acc_x[m[K){
[2.630s]       |                                                       [01;35m[K~~~~~~~^~~~~[m[K
[2.630s] 
[2.630s] [01m[K/home/cl4y3r/VDS/chassis_controller/src/chassis_controller.cpp:[m[K In member function â€˜[01m[Kdouble ChassisController::lateral_controller(double, double, double, double, double)[m[Kâ€™:
[2.631s] [01m[K/home/cl4y3r/VDS/chassis_controller/src/chassis_controller.cpp:103:53:[m[K [01;35m[Kwarning: [m[Kunused parameter â€˜[01m[Kyaw[m[Kâ€™ [[01;35m[K-Wunused-parameter[m[K]
[2.631s]   103 | double ChassisController::lateral_controller([01;35m[Kdouble yaw[m[K, double yaw_rate, double pos_x, double pos_y, double velocity_x){
[2.631s]       |                                              [01;35m[K~~~~~~~^~~[m[K
[2.631s] [01m[K/home/cl4y3r/VDS/chassis_controller/src/chassis_controller.cpp:103:65:[m[K [01;35m[Kwarning: [m[Kunused parameter â€˜[01m[Kyaw_rate[m[Kâ€™ [[01;35m[K-Wunused-parameter[m[K]
[2.631s]   103 | ble ChassisController::lateral_controller(double yaw, [01;35m[Kdouble yaw_rate[m[K, double pos_x, double pos_y, double velocity_x){
[2.631s]       |                                                       [01;35m[K~~~~~~~^~~~~~~~[m[K
[2.631s] 
[2.632s] [01m[K/home/cl4y3r/VDS/chassis_controller/src/chassis_controller.cpp:103:82:[m[K [01;35m[Kwarning: [m[Kunused parameter â€˜[01m[Kpos_x[m[Kâ€™ [[01;35m[K-Wunused-parameter[m[K]
[2.632s]   103 | ller::lateral_controller(double yaw, double yaw_rate, [01;35m[Kdouble pos_x[m[K, double pos_y, double velocity_x){
[2.632s]       |                                                       [01;35m[K~~~~~~~^~~~~[m[K
[2.632s] 
[2.633s] [01m[K/home/cl4y3r/VDS/chassis_controller/src/chassis_controller.cpp:103:96:[m[K [01;35m[Kwarning: [m[Kunused parameter â€˜[01m[Kpos_y[m[Kâ€™ [[01;35m[K-Wunused-parameter[m[K]
[2.633s]   103 | controller(double yaw, double yaw_rate, double pos_x, [01;35m[Kdouble pos_y[m[K, double velocity_x){
[2.633s]       |                                                       [01;35m[K~~~~~~~^~~~~[m[K
[2.633s] 
[2.633s] [01m[K/home/cl4y3r/VDS/chassis_controller/src/chassis_controller.cpp:103:110:[m[K [01;35m[Kwarning: [m[Kunused parameter â€˜[01m[Kvelocity_x[m[Kâ€™ [[01;35m[K-Wunused-parameter[m[K]
[2.633s]   103 | er(double yaw, double yaw_rate, double pos_x, double pos_y, [01;35m[Kdouble velocity_x[m[K){
[2.634s]       |                                                             [01;35m[K~~~~~~~^~~~~~~~~~[m[K
[2.634s] 
[8.257s] make[2]: *** [CMakeFiles/chassis_controller.dir/build.make:63: CMakeFiles/chassis_controller.dir/src/chassis_controller.cpp.o] Error 1
[8.257s] make[1]: *** [CMakeFiles/Makefile2:78: CMakeFiles/chassis_controller.dir/all] Error 2
[8.258s] make: *** [Makefile:141: all] Error 2
[8.260s] Invoked command in '/home/cl4y3r/VDS/build/chassis_controller' returned '2': CMAKE_PREFIX_PATH=${CMAKE_PREFIX_PATH}:/opt/ros/foxy /usr/bin/cmake --build /home/cl4y3r/VDS/build/chassis_controller -- -j8 -l8
