[0.016s] Invoking command in '/home/cl4y3r/VDS/build/autodriving': /usr/bin/cmake --build /home/cl4y3r/VDS/build/autodriving -- -j8 -l8
[0.064s] [35m[1mScanning dependencies of target main_msg[0m
[0.092s] [ 50%] [32mBuilding CXX object CMakeFiles/main_msg.dir/src/msg_subpub.cpp.o[0m
[2.061s] [01m[K/home/cl4y3r/VDS/autodriving/src/msg_subpub.cpp:[m[K In member function â€˜[01m[Kvoid msgSubPub::publisher_callback()[m[Kâ€™:
[2.061s] [01m[K/home/cl4y3r/VDS/autodriving/src/msg_subpub.cpp:143:43:[m[K [01;31m[Kerror: [m[Kâ€˜[01m[Kimu_msg[m[Kâ€™ is not a member of â€˜[01m[KmsgSubPub[m[Kâ€™
[2.062s]   143 |     control.acceleration_pct = msgSubPub::[01;31m[Kimu_msg[m[K->linear_acceleration.x;  //åŠ é€Ÿè¸æ¿
[2.062s]       |                                           [01;31m[K^~~~~~~[m[K
[8.009s] make[2]: *** [CMakeFiles/main_msg.dir/build.make:63: CMakeFiles/main_msg.dir/src/msg_subpub.cpp.o] Error 1
[8.010s] make[1]: *** [CMakeFiles/Makefile2:78: CMakeFiles/main_msg.dir/all] Error 2
[8.010s] make: *** [Makefile:141: all] Error 2
[8.012s] Invoked command in '/home/cl4y3r/VDS/build/autodriving' returned '2': /usr/bin/cmake --build /home/cl4y3r/VDS/build/autodriving -- -j8 -l8
